[2.217s] Invoking command in '/home/celestino/ros2_ws/build/my_py_pkg': PYTHONPATH=/home/celestino/ros2_ws/build/my_py_pkg/prefix_override:/home/celestino/ros2_ws/install/my_py_pkg/lib/python3.10/site-packages:${PYTHONPATH} /usr/bin/python3 -W ignore:setup.py install is deprecated setup.py develop --editable --build-directory /home/celestino/ros2_ws/build/my_py_pkg/build --no-deps symlink_data
[3.109s] running develop
[3.109s] /usr/lib/python3/dist-packages/setuptools/command/easy_install.py:158: EasyInstallDeprecationWarning: easy_install command is deprecated. Use build and pip and other standards-based tools.
[3.109s]   warnings.warn(
[3.563s] running egg_info
[3.564s] writing my_py_pkg.egg-info/PKG-INFO
[3.564s] writing dependency_links to my_py_pkg.egg-info/dependency_links.txt
[3.564s] writing entry points to my_py_pkg.egg-info/entry_points.txt
[3.565s] writing requirements to my_py_pkg.egg-info/requires.txt
[3.565s] writing top-level names to my_py_pkg.egg-info/top_level.txt
[3.568s] reading manifest file 'my_py_pkg.egg-info/SOURCES.txt'
[3.569s] writing manifest file 'my_py_pkg.egg-info/SOURCES.txt'
[3.578s] running build_ext
[3.578s] Creating /home/celestino/ros2_ws/install/my_py_pkg/lib/python3.10/site-packages/my-py-pkg.egg-link (link to .)
[3.580s] Installing py_node script to /home/celestino/ros2_ws/install/my_py_pkg/lib/my_py_pkg
[3.581s] Installing robot_news_station script to /home/celestino/ros2_ws/install/my_py_pkg/lib/my_py_pkg
[3.581s] Installing smartphone script to /home/celestino/ros2_ws/install/my_py_pkg/lib/my_py_pkg
[3.582s] 
[3.582s] Installed /home/celestino/ros2_ws/build/my_py_pkg
[3.582s] running symlink_data
[3.630s] Invoked command in '/home/celestino/ros2_ws/build/my_py_pkg' returned '0': PYTHONPATH=/home/celestino/ros2_ws/build/my_py_pkg/prefix_override:/home/celestino/ros2_ws/install/my_py_pkg/lib/python3.10/site-packages:${PYTHONPATH} /usr/bin/python3 -W ignore:setup.py install is deprecated setup.py develop --editable --build-directory /home/celestino/ros2_ws/build/my_py_pkg/build --no-deps symlink_data
