[3.381s] Invoking command in '/home/celestino/ros2_ws/src/my_py_pkg': PYTHONPATH=/home/celestino/ros2_ws/build/my_py_pkg/prefix_override:/home/celestino/ros2_ws/install/my_py_pkg/lib/python3.10/site-packages:${PYTHONPATH} /usr/bin/python3 -W ignore:setup.py install is deprecated setup.py egg_info --egg-base ../../build/my_py_pkg build --build-base /home/celestino/ros2_ws/build/my_py_pkg/build install --record /home/celestino/ros2_ws/build/my_py_pkg/install.log --single-version-externally-managed install_data
[4.492s] running egg_info
[4.493s] creating ../../build/my_py_pkg/my_py_pkg.egg-info
[4.494s] writing ../../build/my_py_pkg/my_py_pkg.egg-info/PKG-INFO
[4.495s] writing dependency_links to ../../build/my_py_pkg/my_py_pkg.egg-info/dependency_links.txt
[4.495s] writing entry points to ../../build/my_py_pkg/my_py_pkg.egg-info/entry_points.txt
[4.495s] writing requirements to ../../build/my_py_pkg/my_py_pkg.egg-info/requires.txt
[4.496s] writing top-level names to ../../build/my_py_pkg/my_py_pkg.egg-info/top_level.txt
[4.496s] writing manifest file '../../build/my_py_pkg/my_py_pkg.egg-info/SOURCES.txt'
[4.501s] reading manifest file '../../build/my_py_pkg/my_py_pkg.egg-info/SOURCES.txt'
[4.502s] writing manifest file '../../build/my_py_pkg/my_py_pkg.egg-info/SOURCES.txt'
[4.502s] running build
[4.503s] running build_py
[4.503s] creating /home/celestino/ros2_ws/build/my_py_pkg/build
[4.503s] creating /home/celestino/ros2_ws/build/my_py_pkg/build/lib
[4.503s] creating /home/celestino/ros2_ws/build/my_py_pkg/build/lib/my_py_pkg
[4.503s] copying my_py_pkg/__init__.py -> /home/celestino/ros2_ws/build/my_py_pkg/build/lib/my_py_pkg
[4.504s] running install
[4.504s] running install_lib
[4.505s] creating /home/celestino/ros2_ws/install/my_py_pkg/lib/python3.10/site-packages/my_py_pkg
[4.505s] copying /home/celestino/ros2_ws/build/my_py_pkg/build/lib/my_py_pkg/__init__.py -> /home/celestino/ros2_ws/install/my_py_pkg/lib/python3.10/site-packages/my_py_pkg
[4.509s] byte-compiling /home/celestino/ros2_ws/install/my_py_pkg/lib/python3.10/site-packages/my_py_pkg/__init__.py to __init__.cpython-310.pyc
[4.510s] running install_data
[4.510s] creating /home/celestino/ros2_ws/install/my_py_pkg/share/ament_index
[4.510s] creating /home/celestino/ros2_ws/install/my_py_pkg/share/ament_index/resource_index
[4.510s] creating /home/celestino/ros2_ws/install/my_py_pkg/share/ament_index/resource_index/packages
[4.511s] copying resource/my_py_pkg -> /home/celestino/ros2_ws/install/my_py_pkg/share/ament_index/resource_index/packages
[4.511s] copying package.xml -> /home/celestino/ros2_ws/install/my_py_pkg/share/my_py_pkg
[4.512s] running install_egg_info
[4.521s] Copying ../../build/my_py_pkg/my_py_pkg.egg-info to /home/celestino/ros2_ws/install/my_py_pkg/lib/python3.10/site-packages/my_py_pkg-0.0.0-py3.10.egg-info
[4.522s] running install_scripts
[4.604s] writing list of installed files to '/home/celestino/ros2_ws/build/my_py_pkg/install.log'
[4.659s] Invoked command in '/home/celestino/ros2_ws/src/my_py_pkg' returned '0': PYTHONPATH=/home/celestino/ros2_ws/build/my_py_pkg/prefix_override:/home/celestino/ros2_ws/install/my_py_pkg/lib/python3.10/site-packages:${PYTHONPATH} /usr/bin/python3 -W ignore:setup.py install is deprecated setup.py egg_info --egg-base ../../build/my_py_pkg build --build-base /home/celestino/ros2_ws/build/my_py_pkg/build install --record /home/celestino/ros2_ws/build/my_py_pkg/install.log --single-version-externally-managed install_data
