[1.634s] DEBUG:colcon:Command line arguments: ['/usr/bin/colcon', 'build', '--packages-select', 'my_py_pkg']
[1.635s] DEBUG:colcon:Parsed command line arguments: Namespace(log_base=None, log_level=None, verb_name='build', build_base='build', install_base='install', merge_install=False, symlink_install=False, test_result_base=None, continue_on_error=False, executor='parallel', parallel_workers=4, event_handlers=None, ignore_user_meta=False, metas=['./colcon.meta'], base_paths=['.'], packages_ignore=None, packages_ignore_regex=None, paths=None, packages_up_to=None, packages_up_to_regex=None, packages_above=None, packages_above_and_dependencies=None, packages_above_depth=None, packages_select_by_dep=None, packages_skip_by_dep=None, packages_skip_up_to=None, packages_select_build_failed=False, packages_skip_build_finished=False, packages_select_test_failures=False, packages_skip_test_passed=False, packages_select=['my_py_pkg'], packages_skip=None, packages_select_regex=None, packages_skip_regex=None, packages_start=None, packages_end=None, allow_overriding=[], cmake_args=None, cmake_target=None, cmake_target_skip_unavailable=False, cmake_clean_cache=False, cmake_clean_first=False, cmake_force_configure=False, ament_cmake_args=None, catkin_cmake_args=None, catkin_skip_building_tests=False, verb_parser=<colcon_defaults.argument_parser.defaults.DefaultArgumentsDecorator object at 0x721c1c0e6020>, verb_extension=<colcon_core.verb.build.BuildVerb object at 0x721c1c0e49a0>, main=<bound method BuildVerb.main of <colcon_core.verb.build.BuildVerb object at 0x721c1c0e49a0>>)
[3.416s] Level 1:colcon.colcon_core.package_discovery:discover_packages(colcon_meta) check parameters
[3.417s] Level 1:colcon.colcon_core.package_discovery:discover_packages(recursive) check parameters
[3.417s] Level 1:colcon.colcon_core.package_discovery:discover_packages(ignore) check parameters
[3.417s] Level 1:colcon.colcon_core.package_discovery:discover_packages(path) check parameters
[3.417s] Level 1:colcon.colcon_core.package_discovery:discover_packages(colcon_meta) discover
[3.417s] Level 1:colcon.colcon_core.package_discovery:discover_packages(recursive) discover
[3.418s] INFO:colcon.colcon_core.package_discovery:Crawling recursively for packages in '/home/celestino/ros2_ws'
[3.418s] Level 1:colcon.colcon_core.package_identification:_identify(.) by extensions ['ignore', 'ignore_ament_install']
[3.418s] Level 1:colcon.colcon_core.package_identification:_identify(.) by extension 'ignore'
[3.419s] Level 1:colcon.colcon_core.package_identification:_identify(.) by extension 'ignore_ament_install'
[3.419s] Level 1:colcon.colcon_core.package_identification:_identify(.) by extensions ['colcon_pkg']
[3.419s] Level 1:colcon.colcon_core.package_identification:_identify(.) by extension 'colcon_pkg'
[3.420s] Level 1:colcon.colcon_core.package_identification:_identify(.) by extensions ['colcon_meta']
[3.420s] Level 1:colcon.colcon_core.package_identification:_identify(.) by extension 'colcon_meta'
[3.420s] Level 1:colcon.colcon_core.package_identification:_identify(.) by extensions ['ros']
[3.420s] Level 1:colcon.colcon_core.package_identification:_identify(.) by extension 'ros'
[3.516s] Level 1:colcon.colcon_core.package_identification:_identify(.) by extensions ['cmake', 'python']
[3.516s] Level 1:colcon.colcon_core.package_identification:_identify(.) by extension 'cmake'
[3.516s] Level 1:colcon.colcon_core.package_identification:_identify(.) by extension 'python'
[3.517s] Level 1:colcon.colcon_core.package_identification:_identify(.) by extensions ['python_setup_py']
[3.517s] Level 1:colcon.colcon_core.package_identification:_identify(.) by extension 'python_setup_py'
[3.517s] Level 1:colcon.colcon_core.package_identification:_identify(build) by extensions ['ignore', 'ignore_ament_install']
[3.517s] Level 1:colcon.colcon_core.package_identification:_identify(build) by extension 'ignore'
[3.518s] Level 1:colcon.colcon_core.package_identification:_identify(build) ignored
[3.518s] Level 1:colcon.colcon_core.package_identification:_identify(install) by extensions ['ignore', 'ignore_ament_install']
[3.518s] Level 1:colcon.colcon_core.package_identification:_identify(install) by extension 'ignore'
[3.519s] Level 1:colcon.colcon_core.package_identification:_identify(install) ignored
[3.519s] Level 1:colcon.colcon_core.package_identification:_identify(log) by extensions ['ignore', 'ignore_ament_install']
[3.520s] Level 1:colcon.colcon_core.package_identification:_identify(log) by extension 'ignore'
[3.520s] Level 1:colcon.colcon_core.package_identification:_identify(log) ignored
[3.520s] Level 1:colcon.colcon_core.package_identification:_identify(src) by extensions ['ignore', 'ignore_ament_install']
[3.521s] Level 1:colcon.colcon_core.package_identification:_identify(src) by extension 'ignore'
[3.521s] Level 1:colcon.colcon_core.package_identification:_identify(src) by extension 'ignore_ament_install'
[3.521s] Level 1:colcon.colcon_core.package_identification:_identify(src) by extensions ['colcon_pkg']
[3.522s] Level 1:colcon.colcon_core.package_identification:_identify(src) by extension 'colcon_pkg'
[3.522s] Level 1:colcon.colcon_core.package_identification:_identify(src) by extensions ['colcon_meta']
[3.522s] Level 1:colcon.colcon_core.package_identification:_identify(src) by extension 'colcon_meta'
[3.522s] Level 1:colcon.colcon_core.package_identification:_identify(src) by extensions ['ros']
[3.523s] Level 1:colcon.colcon_core.package_identification:_identify(src) by extension 'ros'
[3.523s] Level 1:colcon.colcon_core.package_identification:_identify(src) by extensions ['cmake', 'python']
[3.523s] Level 1:colcon.colcon_core.package_identification:_identify(src) by extension 'cmake'
[3.523s] Level 1:colcon.colcon_core.package_identification:_identify(src) by extension 'python'
[3.523s] Level 1:colcon.colcon_core.package_identification:_identify(src) by extensions ['python_setup_py']
[3.523s] Level 1:colcon.colcon_core.package_identification:_identify(src) by extension 'python_setup_py'
[3.524s] Level 1:colcon.colcon_core.package_identification:_identify(src/my_py_pkg) by extensions ['ignore', 'ignore_ament_install']
[3.524s] Level 1:colcon.colcon_core.package_identification:_identify(src/my_py_pkg) by extension 'ignore'
[3.524s] Level 1:colcon.colcon_core.package_identification:_identify(src/my_py_pkg) by extension 'ignore_ament_install'
[3.525s] Level 1:colcon.colcon_core.package_identification:_identify(src/my_py_pkg) by extensions ['colcon_pkg']
[3.525s] Level 1:colcon.colcon_core.package_identification:_identify(src/my_py_pkg) by extension 'colcon_pkg'
[3.525s] Level 1:colcon.colcon_core.package_identification:_identify(src/my_py_pkg) by extensions ['colcon_meta']
[3.525s] Level 1:colcon.colcon_core.package_identification:_identify(src/my_py_pkg) by extension 'colcon_meta'
[3.525s] Level 1:colcon.colcon_core.package_identification:_identify(src/my_py_pkg) by extensions ['ros']
[3.526s] Level 1:colcon.colcon_core.package_identification:_identify(src/my_py_pkg) by extension 'ros'
[3.573s] DEBUG:colcon.colcon_core.package_identification:Package 'src/my_py_pkg' with type 'ros.ament_python' and name 'my_py_pkg'
[3.574s] Level 1:colcon.colcon_core.package_discovery:discover_packages(recursive) using defaults
[3.574s] Level 1:colcon.colcon_core.package_discovery:discover_packages(ignore) discover
[3.574s] Level 1:colcon.colcon_core.package_discovery:discover_packages(ignore) using defaults
[3.574s] Level 1:colcon.colcon_core.package_discovery:discover_packages(path) discover
[3.574s] Level 1:colcon.colcon_core.package_discovery:discover_packages(path) using defaults
[3.850s] Level 1:colcon.colcon_core.package_discovery:discover_packages(prefix_path) check parameters
[3.850s] Level 1:colcon.colcon_core.package_discovery:discover_packages(prefix_path) discover
[4.005s] DEBUG:colcon.colcon_installed_package_information.package_discovery:Found 345 installed packages in /home/celestino/ros2_humble/install
[4.018s] DEBUG:colcon.colcon_installed_package_information.package_discovery:Found 1 installed packages in /home/celestino/ros_ws/install
[4.020s] DEBUG:colcon.colcon_installed_package_information.package_discovery:Found 1 installed packages in /home/celestino/ros2_ws/install
[4.021s] Level 1:colcon.colcon_core.package_discovery:discover_packages(prefix_path) using defaults
[12.641s] Level 5:colcon.colcon_core.verb:set package 'my_py_pkg' build argument 'cmake_args' from command line to 'None'
[12.641s] Level 5:colcon.colcon_core.verb:set package 'my_py_pkg' build argument 'cmake_target' from command line to 'None'
[12.641s] Level 5:colcon.colcon_core.verb:set package 'my_py_pkg' build argument 'cmake_target_skip_unavailable' from command line to 'False'
[12.642s] Level 5:colcon.colcon_core.verb:set package 'my_py_pkg' build argument 'cmake_clean_cache' from command line to 'False'
[12.642s] Level 5:colcon.colcon_core.verb:set package 'my_py_pkg' build argument 'cmake_clean_first' from command line to 'False'
[12.642s] Level 5:colcon.colcon_core.verb:set package 'my_py_pkg' build argument 'cmake_force_configure' from command line to 'False'
[12.642s] Level 5:colcon.colcon_core.verb:set package 'my_py_pkg' build argument 'ament_cmake_args' from command line to 'None'
[12.642s] Level 5:colcon.colcon_core.verb:set package 'my_py_pkg' build argument 'catkin_cmake_args' from command line to 'None'
[12.642s] Level 5:colcon.colcon_core.verb:set package 'my_py_pkg' build argument 'catkin_skip_building_tests' from command line to 'False'
[12.642s] DEBUG:colcon.colcon_core.verb:Building package 'my_py_pkg' with the following arguments: {'ament_cmake_args': None, 'build_base': '/home/celestino/ros2_ws/build/my_py_pkg', 'catkin_cmake_args': None, 'catkin_skip_building_tests': False, 'cmake_args': None, 'cmake_clean_cache': False, 'cmake_clean_first': False, 'cmake_force_configure': False, 'cmake_target': None, 'cmake_target_skip_unavailable': False, 'install_base': '/home/celestino/ros2_ws/install/my_py_pkg', 'merge_install': False, 'path': '/home/celestino/ros2_ws/src/my_py_pkg', 'symlink_install': False, 'test_result_base': None}
[12.643s] INFO:colcon.colcon_core.executor:Executing jobs using 'parallel' executor
[12.647s] DEBUG:colcon.colcon_parallel_executor.executor.parallel:run_until_complete
[12.648s] INFO:colcon.colcon_ros.task.ament_python.build:Building ROS package in '/home/celestino/ros2_ws/src/my_py_pkg' with build type 'ament_python'
[12.649s] Level 1:colcon.colcon_core.shell:create_environment_hook('my_py_pkg', 'ament_prefix_path')
[12.733s] INFO:colcon.colcon_core.plugin_system:Skipping extension 'colcon_core.shell.bat': Not used on non-Windows systems
[12.734s] INFO:colcon.colcon_core.shell:Creating environment hook '/home/celestino/ros2_ws/install/my_py_pkg/share/my_py_pkg/hook/ament_prefix_path.ps1'
[12.748s] INFO:colcon.colcon_core.shell:Creating environment descriptor '/home/celestino/ros2_ws/install/my_py_pkg/share/my_py_pkg/hook/ament_prefix_path.dsv'
[12.771s] INFO:colcon.colcon_core.shell:Creating environment hook '/home/celestino/ros2_ws/install/my_py_pkg/share/my_py_pkg/hook/ament_prefix_path.sh'
[12.776s] INFO:colcon.colcon_core.shell:Skip shell extension 'powershell' for command environment: Not usable outside of PowerShell
[12.777s] DEBUG:colcon.colcon_core.shell:Skip shell extension 'dsv' for command environment
[15.640s] INFO:colcon.colcon_core.task.python.build:Building Python package in '/home/celestino/ros2_ws/src/my_py_pkg'
[15.641s] INFO:colcon.colcon_core.shell:Skip shell extension 'powershell' for command environment: Not usable outside of PowerShell
[15.642s] DEBUG:colcon.colcon_core.shell:Skip shell extension 'dsv' for command environment
[19.586s] DEBUG:colcon.colcon_core.event_handler.log_command:Invoking command in '/home/celestino/ros2_ws/src/my_py_pkg': PYTHONPATH=/home/celestino/ros2_ws/build/my_py_pkg/prefix_override:/home/celestino/ros2_ws/install/my_py_pkg/lib/python3.10/site-packages:${PYTHONPATH} /usr/bin/python3 -W ignore:setup.py install is deprecated setup.py egg_info --egg-base ../../build/my_py_pkg build --build-base /home/celestino/ros2_ws/build/my_py_pkg/build install --record /home/celestino/ros2_ws/build/my_py_pkg/install.log --single-version-externally-managed install_data
[22.708s] DEBUG:colcon.colcon_core.event_handler.log_command:Invoked command in '/home/celestino/ros2_ws/src/my_py_pkg' returned '0': PYTHONPATH=/home/celestino/ros2_ws/build/my_py_pkg/prefix_override:/home/celestino/ros2_ws/install/my_py_pkg/lib/python3.10/site-packages:${PYTHONPATH} /usr/bin/python3 -W ignore:setup.py install is deprecated setup.py egg_info --egg-base ../../build/my_py_pkg build --build-base /home/celestino/ros2_ws/build/my_py_pkg/build install --record /home/celestino/ros2_ws/build/my_py_pkg/install.log --single-version-externally-managed install_data
[22.843s] Level 1:colcon.colcon_core.environment:checking '/home/celestino/ros2_ws/install/my_py_pkg' for CMake module files
[22.845s] Level 1:colcon.colcon_core.environment:checking '/home/celestino/ros2_ws/install/my_py_pkg' for CMake config files
[22.849s] Level 1:colcon.colcon_core.environment:checking '/home/celestino/ros2_ws/install/my_py_pkg/lib'
[22.850s] Level 1:colcon.colcon_core.environment:checking '/home/celestino/ros2_ws/install/my_py_pkg/bin'
[22.851s] Level 1:colcon.colcon_core.environment:checking '/home/celestino/ros2_ws/install/my_py_pkg/lib/pkgconfig/my_py_pkg.pc'
[22.853s] Level 1:colcon.colcon_core.environment:checking '/home/celestino/ros2_ws/install/my_py_pkg/lib/python3.10/site-packages'
[22.853s] Level 1:colcon.colcon_core.shell:create_environment_hook('my_py_pkg', 'pythonpath')
[22.855s] INFO:colcon.colcon_core.shell:Creating environment hook '/home/celestino/ros2_ws/install/my_py_pkg/share/my_py_pkg/hook/pythonpath.ps1'
[22.857s] INFO:colcon.colcon_core.shell:Creating environment descriptor '/home/celestino/ros2_ws/install/my_py_pkg/share/my_py_pkg/hook/pythonpath.dsv'
[22.858s] INFO:colcon.colcon_core.shell:Creating environment hook '/home/celestino/ros2_ws/install/my_py_pkg/share/my_py_pkg/hook/pythonpath.sh'
[22.861s] Level 1:colcon.colcon_core.environment:checking '/home/celestino/ros2_ws/install/my_py_pkg/bin'
[22.861s] Level 1:colcon.colcon_core.environment:create_environment_scripts_only(my_py_pkg)
[22.863s] INFO:colcon.colcon_core.shell:Creating package script '/home/celestino/ros2_ws/install/my_py_pkg/share/my_py_pkg/package.ps1'
[22.867s] INFO:colcon.colcon_core.shell:Creating package descriptor '/home/celestino/ros2_ws/install/my_py_pkg/share/my_py_pkg/package.dsv'
[22.881s] INFO:colcon.colcon_core.shell:Creating package script '/home/celestino/ros2_ws/install/my_py_pkg/share/my_py_pkg/package.sh'
[22.885s] INFO:colcon.colcon_core.shell:Creating package script '/home/celestino/ros2_ws/install/my_py_pkg/share/my_py_pkg/package.bash'
[22.900s] INFO:colcon.colcon_core.shell:Creating package script '/home/celestino/ros2_ws/install/my_py_pkg/share/my_py_pkg/package.zsh'
[22.903s] Level 1:colcon.colcon_core.environment:create_file_with_runtime_dependencies(/home/celestino/ros2_ws/install/my_py_pkg/share/colcon-core/packages/my_py_pkg)
[22.905s] DEBUG:colcon.colcon_parallel_executor.executor.parallel:closing loop
[22.907s] DEBUG:colcon.colcon_parallel_executor.executor.parallel:loop closed
[22.907s] DEBUG:colcon.colcon_parallel_executor.executor.parallel:run_until_complete finished with '0'
[22.908s] DEBUG:colcon.colcon_core.event_reactor:joining thread
[22.993s] INFO:colcon.colcon_core.plugin_system:Skipping extension 'colcon_notification.desktop_notification.terminal_notifier': Not used on non-Darwin systems
[22.993s] INFO:colcon.colcon_core.plugin_system:Skipping extension 'colcon_notification.desktop_notification.win32': Not used on non-Windows systems
[22.993s] INFO:colcon.colcon_notification.desktop_notification:Sending desktop notification using 'notify2'
[23.033s] DEBUG:colcon.colcon_core.event_reactor:joined thread
[23.034s] INFO:colcon.colcon_core.shell:Creating prefix script '/home/celestino/ros2_ws/install/local_setup.ps1'
[23.039s] INFO:colcon.colcon_core.shell:Creating prefix util module '/home/celestino/ros2_ws/install/_local_setup_util_ps1.py'
[23.045s] INFO:colcon.colcon_core.shell:Creating prefix chain script '/home/celestino/ros2_ws/install/setup.ps1'
[23.108s] INFO:colcon.colcon_core.shell:Creating prefix script '/home/celestino/ros2_ws/install/local_setup.sh'
[23.111s] INFO:colcon.colcon_core.shell:Creating prefix util module '/home/celestino/ros2_ws/install/_local_setup_util_sh.py'
[23.114s] INFO:colcon.colcon_core.shell:Creating prefix chain script '/home/celestino/ros2_ws/install/setup.sh'
[23.176s] INFO:colcon.colcon_core.shell:Creating prefix script '/home/celestino/ros2_ws/install/local_setup.bash'
[23.186s] INFO:colcon.colcon_core.shell:Creating prefix chain script '/home/celestino/ros2_ws/install/setup.bash'
[23.248s] INFO:colcon.colcon_core.shell:Creating prefix script '/home/celestino/ros2_ws/install/local_setup.zsh'
[23.251s] INFO:colcon.colcon_core.shell:Creating prefix chain script '/home/celestino/ros2_ws/install/setup.zsh'
