[2.206s] Invoking command in '/home/celestino/ros2_ws/build/my_py_pkg': PYTHONPATH=/home/celestino/ros2_ws/build/my_py_pkg/prefix_override:/home/celestino/ros2_ws/install/my_py_pkg/lib/python3.10/site-packages:${PYTHONPATH} /usr/bin/python3 -W ignore:setup.py install is deprecated setup.py develop --editable --build-directory /home/celestino/ros2_ws/build/my_py_pkg/build --no-deps symlink_data
[3.148s] running develop
[3.149s] /usr/lib/python3/dist-packages/setuptools/command/easy_install.py:158: EasyInstallDeprecationWarning: easy_install command is deprecated. Use build and pip and other standards-based tools.
[3.149s]   warnings.warn(
[3.596s] running egg_info
[3.597s] writing my_py_pkg.egg-info/PKG-INFO
[3.597s] writing dependency_links to my_py_pkg.egg-info/dependency_links.txt
[3.598s] writing entry points to my_py_pkg.egg-info/entry_points.txt
[3.598s] writing requirements to my_py_pkg.egg-info/requires.txt
[3.598s] writing top-level names to my_py_pkg.egg-info/top_level.txt
[3.601s] reading manifest file 'my_py_pkg.egg-info/SOURCES.txt'
[3.602s] writing manifest file 'my_py_pkg.egg-info/SOURCES.txt'
[3.610s] running build_ext
[3.611s] Creating /home/celestino/ros2_ws/install/my_py_pkg/lib/python3.10/site-packages/my-py-pkg.egg-link (link to .)
[3.612s] Installing py_node script to /home/celestino/ros2_ws/install/my_py_pkg/lib/my_py_pkg
[3.613s] Installing robot_news_station script to /home/celestino/ros2_ws/install/my_py_pkg/lib/my_py_pkg
[3.613s] 
[3.613s] Installed /home/celestino/ros2_ws/build/my_py_pkg
[3.614s] running symlink_data
[3.666s] Invoked command in '/home/celestino/ros2_ws/build/my_py_pkg' returned '0': PYTHONPATH=/home/celestino/ros2_ws/build/my_py_pkg/prefix_override:/home/celestino/ros2_ws/install/my_py_pkg/lib/python3.10/site-packages:${PYTHONPATH} /usr/bin/python3 -W ignore:setup.py install is deprecated setup.py develop --editable --build-directory /home/celestino/ros2_ws/build/my_py_pkg/build --no-deps symlink_data
