[2.331s] Invoking command in '/home/celestino/ros2_ws/src/my_py_pkg': PYTHONPATH=/home/celestino/ros2_ws/build/my_py_pkg/prefix_override:/home/celestino/ros2_ws/install/my_py_pkg/lib/python3.10/site-packages:${PYTHONPATH} /usr/bin/python3 -W ignore:setup.py install is deprecated setup.py egg_info --egg-base ../../build/my_py_pkg build --build-base /home/celestino/ros2_ws/build/my_py_pkg/build install --record /home/celestino/ros2_ws/build/my_py_pkg/install.log --single-version-externally-managed install_data
[3.391s] running egg_info
[3.393s] writing ../../build/my_py_pkg/my_py_pkg.egg-info/PKG-INFO
[3.394s] writing dependency_links to ../../build/my_py_pkg/my_py_pkg.egg-info/dependency_links.txt
[3.395s] writing entry points to ../../build/my_py_pkg/my_py_pkg.egg-info/entry_points.txt
[3.395s] writing requirements to ../../build/my_py_pkg/my_py_pkg.egg-info/requires.txt
[3.395s] writing top-level names to ../../build/my_py_pkg/my_py_pkg.egg-info/top_level.txt
[3.401s] reading manifest file '../../build/my_py_pkg/my_py_pkg.egg-info/SOURCES.txt'
[3.403s] writing manifest file '../../build/my_py_pkg/my_py_pkg.egg-info/SOURCES.txt'
[3.403s] running build
[3.403s] running build_py
[3.405s] copying my_py_pkg/sub_1.py -> /home/celestino/ros2_ws/build/my_py_pkg/build/lib/my_py_pkg
[3.407s] running install
[3.407s] running install_lib
[3.411s] copying /home/celestino/ros2_ws/build/my_py_pkg/build/lib/my_py_pkg/sub_1.py -> /home/celestino/ros2_ws/install/my_py_pkg/lib/python3.10/site-packages/my_py_pkg
[3.418s] byte-compiling /home/celestino/ros2_ws/install/my_py_pkg/lib/python3.10/site-packages/my_py_pkg/sub_1.py to sub_1.cpython-310.pyc
[3.420s] running install_data
[3.421s] running install_egg_info
[3.429s] removing '/home/celestino/ros2_ws/install/my_py_pkg/lib/python3.10/site-packages/my_py_pkg-0.0.0-py3.10.egg-info' (and everything under it)
[3.430s] Copying ../../build/my_py_pkg/my_py_pkg.egg-info to /home/celestino/ros2_ws/install/my_py_pkg/lib/python3.10/site-packages/my_py_pkg-0.0.0-py3.10.egg-info
[3.431s] running install_scripts
[3.507s] Installing add_two_ints_client script to /home/celestino/ros2_ws/install/my_py_pkg/lib/my_py_pkg
[3.507s] Installing add_two_ints_client_no_oop script to /home/celestino/ros2_ws/install/my_py_pkg/lib/my_py_pkg
[3.508s] Installing add_two_ints_server script to /home/celestino/ros2_ws/install/my_py_pkg/lib/my_py_pkg
[3.508s] Installing batgirl script to /home/celestino/ros2_ws/install/my_py_pkg/lib/my_py_pkg
[3.508s] Installing batman script to /home/celestino/ros2_ws/install/my_py_pkg/lib/my_py_pkg
[3.509s] Installing batman_client script to /home/celestino/ros2_ws/install/my_py_pkg/lib/my_py_pkg
[3.509s] Installing batman_server script to /home/celestino/ros2_ws/install/my_py_pkg/lib/my_py_pkg
[3.509s] Installing car script to /home/celestino/ros2_ws/install/my_py_pkg/lib/my_py_pkg
[3.510s] Installing facebook_client script to /home/celestino/ros2_ws/install/my_py_pkg/lib/my_py_pkg
[3.510s] Installing facebook_server script to /home/celestino/ros2_ws/install/my_py_pkg/lib/my_py_pkg
[3.511s] Installing google_client script to /home/celestino/ros2_ws/install/my_py_pkg/lib/my_py_pkg
[3.511s] Installing google_server script to /home/celestino/ros2_ws/install/my_py_pkg/lib/my_py_pkg
[3.512s] Installing mexico_client script to /home/celestino/ros2_ws/install/my_py_pkg/lib/my_py_pkg
[3.512s] Installing mexico_server script to /home/celestino/ros2_ws/install/my_py_pkg/lib/my_py_pkg
[3.512s] Installing microsoft_client script to /home/celestino/ros2_ws/install/my_py_pkg/lib/my_py_pkg
[3.513s] Installing microsoft_server script to /home/celestino/ros2_ws/install/my_py_pkg/lib/my_py_pkg
[3.513s] Installing netflix_client script to /home/celestino/ros2_ws/install/my_py_pkg/lib/my_py_pkg
[3.513s] Installing netflix_server script to /home/celestino/ros2_ws/install/my_py_pkg/lib/my_py_pkg
[3.514s] Installing night_wing script to /home/celestino/ros2_ws/install/my_py_pkg/lib/my_py_pkg
[3.514s] Installing number_counter script to /home/celestino/ros2_ws/install/my_py_pkg/lib/my_py_pkg
[3.514s] Installing number_publisher script to /home/celestino/ros2_ws/install/my_py_pkg/lib/my_py_pkg
[3.515s] Installing nyu_client script to /home/celestino/ros2_ws/install/my_py_pkg/lib/my_py_pkg
[3.515s] Installing nyu_server script to /home/celestino/ros2_ws/install/my_py_pkg/lib/my_py_pkg
[3.515s] Installing pub_1 script to /home/celestino/ros2_ws/install/my_py_pkg/lib/my_py_pkg
[3.516s] Installing publisher_1 script to /home/celestino/ros2_ws/install/my_py_pkg/lib/my_py_pkg
[3.516s] Installing publisher_2 script to /home/celestino/ros2_ws/install/my_py_pkg/lib/my_py_pkg
[3.516s] Installing py_node script to /home/celestino/ros2_ws/install/my_py_pkg/lib/my_py_pkg
[3.517s] Installing radio_station script to /home/celestino/ros2_ws/install/my_py_pkg/lib/my_py_pkg
[3.517s] Installing robin script to /home/celestino/ros2_ws/install/my_py_pkg/lib/my_py_pkg
[3.517s] Installing robot_news_station script to /home/celestino/ros2_ws/install/my_py_pkg/lib/my_py_pkg
[3.517s] Installing satelite script to /home/celestino/ros2_ws/install/my_py_pkg/lib/my_py_pkg
[3.518s] Installing smartphone script to /home/celestino/ros2_ws/install/my_py_pkg/lib/my_py_pkg
[3.518s] Installing sub_1 script to /home/celestino/ros2_ws/install/my_py_pkg/lib/my_py_pkg
[3.518s] Installing subscriber_1 script to /home/celestino/ros2_ws/install/my_py_pkg/lib/my_py_pkg
[3.518s] Installing texas_client script to /home/celestino/ros2_ws/install/my_py_pkg/lib/my_py_pkg
[3.519s] Installing texas_server script to /home/celestino/ros2_ws/install/my_py_pkg/lib/my_py_pkg
[3.519s] Installing web_server script to /home/celestino/ros2_ws/install/my_py_pkg/lib/my_py_pkg
[3.522s] writing list of installed files to '/home/celestino/ros2_ws/build/my_py_pkg/install.log'
[3.568s] Invoked command in '/home/celestino/ros2_ws/src/my_py_pkg' returned '0': PYTHONPATH=/home/celestino/ros2_ws/build/my_py_pkg/prefix_override:/home/celestino/ros2_ws/install/my_py_pkg/lib/python3.10/site-packages:${PYTHONPATH} /usr/bin/python3 -W ignore:setup.py install is deprecated setup.py egg_info --egg-base ../../build/my_py_pkg build --build-base /home/celestino/ros2_ws/build/my_py_pkg/build install --record /home/celestino/ros2_ws/build/my_py_pkg/install.log --single-version-externally-managed install_data
