[2.188s] Invoking command in '/home/celestino/ros2_ws/src/my_py_pkg': PYTHONPATH=/home/celestino/ros2_ws/build/my_py_pkg/prefix_override:/home/celestino/ros2_ws/install/my_py_pkg/lib/python3.10/site-packages:${PYTHONPATH} /usr/bin/python3 -W ignore:setup.py install is deprecated setup.py egg_info --egg-base ../../build/my_py_pkg build --build-base /home/celestino/ros2_ws/build/my_py_pkg/build install --record /home/celestino/ros2_ws/build/my_py_pkg/install.log --single-version-externally-managed install_data
[3.020s] running egg_info
[3.022s] writing ../../build/my_py_pkg/my_py_pkg.egg-info/PKG-INFO
[3.022s] writing dependency_links to ../../build/my_py_pkg/my_py_pkg.egg-info/dependency_links.txt
[3.023s] writing entry points to ../../build/my_py_pkg/my_py_pkg.egg-info/entry_points.txt
[3.023s] writing requirements to ../../build/my_py_pkg/my_py_pkg.egg-info/requires.txt
[3.023s] writing top-level names to ../../build/my_py_pkg/my_py_pkg.egg-info/top_level.txt
[3.028s] reading manifest file '../../build/my_py_pkg/my_py_pkg.egg-info/SOURCES.txt'
[3.030s] writing manifest file '../../build/my_py_pkg/my_py_pkg.egg-info/SOURCES.txt'
[3.030s] running build
[3.031s] running build_py
[3.031s] copying my_py_pkg/radio_station.py -> /home/celestino/ros2_ws/build/my_py_pkg/build/lib/my_py_pkg
[3.032s] copying my_py_pkg/car.py -> /home/celestino/ros2_ws/build/my_py_pkg/build/lib/my_py_pkg
[3.032s] running install
[3.033s] running install_lib
[3.035s] copying /home/celestino/ros2_ws/build/my_py_pkg/build/lib/my_py_pkg/radio_station.py -> /home/celestino/ros2_ws/install/my_py_pkg/lib/python3.10/site-packages/my_py_pkg
[3.035s] copying /home/celestino/ros2_ws/build/my_py_pkg/build/lib/my_py_pkg/car.py -> /home/celestino/ros2_ws/install/my_py_pkg/lib/python3.10/site-packages/my_py_pkg
[3.040s] byte-compiling /home/celestino/ros2_ws/install/my_py_pkg/lib/python3.10/site-packages/my_py_pkg/radio_station.py to radio_station.cpython-310.pyc
[3.041s] byte-compiling /home/celestino/ros2_ws/install/my_py_pkg/lib/python3.10/site-packages/my_py_pkg/car.py to car.cpython-310.pyc
[3.042s] running install_data
[3.042s] running install_egg_info
[3.048s] removing '/home/celestino/ros2_ws/install/my_py_pkg/lib/python3.10/site-packages/my_py_pkg-0.0.0-py3.10.egg-info' (and everything under it)
[3.049s] Copying ../../build/my_py_pkg/my_py_pkg.egg-info to /home/celestino/ros2_ws/install/my_py_pkg/lib/python3.10/site-packages/my_py_pkg-0.0.0-py3.10.egg-info
[3.051s] running install_scripts
[3.121s] Installing batman script to /home/celestino/ros2_ws/install/my_py_pkg/lib/my_py_pkg
[3.121s] Installing car script to /home/celestino/ros2_ws/install/my_py_pkg/lib/my_py_pkg
[3.122s] Installing number_counter script to /home/celestino/ros2_ws/install/my_py_pkg/lib/my_py_pkg
[3.122s] Installing number_publisher script to /home/celestino/ros2_ws/install/my_py_pkg/lib/my_py_pkg
[3.122s] Installing py_node script to /home/celestino/ros2_ws/install/my_py_pkg/lib/my_py_pkg
[3.123s] Installing radio_station script to /home/celestino/ros2_ws/install/my_py_pkg/lib/my_py_pkg
[3.123s] Installing robin script to /home/celestino/ros2_ws/install/my_py_pkg/lib/my_py_pkg
[3.123s] Installing robot_news_station script to /home/celestino/ros2_ws/install/my_py_pkg/lib/my_py_pkg
[3.124s] Installing smartphone script to /home/celestino/ros2_ws/install/my_py_pkg/lib/my_py_pkg
[3.125s] writing list of installed files to '/home/celestino/ros2_ws/build/my_py_pkg/install.log'
[3.168s] Invoked command in '/home/celestino/ros2_ws/src/my_py_pkg' returned '0': PYTHONPATH=/home/celestino/ros2_ws/build/my_py_pkg/prefix_override:/home/celestino/ros2_ws/install/my_py_pkg/lib/python3.10/site-packages:${PYTHONPATH} /usr/bin/python3 -W ignore:setup.py install is deprecated setup.py egg_info --egg-base ../../build/my_py_pkg build --build-base /home/celestino/ros2_ws/build/my_py_pkg/build install --record /home/celestino/ros2_ws/build/my_py_pkg/install.log --single-version-externally-managed install_data
