[2.112s] Invoking command in '/home/celestino/ros2_ws/src/my_py_pkg': PYTHONPATH=/home/celestino/ros2_ws/build/my_py_pkg/prefix_override:/home/celestino/ros2_ws/install/my_py_pkg/lib/python3.10/site-packages:${PYTHONPATH} /usr/bin/python3 -W ignore:setup.py install is deprecated setup.py egg_info --egg-base ../../build/my_py_pkg build --build-base /home/celestino/ros2_ws/build/my_py_pkg/build install --record /home/celestino/ros2_ws/build/my_py_pkg/install.log --single-version-externally-managed install_data
[2.935s] running egg_info
[2.937s] writing ../../build/my_py_pkg/my_py_pkg.egg-info/PKG-INFO
[2.937s] writing dependency_links to ../../build/my_py_pkg/my_py_pkg.egg-info/dependency_links.txt
[2.938s] writing entry points to ../../build/my_py_pkg/my_py_pkg.egg-info/entry_points.txt
[2.938s] writing requirements to ../../build/my_py_pkg/my_py_pkg.egg-info/requires.txt
[2.938s] writing top-level names to ../../build/my_py_pkg/my_py_pkg.egg-info/top_level.txt
[2.942s] reading manifest file '../../build/my_py_pkg/my_py_pkg.egg-info/SOURCES.txt'
[2.944s] writing manifest file '../../build/my_py_pkg/my_py_pkg.egg-info/SOURCES.txt'
[2.944s] running build
[2.944s] running build_py
[2.944s] copying my_py_pkg/my_first_node.py -> /home/celestino/ros2_ws/build/my_py_pkg/build/lib/my_py_pkg
[2.944s] running install
[2.945s] running install_lib
[2.946s] copying /home/celestino/ros2_ws/build/my_py_pkg/build/lib/my_py_pkg/my_first_node.py -> /home/celestino/ros2_ws/install/my_py_pkg/lib/python3.10/site-packages/my_py_pkg
[2.951s] byte-compiling /home/celestino/ros2_ws/install/my_py_pkg/lib/python3.10/site-packages/my_py_pkg/my_first_node.py to my_first_node.cpython-310.pyc
[2.951s] running install_data
[2.952s] running install_egg_info
[2.958s] removing '/home/celestino/ros2_ws/install/my_py_pkg/lib/python3.10/site-packages/my_py_pkg-0.0.0-py3.10.egg-info' (and everything under it)
[2.959s] Copying ../../build/my_py_pkg/my_py_pkg.egg-info to /home/celestino/ros2_ws/install/my_py_pkg/lib/python3.10/site-packages/my_py_pkg-0.0.0-py3.10.egg-info
[2.961s] running install_scripts
[3.032s] Installing py_node script to /home/celestino/ros2_ws/install/my_py_pkg/lib/my_py_pkg
[3.032s] writing list of installed files to '/home/celestino/ros2_ws/build/my_py_pkg/install.log'
[3.075s] Invoked command in '/home/celestino/ros2_ws/src/my_py_pkg' returned '0': PYTHONPATH=/home/celestino/ros2_ws/build/my_py_pkg/prefix_override:/home/celestino/ros2_ws/install/my_py_pkg/lib/python3.10/site-packages:${PYTHONPATH} /usr/bin/python3 -W ignore:setup.py install is deprecated setup.py egg_info --egg-base ../../build/my_py_pkg build --build-base /home/celestino/ros2_ws/build/my_py_pkg/build install --record /home/celestino/ros2_ws/build/my_py_pkg/install.log --single-version-externally-managed install_data
