[0.767s] DEBUG:colcon:Command line arguments: ['/usr/bin/colcon', 'build']
[0.767s] DEBUG:colcon:Parsed command line arguments: Namespace(log_base=None, log_level=None, verb_name='build', build_base='build', install_base='install', merge_install=False, symlink_install=False, test_result_base=None, continue_on_error=False, executor='parallel', parallel_workers=4, event_handlers=None, ignore_user_meta=False, metas=['./colcon.meta'], base_paths=['.'], packages_ignore=None, packages_ignore_regex=None, paths=None, packages_up_to=None, packages_up_to_regex=None, packages_above=None, packages_above_and_dependencies=None, packages_above_depth=None, packages_select_by_dep=None, packages_skip_by_dep=None, packages_skip_up_to=None, packages_select_build_failed=False, packages_skip_build_finished=False, packages_select_test_failures=False, packages_skip_test_passed=False, packages_select=None, packages_skip=None, packages_select_regex=None, packages_skip_regex=None, packages_start=None, packages_end=None, allow_overriding=[], cmake_args=None, cmake_target=None, cmake_target_skip_unavailable=False, cmake_clean_cache=False, cmake_clean_first=False, cmake_force_configure=False, ament_cmake_args=None, catkin_cmake_args=None, catkin_skip_building_tests=False, verb_parser=<colcon_defaults.argument_parser.defaults.DefaultArgumentsDecorator object at 0x787261f7e0e0>, verb_extension=<colcon_core.verb.build.BuildVerb object at 0x787261f7ca60>, main=<bound method BuildVerb.main of <colcon_core.verb.build.BuildVerb object at 0x787261f7ca60>>)
[1.493s] Level 1:colcon.colcon_core.package_discovery:discover_packages(colcon_meta) check parameters
[1.493s] Level 1:colcon.colcon_core.package_discovery:discover_packages(recursive) check parameters
[1.493s] Level 1:colcon.colcon_core.package_discovery:discover_packages(ignore) check parameters
[1.493s] Level 1:colcon.colcon_core.package_discovery:discover_packages(path) check parameters
[1.493s] Level 1:colcon.colcon_core.package_discovery:discover_packages(colcon_meta) discover
[1.494s] Level 1:colcon.colcon_core.package_discovery:discover_packages(recursive) discover
[1.494s] INFO:colcon.colcon_core.package_discovery:Crawling recursively for packages in '/home/celestino/ros2_ws'
[1.494s] Level 1:colcon.colcon_core.package_identification:_identify(.) by extensions ['ignore', 'ignore_ament_install']
[1.494s] Level 1:colcon.colcon_core.package_identification:_identify(.) by extension 'ignore'
[1.494s] Level 1:colcon.colcon_core.package_identification:_identify(.) by extension 'ignore_ament_install'
[1.494s] Level 1:colcon.colcon_core.package_identification:_identify(.) by extensions ['colcon_pkg']
[1.494s] Level 1:colcon.colcon_core.package_identification:_identify(.) by extension 'colcon_pkg'
[1.494s] Level 1:colcon.colcon_core.package_identification:_identify(.) by extensions ['colcon_meta']
[1.494s] Level 1:colcon.colcon_core.package_identification:_identify(.) by extension 'colcon_meta'
[1.494s] Level 1:colcon.colcon_core.package_identification:_identify(.) by extensions ['ros']
[1.494s] Level 1:colcon.colcon_core.package_identification:_identify(.) by extension 'ros'
[1.548s] Level 1:colcon.colcon_core.package_identification:_identify(.) by extensions ['cmake', 'python']
[1.548s] Level 1:colcon.colcon_core.package_identification:_identify(.) by extension 'cmake'
[1.549s] Level 1:colcon.colcon_core.package_identification:_identify(.) by extension 'python'
[1.549s] Level 1:colcon.colcon_core.package_identification:_identify(.) by extensions ['python_setup_py']
[1.549s] Level 1:colcon.colcon_core.package_identification:_identify(.) by extension 'python_setup_py'
[1.550s] Level 1:colcon.colcon_core.package_identification:_identify(build) by extensions ['ignore', 'ignore_ament_install']
[1.550s] Level 1:colcon.colcon_core.package_identification:_identify(build) by extension 'ignore'
[1.551s] Level 1:colcon.colcon_core.package_identification:_identify(build) ignored
[1.551s] Level 1:colcon.colcon_core.package_identification:_identify(install) by extensions ['ignore', 'ignore_ament_install']
[1.551s] Level 1:colcon.colcon_core.package_identification:_identify(install) by extension 'ignore'
[1.551s] Level 1:colcon.colcon_core.package_identification:_identify(install) ignored
[1.551s] Level 1:colcon.colcon_core.package_identification:_identify(log) by extensions ['ignore', 'ignore_ament_install']
[1.551s] Level 1:colcon.colcon_core.package_identification:_identify(log) by extension 'ignore'
[1.552s] Level 1:colcon.colcon_core.package_identification:_identify(log) ignored
[1.552s] Level 1:colcon.colcon_core.package_identification:_identify(src) by extensions ['ignore', 'ignore_ament_install']
[1.552s] Level 1:colcon.colcon_core.package_identification:_identify(src) by extension 'ignore'
[1.552s] Level 1:colcon.colcon_core.package_identification:_identify(src) by extension 'ignore_ament_install'
[1.552s] Level 1:colcon.colcon_core.package_identification:_identify(src) by extensions ['colcon_pkg']
[1.552s] Level 1:colcon.colcon_core.package_identification:_identify(src) by extension 'colcon_pkg'
[1.552s] Level 1:colcon.colcon_core.package_identification:_identify(src) by extensions ['colcon_meta']
[1.552s] Level 1:colcon.colcon_core.package_identification:_identify(src) by extension 'colcon_meta'
[1.552s] Level 1:colcon.colcon_core.package_identification:_identify(src) by extensions ['ros']
[1.552s] Level 1:colcon.colcon_core.package_identification:_identify(src) by extension 'ros'
[1.553s] Level 1:colcon.colcon_core.package_identification:_identify(src) by extensions ['cmake', 'python']
[1.553s] Level 1:colcon.colcon_core.package_identification:_identify(src) by extension 'cmake'
[1.553s] Level 1:colcon.colcon_core.package_identification:_identify(src) by extension 'python'
[1.553s] Level 1:colcon.colcon_core.package_identification:_identify(src) by extensions ['python_setup_py']
[1.553s] Level 1:colcon.colcon_core.package_identification:_identify(src) by extension 'python_setup_py'
[1.554s] Level 1:colcon.colcon_core.package_discovery:discover_packages(recursive) using defaults
[1.554s] Level 1:colcon.colcon_core.package_discovery:discover_packages(ignore) discover
[1.554s] Level 1:colcon.colcon_core.package_discovery:discover_packages(ignore) using defaults
[1.554s] Level 1:colcon.colcon_core.package_discovery:discover_packages(path) discover
[1.554s] Level 1:colcon.colcon_core.package_discovery:discover_packages(path) using defaults
[1.735s] Level 1:colcon.colcon_core.package_discovery:discover_packages(prefix_path) check parameters
[1.735s] Level 1:colcon.colcon_core.package_discovery:discover_packages(prefix_path) discover
[2.416s] DEBUG:colcon.colcon_installed_package_information.package_discovery:Found 345 installed packages in /home/celestino/ros2_humble/install
[2.423s] Level 1:colcon.colcon_core.package_discovery:discover_packages(prefix_path) using defaults
[9.841s] INFO:colcon.colcon_core.executor:Executing jobs using 'parallel' executor
[9.843s] DEBUG:colcon.colcon_parallel_executor.executor.parallel:run_until_complete
[9.843s] DEBUG:colcon.colcon_parallel_executor.executor.parallel:closing loop
[9.844s] DEBUG:colcon.colcon_parallel_executor.executor.parallel:loop closed
[9.844s] DEBUG:colcon.colcon_parallel_executor.executor.parallel:run_until_complete finished with '0'
[9.844s] DEBUG:colcon.colcon_core.event_reactor:joining thread
[9.960s] INFO:colcon.colcon_core.plugin_system:Skipping extension 'colcon_notification.desktop_notification.terminal_notifier': Not used on non-Darwin systems
[9.961s] INFO:colcon.colcon_core.plugin_system:Skipping extension 'colcon_notification.desktop_notification.win32': Not used on non-Windows systems
[9.961s] INFO:colcon.colcon_notification.desktop_notification:Sending desktop notification using 'notify2'
[10.007s] DEBUG:colcon.colcon_core.event_reactor:joined thread
[10.095s] INFO:colcon.colcon_core.plugin_system:Skipping extension 'colcon_core.shell.bat': Not used on non-Windows systems
[10.098s] INFO:colcon.colcon_core.shell:Creating prefix script '/home/celestino/ros2_ws/install/local_setup.ps1'
[10.123s] INFO:colcon.colcon_core.shell:Creating prefix util module '/home/celestino/ros2_ws/install/_local_setup_util_ps1.py'
[10.166s] INFO:colcon.colcon_core.shell:Creating prefix chain script '/home/celestino/ros2_ws/install/setup.ps1'
[10.283s] INFO:colcon.colcon_core.shell:Creating prefix script '/home/celestino/ros2_ws/install/local_setup.sh'
[10.356s] INFO:colcon.colcon_core.shell:Creating prefix util module '/home/celestino/ros2_ws/install/_local_setup_util_sh.py'
[10.358s] INFO:colcon.colcon_core.shell:Creating prefix chain script '/home/celestino/ros2_ws/install/setup.sh'
[10.440s] INFO:colcon.colcon_core.shell:Creating prefix script '/home/celestino/ros2_ws/install/local_setup.bash'
[10.445s] INFO:colcon.colcon_core.shell:Creating prefix chain script '/home/celestino/ros2_ws/install/setup.bash'
[10.517s] INFO:colcon.colcon_core.shell:Creating prefix script '/home/celestino/ros2_ws/install/local_setup.zsh'
[10.530s] INFO:colcon.colcon_core.shell:Creating prefix chain script '/home/celestino/ros2_ws/install/setup.zsh'
