[2.789s] Invoking command in '/home/celestino/ros2_ws/build/my_py_pkg': PYTHONPATH=/home/celestino/ros2_ws/build/my_py_pkg/prefix_override:/home/celestino/ros2_ws/install/my_py_pkg/lib/python3.10/site-packages:${PYTHONPATH} /usr/bin/python3 -W ignore:setup.py install is deprecated setup.py develop --editable --build-directory /home/celestino/ros2_ws/build/my_py_pkg/build --no-deps symlink_data
[4.015s] running develop
[4.016s] /usr/lib/python3/dist-packages/setuptools/command/easy_install.py:158: EasyInstallDeprecationWarning: easy_install command is deprecated. Use build and pip and other standards-based tools.
[4.016s]   warnings.warn(
[4.627s] running egg_info
[4.627s] writing my_py_pkg.egg-info/PKG-INFO
[4.628s] writing dependency_links to my_py_pkg.egg-info/dependency_links.txt
[4.629s] writing entry points to my_py_pkg.egg-info/entry_points.txt
[4.629s] writing requirements to my_py_pkg.egg-info/requires.txt
[4.630s] writing top-level names to my_py_pkg.egg-info/top_level.txt
[4.633s] reading manifest file 'my_py_pkg.egg-info/SOURCES.txt'
[4.634s] writing manifest file 'my_py_pkg.egg-info/SOURCES.txt'
[4.647s] running build_ext
[4.648s] Creating /home/celestino/ros2_ws/install/my_py_pkg/lib/python3.10/site-packages/my-py-pkg.egg-link (link to .)
[4.650s] Installing number_counter script to /home/celestino/ros2_ws/install/my_py_pkg/lib/my_py_pkg
[4.651s] Installing number_publisher script to /home/celestino/ros2_ws/install/my_py_pkg/lib/my_py_pkg
[4.651s] Installing py_node script to /home/celestino/ros2_ws/install/my_py_pkg/lib/my_py_pkg
[4.651s] Installing robot_news_station script to /home/celestino/ros2_ws/install/my_py_pkg/lib/my_py_pkg
[4.652s] Installing smartphone script to /home/celestino/ros2_ws/install/my_py_pkg/lib/my_py_pkg
[4.652s] 
[4.652s] Installed /home/celestino/ros2_ws/build/my_py_pkg
[4.653s] running symlink_data
[4.721s] Invoked command in '/home/celestino/ros2_ws/build/my_py_pkg' returned '0': PYTHONPATH=/home/celestino/ros2_ws/build/my_py_pkg/prefix_override:/home/celestino/ros2_ws/install/my_py_pkg/lib/python3.10/site-packages:${PYTHONPATH} /usr/bin/python3 -W ignore:setup.py install is deprecated setup.py develop --editable --build-directory /home/celestino/ros2_ws/build/my_py_pkg/build --no-deps symlink_data
