[3.237s] Invoking command in '/home/celestino/ros2_ws/src/my_py_pkg': PYTHONPATH=/home/celestino/ros2_ws/build/my_py_pkg/prefix_override:/home/celestino/ros2_ws/install/my_py_pkg/lib/python3.10/site-packages:${PYTHONPATH} /usr/bin/python3 -W ignore:setup.py install is deprecated setup.py egg_info --egg-base ../../build/my_py_pkg build --build-base /home/celestino/ros2_ws/build/my_py_pkg/build install --record /home/celestino/ros2_ws/build/my_py_pkg/install.log --single-version-externally-managed install_data
[4.103s] running egg_info
[4.105s] writing ../../build/my_py_pkg/my_py_pkg.egg-info/PKG-INFO
[4.157s] writing dependency_links to ../../build/my_py_pkg/my_py_pkg.egg-info/dependency_links.txt
[4.158s] writing entry points to ../../build/my_py_pkg/my_py_pkg.egg-info/entry_points.txt
[4.158s] writing requirements to ../../build/my_py_pkg/my_py_pkg.egg-info/requires.txt
[4.158s] writing top-level names to ../../build/my_py_pkg/my_py_pkg.egg-info/top_level.txt
[4.163s] reading manifest file '../../build/my_py_pkg/my_py_pkg.egg-info/SOURCES.txt'
[4.181s] writing manifest file '../../build/my_py_pkg/my_py_pkg.egg-info/SOURCES.txt'
[4.181s] running build
[4.181s] running build_py
[4.214s] copying my_py_pkg/publisher_2.py -> /home/celestino/ros2_ws/build/my_py_pkg/build/lib/my_py_pkg
[4.231s] copying my_py_pkg/subscriber_1.py -> /home/celestino/ros2_ws/build/my_py_pkg/build/lib/my_py_pkg
[4.232s] copying my_py_pkg/publisher_1.py -> /home/celestino/ros2_ws/build/my_py_pkg/build/lib/my_py_pkg
[4.245s] running install
[4.248s] running install_lib
[4.255s] copying /home/celestino/ros2_ws/build/my_py_pkg/build/lib/my_py_pkg/publisher_2.py -> /home/celestino/ros2_ws/install/my_py_pkg/lib/python3.10/site-packages/my_py_pkg
[4.257s] copying /home/celestino/ros2_ws/build/my_py_pkg/build/lib/my_py_pkg/subscriber_1.py -> /home/celestino/ros2_ws/install/my_py_pkg/lib/python3.10/site-packages/my_py_pkg
[4.259s] copying /home/celestino/ros2_ws/build/my_py_pkg/build/lib/my_py_pkg/publisher_1.py -> /home/celestino/ros2_ws/install/my_py_pkg/lib/python3.10/site-packages/my_py_pkg
[4.272s] byte-compiling /home/celestino/ros2_ws/install/my_py_pkg/lib/python3.10/site-packages/my_py_pkg/publisher_2.py to publisher_2.cpython-310.pyc
[4.273s] byte-compiling /home/celestino/ros2_ws/install/my_py_pkg/lib/python3.10/site-packages/my_py_pkg/subscriber_1.py to subscriber_1.cpython-310.pyc
[4.274s] byte-compiling /home/celestino/ros2_ws/install/my_py_pkg/lib/python3.10/site-packages/my_py_pkg/publisher_1.py to publisher_1.cpython-310.pyc
[4.275s] running install_data
[4.334s] running install_egg_info
[4.355s] removing '/home/celestino/ros2_ws/install/my_py_pkg/lib/python3.10/site-packages/my_py_pkg-0.0.0-py3.10.egg-info' (and everything under it)
[4.357s] Copying ../../build/my_py_pkg/my_py_pkg.egg-info to /home/celestino/ros2_ws/install/my_py_pkg/lib/python3.10/site-packages/my_py_pkg-0.0.0-py3.10.egg-info
[4.375s] running install_scripts
[4.448s] Installing add_two_ints_client script to /home/celestino/ros2_ws/install/my_py_pkg/lib/my_py_pkg
[4.464s] Installing add_two_ints_client_no_oop script to /home/celestino/ros2_ws/install/my_py_pkg/lib/my_py_pkg
[4.464s] Installing add_two_ints_server script to /home/celestino/ros2_ws/install/my_py_pkg/lib/my_py_pkg
[4.465s] Installing batgirl script to /home/celestino/ros2_ws/install/my_py_pkg/lib/my_py_pkg
[4.465s] Installing batman script to /home/celestino/ros2_ws/install/my_py_pkg/lib/my_py_pkg
[4.465s] Installing batman_client script to /home/celestino/ros2_ws/install/my_py_pkg/lib/my_py_pkg
[4.466s] Installing batman_server script to /home/celestino/ros2_ws/install/my_py_pkg/lib/my_py_pkg
[4.466s] Installing car script to /home/celestino/ros2_ws/install/my_py_pkg/lib/my_py_pkg
[4.466s] Installing facebook_client script to /home/celestino/ros2_ws/install/my_py_pkg/lib/my_py_pkg
[4.466s] Installing facebook_server script to /home/celestino/ros2_ws/install/my_py_pkg/lib/my_py_pkg
[4.466s] Installing google_client script to /home/celestino/ros2_ws/install/my_py_pkg/lib/my_py_pkg
[4.467s] Installing google_server script to /home/celestino/ros2_ws/install/my_py_pkg/lib/my_py_pkg
[4.467s] Installing mexico_client script to /home/celestino/ros2_ws/install/my_py_pkg/lib/my_py_pkg
[4.467s] Installing mexico_server script to /home/celestino/ros2_ws/install/my_py_pkg/lib/my_py_pkg
[4.467s] Installing microsoft_client script to /home/celestino/ros2_ws/install/my_py_pkg/lib/my_py_pkg
[4.468s] Installing microsoft_server script to /home/celestino/ros2_ws/install/my_py_pkg/lib/my_py_pkg
[4.468s] Installing netflix_client script to /home/celestino/ros2_ws/install/my_py_pkg/lib/my_py_pkg
[4.468s] Installing netflix_server script to /home/celestino/ros2_ws/install/my_py_pkg/lib/my_py_pkg
[4.468s] Installing night_wing script to /home/celestino/ros2_ws/install/my_py_pkg/lib/my_py_pkg
[4.469s] Installing number_counter script to /home/celestino/ros2_ws/install/my_py_pkg/lib/my_py_pkg
[4.469s] Installing number_publisher script to /home/celestino/ros2_ws/install/my_py_pkg/lib/my_py_pkg
[4.469s] Installing nyu_client script to /home/celestino/ros2_ws/install/my_py_pkg/lib/my_py_pkg
[4.469s] Installing nyu_server script to /home/celestino/ros2_ws/install/my_py_pkg/lib/my_py_pkg
[4.470s] Installing publisher_1 script to /home/celestino/ros2_ws/install/my_py_pkg/lib/my_py_pkg
[4.470s] Installing publisher_2 script to /home/celestino/ros2_ws/install/my_py_pkg/lib/my_py_pkg
[4.470s] Installing py_node script to /home/celestino/ros2_ws/install/my_py_pkg/lib/my_py_pkg
[4.471s] Installing radio_station script to /home/celestino/ros2_ws/install/my_py_pkg/lib/my_py_pkg
[4.471s] Installing robin script to /home/celestino/ros2_ws/install/my_py_pkg/lib/my_py_pkg
[4.471s] Installing robot_news_station script to /home/celestino/ros2_ws/install/my_py_pkg/lib/my_py_pkg
[4.471s] Installing satelite script to /home/celestino/ros2_ws/install/my_py_pkg/lib/my_py_pkg
[4.472s] Installing smartphone script to /home/celestino/ros2_ws/install/my_py_pkg/lib/my_py_pkg
[4.491s] Installing subscrier_1 script to /home/celestino/ros2_ws/install/my_py_pkg/lib/my_py_pkg
[4.492s] Installing texas_client script to /home/celestino/ros2_ws/install/my_py_pkg/lib/my_py_pkg
[4.493s] Installing texas_server script to /home/celestino/ros2_ws/install/my_py_pkg/lib/my_py_pkg
[4.493s] Installing web_server script to /home/celestino/ros2_ws/install/my_py_pkg/lib/my_py_pkg
[4.498s] writing list of installed files to '/home/celestino/ros2_ws/build/my_py_pkg/install.log'
[4.569s] Invoked command in '/home/celestino/ros2_ws/src/my_py_pkg' returned '0': PYTHONPATH=/home/celestino/ros2_ws/build/my_py_pkg/prefix_override:/home/celestino/ros2_ws/install/my_py_pkg/lib/python3.10/site-packages:${PYTHONPATH} /usr/bin/python3 -W ignore:setup.py install is deprecated setup.py egg_info --egg-base ../../build/my_py_pkg build --build-base /home/celestino/ros2_ws/build/my_py_pkg/build install --record /home/celestino/ros2_ws/build/my_py_pkg/install.log --single-version-externally-managed install_data
