[3.898s] DEBUG:colcon:Command line arguments: ['/usr/bin/colcon', 'build']
[3.899s] DEBUG:colcon:Parsed command line arguments: Namespace(log_base=None, log_level=None, verb_name='build', build_base='build', install_base='install', merge_install=False, symlink_install=False, test_result_base=None, continue_on_error=False, executor='parallel', parallel_workers=4, event_handlers=None, ignore_user_meta=False, metas=['./colcon.meta'], base_paths=['.'], packages_ignore=None, packages_ignore_regex=None, paths=None, packages_up_to=None, packages_up_to_regex=None, packages_above=None, packages_above_and_dependencies=None, packages_above_depth=None, packages_select_by_dep=None, packages_skip_by_dep=None, packages_skip_up_to=None, packages_select_build_failed=False, packages_skip_build_finished=False, packages_select_test_failures=False, packages_skip_test_passed=False, packages_select=None, packages_skip=None, packages_select_regex=None, packages_skip_regex=None, packages_start=None, packages_end=None, allow_overriding=[], cmake_args=None, cmake_target=None, cmake_target_skip_unavailable=False, cmake_clean_cache=False, cmake_clean_first=False, cmake_force_configure=False, ament_cmake_args=None, catkin_cmake_args=None, catkin_skip_building_tests=False, verb_parser=<colcon_defaults.argument_parser.defaults.DefaultArgumentsDecorator object at 0x7f7fc40725f0>, verb_extension=<colcon_core.verb.build.BuildVerb object at 0x7f7fc4070f70>, main=<bound method BuildVerb.main of <colcon_core.verb.build.BuildVerb object at 0x7f7fc4070f70>>)
[11.218s] Level 1:colcon.colcon_core.package_discovery:discover_packages(colcon_meta) check parameters
[11.218s] Level 1:colcon.colcon_core.package_discovery:discover_packages(recursive) check parameters
[11.218s] Level 1:colcon.colcon_core.package_discovery:discover_packages(ignore) check parameters
[11.218s] Level 1:colcon.colcon_core.package_discovery:discover_packages(path) check parameters
[11.218s] Level 1:colcon.colcon_core.package_discovery:discover_packages(colcon_meta) discover
[11.218s] Level 1:colcon.colcon_core.package_discovery:discover_packages(recursive) discover
[11.218s] INFO:colcon.colcon_core.package_discovery:Crawling recursively for packages in '/home/celestino/ros2_ws'
[11.218s] Level 1:colcon.colcon_core.package_identification:_identify(.) by extensions ['ignore', 'ignore_ament_install']
[11.218s] Level 1:colcon.colcon_core.package_identification:_identify(.) by extension 'ignore'
[11.219s] Level 1:colcon.colcon_core.package_identification:_identify(.) by extension 'ignore_ament_install'
[11.219s] Level 1:colcon.colcon_core.package_identification:_identify(.) by extensions ['colcon_pkg']
[11.219s] Level 1:colcon.colcon_core.package_identification:_identify(.) by extension 'colcon_pkg'
[11.219s] Level 1:colcon.colcon_core.package_identification:_identify(.) by extensions ['colcon_meta']
[11.219s] Level 1:colcon.colcon_core.package_identification:_identify(.) by extension 'colcon_meta'
[11.219s] Level 1:colcon.colcon_core.package_identification:_identify(.) by extensions ['ros']
[11.219s] Level 1:colcon.colcon_core.package_identification:_identify(.) by extension 'ros'
[11.646s] Level 1:colcon.colcon_core.package_identification:_identify(.) by extensions ['cmake', 'python']
[11.646s] Level 1:colcon.colcon_core.package_identification:_identify(.) by extension 'cmake'
[11.647s] Level 1:colcon.colcon_core.package_identification:_identify(.) by extension 'python'
[11.647s] Level 1:colcon.colcon_core.package_identification:_identify(.) by extensions ['python_setup_py']
[11.647s] Level 1:colcon.colcon_core.package_identification:_identify(.) by extension 'python_setup_py'
[11.648s] Level 1:colcon.colcon_core.package_identification:_identify(build) by extensions ['ignore', 'ignore_ament_install']
[11.648s] Level 1:colcon.colcon_core.package_identification:_identify(build) by extension 'ignore'
[11.648s] Level 1:colcon.colcon_core.package_identification:_identify(build) ignored
[11.680s] Level 1:colcon.colcon_core.package_identification:_identify(install) by extensions ['ignore', 'ignore_ament_install']
[11.680s] Level 1:colcon.colcon_core.package_identification:_identify(install) by extension 'ignore'
[11.681s] Level 1:colcon.colcon_core.package_identification:_identify(install) ignored
[11.681s] Level 1:colcon.colcon_core.package_identification:_identify(log) by extensions ['ignore', 'ignore_ament_install']
[11.682s] Level 1:colcon.colcon_core.package_identification:_identify(log) by extension 'ignore'
[11.682s] Level 1:colcon.colcon_core.package_identification:_identify(log) ignored
[11.682s] Level 1:colcon.colcon_core.package_identification:_identify(src) by extensions ['ignore', 'ignore_ament_install']
[11.682s] Level 1:colcon.colcon_core.package_identification:_identify(src) by extension 'ignore'
[11.683s] Level 1:colcon.colcon_core.package_identification:_identify(src) by extension 'ignore_ament_install'
[11.683s] Level 1:colcon.colcon_core.package_identification:_identify(src) by extensions ['colcon_pkg']
[11.683s] Level 1:colcon.colcon_core.package_identification:_identify(src) by extension 'colcon_pkg'
[11.684s] Level 1:colcon.colcon_core.package_identification:_identify(src) by extensions ['colcon_meta']
[11.684s] Level 1:colcon.colcon_core.package_identification:_identify(src) by extension 'colcon_meta'
[11.684s] Level 1:colcon.colcon_core.package_identification:_identify(src) by extensions ['ros']
[11.684s] Level 1:colcon.colcon_core.package_identification:_identify(src) by extension 'ros'
[11.685s] Level 1:colcon.colcon_core.package_identification:_identify(src) by extensions ['cmake', 'python']
[11.685s] Level 1:colcon.colcon_core.package_identification:_identify(src) by extension 'cmake'
[11.685s] Level 1:colcon.colcon_core.package_identification:_identify(src) by extension 'python'
[11.685s] Level 1:colcon.colcon_core.package_identification:_identify(src) by extensions ['python_setup_py']
[11.685s] Level 1:colcon.colcon_core.package_identification:_identify(src) by extension 'python_setup_py'
[11.686s] Level 1:colcon.colcon_core.package_identification:_identify(src/my_py_pkg) by extensions ['ignore', 'ignore_ament_install']
[11.686s] Level 1:colcon.colcon_core.package_identification:_identify(src/my_py_pkg) by extension 'ignore'
[11.686s] Level 1:colcon.colcon_core.package_identification:_identify(src/my_py_pkg) by extension 'ignore_ament_install'
[11.687s] Level 1:colcon.colcon_core.package_identification:_identify(src/my_py_pkg) by extensions ['colcon_pkg']
[11.687s] Level 1:colcon.colcon_core.package_identification:_identify(src/my_py_pkg) by extension 'colcon_pkg'
[11.687s] Level 1:colcon.colcon_core.package_identification:_identify(src/my_py_pkg) by extensions ['colcon_meta']
[11.687s] Level 1:colcon.colcon_core.package_identification:_identify(src/my_py_pkg) by extension 'colcon_meta'
[11.687s] Level 1:colcon.colcon_core.package_identification:_identify(src/my_py_pkg) by extensions ['ros']
[11.687s] Level 1:colcon.colcon_core.package_identification:_identify(src/my_py_pkg) by extension 'ros'
[11.819s] DEBUG:colcon.colcon_core.package_identification:Package 'src/my_py_pkg' with type 'ros.ament_python' and name 'my_py_pkg'
[11.819s] Level 1:colcon.colcon_core.package_discovery:discover_packages(recursive) using defaults
[11.819s] Level 1:colcon.colcon_core.package_discovery:discover_packages(ignore) discover
[11.819s] Level 1:colcon.colcon_core.package_discovery:discover_packages(ignore) using defaults
[11.819s] Level 1:colcon.colcon_core.package_discovery:discover_packages(path) discover
[11.820s] Level 1:colcon.colcon_core.package_discovery:discover_packages(path) using defaults
[12.343s] Level 1:colcon.colcon_core.package_discovery:discover_packages(prefix_path) check parameters
[12.343s] Level 1:colcon.colcon_core.package_discovery:discover_packages(prefix_path) discover
[15.818s] DEBUG:colcon.colcon_installed_package_information.package_discovery:Found 345 installed packages in /home/celestino/ros2_humble/install
[15.828s] DEBUG:colcon.colcon_installed_package_information.package_discovery:Found 1 installed packages in /home/celestino/ros2_ws/install
[15.828s] Level 1:colcon.colcon_core.package_discovery:discover_packages(prefix_path) using defaults
[26.409s] Level 5:colcon.colcon_core.verb:set package 'my_py_pkg' build argument 'cmake_args' from command line to 'None'
[26.410s] Level 5:colcon.colcon_core.verb:set package 'my_py_pkg' build argument 'cmake_target' from command line to 'None'
[26.410s] Level 5:colcon.colcon_core.verb:set package 'my_py_pkg' build argument 'cmake_target_skip_unavailable' from command line to 'False'
[26.410s] Level 5:colcon.colcon_core.verb:set package 'my_py_pkg' build argument 'cmake_clean_cache' from command line to 'False'
[26.410s] Level 5:colcon.colcon_core.verb:set package 'my_py_pkg' build argument 'cmake_clean_first' from command line to 'False'
[26.410s] Level 5:colcon.colcon_core.verb:set package 'my_py_pkg' build argument 'cmake_force_configure' from command line to 'False'
[26.410s] Level 5:colcon.colcon_core.verb:set package 'my_py_pkg' build argument 'ament_cmake_args' from command line to 'None'
[26.410s] Level 5:colcon.colcon_core.verb:set package 'my_py_pkg' build argument 'catkin_cmake_args' from command line to 'None'
[26.410s] Level 5:colcon.colcon_core.verb:set package 'my_py_pkg' build argument 'catkin_skip_building_tests' from command line to 'False'
[26.410s] DEBUG:colcon.colcon_core.verb:Building package 'my_py_pkg' with the following arguments: {'ament_cmake_args': None, 'build_base': '/home/celestino/ros2_ws/build/my_py_pkg', 'catkin_cmake_args': None, 'catkin_skip_building_tests': False, 'cmake_args': None, 'cmake_clean_cache': False, 'cmake_clean_first': False, 'cmake_force_configure': False, 'cmake_target': None, 'cmake_target_skip_unavailable': False, 'install_base': '/home/celestino/ros2_ws/install/my_py_pkg', 'merge_install': False, 'path': '/home/celestino/ros2_ws/src/my_py_pkg', 'symlink_install': False, 'test_result_base': None}
[26.410s] INFO:colcon.colcon_core.executor:Executing jobs using 'parallel' executor
[26.412s] DEBUG:colcon.colcon_parallel_executor.executor.parallel:run_until_complete
[26.412s] INFO:colcon.colcon_ros.task.ament_python.build:Building ROS package in '/home/celestino/ros2_ws/src/my_py_pkg' with build type 'ament_python'
[26.412s] Level 1:colcon.colcon_core.shell:create_environment_hook('my_py_pkg', 'ament_prefix_path')
[26.567s] INFO:colcon.colcon_core.plugin_system:Skipping extension 'colcon_core.shell.bat': Not used on non-Windows systems
[26.569s] INFO:colcon.colcon_core.shell:Creating environment hook '/home/celestino/ros2_ws/install/my_py_pkg/share/my_py_pkg/hook/ament_prefix_path.ps1'
[26.616s] INFO:colcon.colcon_core.shell:Creating environment descriptor '/home/celestino/ros2_ws/install/my_py_pkg/share/my_py_pkg/hook/ament_prefix_path.dsv'
[26.628s] INFO:colcon.colcon_core.shell:Creating environment hook '/home/celestino/ros2_ws/install/my_py_pkg/share/my_py_pkg/hook/ament_prefix_path.sh'
[26.632s] INFO:colcon.colcon_core.shell:Skip shell extension 'powershell' for command environment: Not usable outside of PowerShell
[26.632s] DEBUG:colcon.colcon_core.shell:Skip shell extension 'dsv' for command environment
[27.791s] INFO:colcon.colcon_core.task.python.build:Building Python package in '/home/celestino/ros2_ws/src/my_py_pkg'
[27.792s] INFO:colcon.colcon_core.shell:Skip shell extension 'powershell' for command environment: Not usable outside of PowerShell
[27.792s] DEBUG:colcon.colcon_core.shell:Skip shell extension 'dsv' for command environment
[30.091s] DEBUG:colcon.colcon_core.event_handler.log_command:Invoking command in '/home/celestino/ros2_ws/src/my_py_pkg': PYTHONPATH=/home/celestino/ros2_ws/build/my_py_pkg/prefix_override:/home/celestino/ros2_ws/install/my_py_pkg/lib/python3.10/site-packages:${PYTHONPATH} /usr/bin/python3 -W ignore:setup.py install is deprecated setup.py egg_info --egg-base ../../build/my_py_pkg build --build-base /home/celestino/ros2_ws/build/my_py_pkg/build install --record /home/celestino/ros2_ws/build/my_py_pkg/install.log --single-version-externally-managed install_data
[31.789s] DEBUG:colcon.colcon_core.event_handler.log_command:Invoked command in '/home/celestino/ros2_ws/src/my_py_pkg' returned '0': PYTHONPATH=/home/celestino/ros2_ws/build/my_py_pkg/prefix_override:/home/celestino/ros2_ws/install/my_py_pkg/lib/python3.10/site-packages:${PYTHONPATH} /usr/bin/python3 -W ignore:setup.py install is deprecated setup.py egg_info --egg-base ../../build/my_py_pkg build --build-base /home/celestino/ros2_ws/build/my_py_pkg/build install --record /home/celestino/ros2_ws/build/my_py_pkg/install.log --single-version-externally-managed install_data
[31.875s] Level 1:colcon.colcon_core.environment:checking '/home/celestino/ros2_ws/install/my_py_pkg' for CMake module files
[31.877s] Level 1:colcon.colcon_core.environment:checking '/home/celestino/ros2_ws/install/my_py_pkg' for CMake config files
[31.881s] Level 1:colcon.colcon_core.environment:checking '/home/celestino/ros2_ws/install/my_py_pkg/lib'
[31.881s] Level 1:colcon.colcon_core.environment:checking '/home/celestino/ros2_ws/install/my_py_pkg/bin'
[31.882s] Level 1:colcon.colcon_core.environment:checking '/home/celestino/ros2_ws/install/my_py_pkg/lib/pkgconfig/my_py_pkg.pc'
[31.883s] Level 1:colcon.colcon_core.environment:checking '/home/celestino/ros2_ws/install/my_py_pkg/lib/python3.10/site-packages'
[31.883s] Level 1:colcon.colcon_core.shell:create_environment_hook('my_py_pkg', 'pythonpath')
[31.884s] INFO:colcon.colcon_core.shell:Creating environment hook '/home/celestino/ros2_ws/install/my_py_pkg/share/my_py_pkg/hook/pythonpath.ps1'
[31.885s] INFO:colcon.colcon_core.shell:Creating environment descriptor '/home/celestino/ros2_ws/install/my_py_pkg/share/my_py_pkg/hook/pythonpath.dsv'
[31.887s] INFO:colcon.colcon_core.shell:Creating environment hook '/home/celestino/ros2_ws/install/my_py_pkg/share/my_py_pkg/hook/pythonpath.sh'
[31.889s] Level 1:colcon.colcon_core.environment:checking '/home/celestino/ros2_ws/install/my_py_pkg/bin'
[31.889s] Level 1:colcon.colcon_core.environment:create_environment_scripts_only(my_py_pkg)
[31.890s] INFO:colcon.colcon_core.shell:Creating package script '/home/celestino/ros2_ws/install/my_py_pkg/share/my_py_pkg/package.ps1'
[31.893s] INFO:colcon.colcon_core.shell:Creating package descriptor '/home/celestino/ros2_ws/install/my_py_pkg/share/my_py_pkg/package.dsv'
[31.908s] INFO:colcon.colcon_core.shell:Creating package script '/home/celestino/ros2_ws/install/my_py_pkg/share/my_py_pkg/package.sh'
[31.912s] INFO:colcon.colcon_core.shell:Creating package script '/home/celestino/ros2_ws/install/my_py_pkg/share/my_py_pkg/package.bash'
[31.926s] INFO:colcon.colcon_core.shell:Creating package script '/home/celestino/ros2_ws/install/my_py_pkg/share/my_py_pkg/package.zsh'
[31.943s] Level 1:colcon.colcon_core.environment:create_file_with_runtime_dependencies(/home/celestino/ros2_ws/install/my_py_pkg/share/colcon-core/packages/my_py_pkg)
[31.945s] DEBUG:colcon.colcon_parallel_executor.executor.parallel:closing loop
[31.946s] DEBUG:colcon.colcon_parallel_executor.executor.parallel:loop closed
[31.947s] DEBUG:colcon.colcon_parallel_executor.executor.parallel:run_until_complete finished with '0'
[31.948s] DEBUG:colcon.colcon_core.event_reactor:joining thread
[32.089s] INFO:colcon.colcon_core.plugin_system:Skipping extension 'colcon_notification.desktop_notification.terminal_notifier': Not used on non-Darwin systems
[32.089s] INFO:colcon.colcon_core.plugin_system:Skipping extension 'colcon_notification.desktop_notification.win32': Not used on non-Windows systems
[32.089s] INFO:colcon.colcon_notification.desktop_notification:Sending desktop notification using 'notify2'
[32.437s] DEBUG:colcon.colcon_core.event_reactor:joined thread
[32.438s] INFO:colcon.colcon_core.shell:Creating prefix script '/home/celestino/ros2_ws/install/local_setup.ps1'
[32.449s] INFO:colcon.colcon_core.shell:Creating prefix util module '/home/celestino/ros2_ws/install/_local_setup_util_ps1.py'
[32.476s] INFO:colcon.colcon_core.shell:Creating prefix chain script '/home/celestino/ros2_ws/install/setup.ps1'
[32.527s] INFO:colcon.colcon_core.shell:Creating prefix script '/home/celestino/ros2_ws/install/local_setup.sh'
[32.550s] INFO:colcon.colcon_core.shell:Creating prefix util module '/home/celestino/ros2_ws/install/_local_setup_util_sh.py'
[32.551s] INFO:colcon.colcon_core.shell:Creating prefix chain script '/home/celestino/ros2_ws/install/setup.sh'
[32.596s] INFO:colcon.colcon_core.shell:Creating prefix script '/home/celestino/ros2_ws/install/local_setup.bash'
[32.611s] INFO:colcon.colcon_core.shell:Creating prefix chain script '/home/celestino/ros2_ws/install/setup.bash'
[32.634s] INFO:colcon.colcon_core.shell:Creating prefix script '/home/celestino/ros2_ws/install/local_setup.zsh'
[32.635s] INFO:colcon.colcon_core.shell:Creating prefix chain script '/home/celestino/ros2_ws/install/setup.zsh'
