/home/celestino/ros2_ws/install/my_py_pkg/lib/python3.10/site-packages/my_py_pkg/microsoft_server.py
/home/celestino/ros2_ws/install/my_py_pkg/lib/python3.10/site-packages/my_py_pkg/google_client.py
/home/celestino/ros2_ws/install/my_py_pkg/lib/python3.10/site-packages/my_py_pkg/satelite.py
/home/celestino/ros2_ws/install/my_py_pkg/lib/python3.10/site-packages/my_py_pkg/batman.py
/home/celestino/ros2_ws/install/my_py_pkg/lib/python3.10/site-packages/my_py_pkg/texas_server.py
/home/celestino/ros2_ws/install/my_py_pkg/lib/python3.10/site-packages/my_py_pkg/number_counter.py
/home/celestino/ros2_ws/install/my_py_pkg/lib/python3.10/site-packages/my_py_pkg/mexico_server.py
/home/celestino/ros2_ws/install/my_py_pkg/lib/python3.10/site-packages/my_py_pkg/radio_station.py
/home/celestino/ros2_ws/install/my_py_pkg/lib/python3.10/site-packages/my_py_pkg/microsoft_client.py
/home/celestino/ros2_ws/install/my_py_pkg/lib/python3.10/site-packages/my_py_pkg/facebook_server.py
/home/celestino/ros2_ws/install/my_py_pkg/lib/python3.10/site-packages/my_py_pkg/texas_client.py
/home/celestino/ros2_ws/install/my_py_pkg/lib/python3.10/site-packages/my_py_pkg/batman_client.py
/home/celestino/ros2_ws/install/my_py_pkg/lib/python3.10/site-packages/my_py_pkg/robot_news_station.py
/home/celestino/ros2_ws/install/my_py_pkg/lib/python3.10/site-packages/my_py_pkg/sub_robot_1.py
/home/celestino/ros2_ws/install/my_py_pkg/lib/python3.10/site-packages/my_py_pkg/nyu_server.py
/home/celestino/ros2_ws/install/my_py_pkg/lib/python3.10/site-packages/my_py_pkg/nyu_client.py
/home/celestino/ros2_ws/install/my_py_pkg/lib/python3.10/site-packages/my_py_pkg/pub_robot_1.py
/home/celestino/ros2_ws/install/my_py_pkg/lib/python3.10/site-packages/my_py_pkg/__init__.py
/home/celestino/ros2_ws/install/my_py_pkg/lib/python3.10/site-packages/my_py_pkg/add_two_ints_client.py
/home/celestino/ros2_ws/install/my_py_pkg/lib/python3.10/site-packages/my_py_pkg/netflix_server.py
/home/celestino/ros2_ws/install/my_py_pkg/lib/python3.10/site-packages/my_py_pkg/publisher_2.py
/home/celestino/ros2_ws/install/my_py_pkg/lib/python3.10/site-packages/my_py_pkg/my_first_node.py
/home/celestino/ros2_ws/install/my_py_pkg/lib/python3.10/site-packages/my_py_pkg/pub_robot_2.py
/home/celestino/ros2_ws/install/my_py_pkg/lib/python3.10/site-packages/my_py_pkg/netflix_client.py
/home/celestino/ros2_ws/install/my_py_pkg/lib/python3.10/site-packages/my_py_pkg/sub_1.py
/home/celestino/ros2_ws/install/my_py_pkg/lib/python3.10/site-packages/my_py_pkg/number_publisher.py
/home/celestino/ros2_ws/install/my_py_pkg/lib/python3.10/site-packages/my_py_pkg/batman_server.py
/home/celestino/ros2_ws/install/my_py_pkg/lib/python3.10/site-packages/my_py_pkg/robin.py
/home/celestino/ros2_ws/install/my_py_pkg/lib/python3.10/site-packages/my_py_pkg/web_server.py
/home/celestino/ros2_ws/install/my_py_pkg/lib/python3.10/site-packages/my_py_pkg/batgirl.py
/home/celestino/ros2_ws/install/my_py_pkg/lib/python3.10/site-packages/my_py_pkg/subscriber_1.py
/home/celestino/ros2_ws/install/my_py_pkg/lib/python3.10/site-packages/my_py_pkg/night_wing.py
/home/celestino/ros2_ws/install/my_py_pkg/lib/python3.10/site-packages/my_py_pkg/add_two_ints_client_no_oop.py
/home/celestino/ros2_ws/install/my_py_pkg/lib/python3.10/site-packages/my_py_pkg/google_server.py
/home/celestino/ros2_ws/install/my_py_pkg/lib/python3.10/site-packages/my_py_pkg/pub_1.py
/home/celestino/ros2_ws/install/my_py_pkg/lib/python3.10/site-packages/my_py_pkg/facebook_client.py
/home/celestino/ros2_ws/install/my_py_pkg/lib/python3.10/site-packages/my_py_pkg/smartphone.py
/home/celestino/ros2_ws/install/my_py_pkg/lib/python3.10/site-packages/my_py_pkg/publisher_1.py
/home/celestino/ros2_ws/install/my_py_pkg/lib/python3.10/site-packages/my_py_pkg/add_two_ints_server.py
/home/celestino/ros2_ws/install/my_py_pkg/lib/python3.10/site-packages/my_py_pkg/mexico_client.py
/home/celestino/ros2_ws/install/my_py_pkg/lib/python3.10/site-packages/my_py_pkg/car.py
/home/celestino/ros2_ws/install/my_py_pkg/lib/python3.10/site-packages/my_py_pkg/__pycache__/microsoft_server.cpython-310.pyc
/home/celestino/ros2_ws/install/my_py_pkg/lib/python3.10/site-packages/my_py_pkg/__pycache__/google_client.cpython-310.pyc
/home/celestino/ros2_ws/install/my_py_pkg/lib/python3.10/site-packages/my_py_pkg/__pycache__/satelite.cpython-310.pyc
/home/celestino/ros2_ws/install/my_py_pkg/lib/python3.10/site-packages/my_py_pkg/__pycache__/batman.cpython-310.pyc
/home/celestino/ros2_ws/install/my_py_pkg/lib/python3.10/site-packages/my_py_pkg/__pycache__/texas_server.cpython-310.pyc
/home/celestino/ros2_ws/install/my_py_pkg/lib/python3.10/site-packages/my_py_pkg/__pycache__/number_counter.cpython-310.pyc
/home/celestino/ros2_ws/install/my_py_pkg/lib/python3.10/site-packages/my_py_pkg/__pycache__/mexico_server.cpython-310.pyc
/home/celestino/ros2_ws/install/my_py_pkg/lib/python3.10/site-packages/my_py_pkg/__pycache__/radio_station.cpython-310.pyc
/home/celestino/ros2_ws/install/my_py_pkg/lib/python3.10/site-packages/my_py_pkg/__pycache__/microsoft_client.cpython-310.pyc
/home/celestino/ros2_ws/install/my_py_pkg/lib/python3.10/site-packages/my_py_pkg/__pycache__/facebook_server.cpython-310.pyc
/home/celestino/ros2_ws/install/my_py_pkg/lib/python3.10/site-packages/my_py_pkg/__pycache__/texas_client.cpython-310.pyc
/home/celestino/ros2_ws/install/my_py_pkg/lib/python3.10/site-packages/my_py_pkg/__pycache__/batman_client.cpython-310.pyc
/home/celestino/ros2_ws/install/my_py_pkg/lib/python3.10/site-packages/my_py_pkg/__pycache__/robot_news_station.cpython-310.pyc
/home/celestino/ros2_ws/install/my_py_pkg/lib/python3.10/site-packages/my_py_pkg/__pycache__/sub_robot_1.cpython-310.pyc
/home/celestino/ros2_ws/install/my_py_pkg/lib/python3.10/site-packages/my_py_pkg/__pycache__/nyu_server.cpython-310.pyc
/home/celestino/ros2_ws/install/my_py_pkg/lib/python3.10/site-packages/my_py_pkg/__pycache__/nyu_client.cpython-310.pyc
/home/celestino/ros2_ws/install/my_py_pkg/lib/python3.10/site-packages/my_py_pkg/__pycache__/pub_robot_1.cpython-310.pyc
/home/celestino/ros2_ws/install/my_py_pkg/lib/python3.10/site-packages/my_py_pkg/__pycache__/__init__.cpython-310.pyc
/home/celestino/ros2_ws/install/my_py_pkg/lib/python3.10/site-packages/my_py_pkg/__pycache__/add_two_ints_client.cpython-310.pyc
/home/celestino/ros2_ws/install/my_py_pkg/lib/python3.10/site-packages/my_py_pkg/__pycache__/netflix_server.cpython-310.pyc
/home/celestino/ros2_ws/install/my_py_pkg/lib/python3.10/site-packages/my_py_pkg/__pycache__/publisher_2.cpython-310.pyc
/home/celestino/ros2_ws/install/my_py_pkg/lib/python3.10/site-packages/my_py_pkg/__pycache__/my_first_node.cpython-310.pyc
/home/celestino/ros2_ws/install/my_py_pkg/lib/python3.10/site-packages/my_py_pkg/__pycache__/pub_robot_2.cpython-310.pyc
/home/celestino/ros2_ws/install/my_py_pkg/lib/python3.10/site-packages/my_py_pkg/__pycache__/netflix_client.cpython-310.pyc
/home/celestino/ros2_ws/install/my_py_pkg/lib/python3.10/site-packages/my_py_pkg/__pycache__/sub_1.cpython-310.pyc
/home/celestino/ros2_ws/install/my_py_pkg/lib/python3.10/site-packages/my_py_pkg/__pycache__/number_publisher.cpython-310.pyc
/home/celestino/ros2_ws/install/my_py_pkg/lib/python3.10/site-packages/my_py_pkg/__pycache__/batman_server.cpython-310.pyc
/home/celestino/ros2_ws/install/my_py_pkg/lib/python3.10/site-packages/my_py_pkg/__pycache__/robin.cpython-310.pyc
/home/celestino/ros2_ws/install/my_py_pkg/lib/python3.10/site-packages/my_py_pkg/__pycache__/web_server.cpython-310.pyc
/home/celestino/ros2_ws/install/my_py_pkg/lib/python3.10/site-packages/my_py_pkg/__pycache__/batgirl.cpython-310.pyc
/home/celestino/ros2_ws/install/my_py_pkg/lib/python3.10/site-packages/my_py_pkg/__pycache__/subscriber_1.cpython-310.pyc
/home/celestino/ros2_ws/install/my_py_pkg/lib/python3.10/site-packages/my_py_pkg/__pycache__/night_wing.cpython-310.pyc
/home/celestino/ros2_ws/install/my_py_pkg/lib/python3.10/site-packages/my_py_pkg/__pycache__/add_two_ints_client_no_oop.cpython-310.pyc
/home/celestino/ros2_ws/install/my_py_pkg/lib/python3.10/site-packages/my_py_pkg/__pycache__/google_server.cpython-310.pyc
/home/celestino/ros2_ws/install/my_py_pkg/lib/python3.10/site-packages/my_py_pkg/__pycache__/pub_1.cpython-310.pyc
/home/celestino/ros2_ws/install/my_py_pkg/lib/python3.10/site-packages/my_py_pkg/__pycache__/facebook_client.cpython-310.pyc
/home/celestino/ros2_ws/install/my_py_pkg/lib/python3.10/site-packages/my_py_pkg/__pycache__/smartphone.cpython-310.pyc
/home/celestino/ros2_ws/install/my_py_pkg/lib/python3.10/site-packages/my_py_pkg/__pycache__/publisher_1.cpython-310.pyc
/home/celestino/ros2_ws/install/my_py_pkg/lib/python3.10/site-packages/my_py_pkg/__pycache__/add_two_ints_server.cpython-310.pyc
/home/celestino/ros2_ws/install/my_py_pkg/lib/python3.10/site-packages/my_py_pkg/__pycache__/mexico_client.cpython-310.pyc
/home/celestino/ros2_ws/install/my_py_pkg/lib/python3.10/site-packages/my_py_pkg/__pycache__/car.cpython-310.pyc
/home/celestino/ros2_ws/install/my_py_pkg/share/ament_index/resource_index/packages/my_py_pkg
/home/celestino/ros2_ws/install/my_py_pkg/share/my_py_pkg/package.xml
/home/celestino/ros2_ws/install/my_py_pkg/lib/python3.10/site-packages/my_py_pkg-0.0.0-py3.10.egg-info/entry_points.txt
/home/celestino/ros2_ws/install/my_py_pkg/lib/python3.10/site-packages/my_py_pkg-0.0.0-py3.10.egg-info/PKG-INFO
/home/celestino/ros2_ws/install/my_py_pkg/lib/python3.10/site-packages/my_py_pkg-0.0.0-py3.10.egg-info/top_level.txt
/home/celestino/ros2_ws/install/my_py_pkg/lib/python3.10/site-packages/my_py_pkg-0.0.0-py3.10.egg-info/zip-safe
/home/celestino/ros2_ws/install/my_py_pkg/lib/python3.10/site-packages/my_py_pkg-0.0.0-py3.10.egg-info/dependency_links.txt
/home/celestino/ros2_ws/install/my_py_pkg/lib/python3.10/site-packages/my_py_pkg-0.0.0-py3.10.egg-info/requires.txt
/home/celestino/ros2_ws/install/my_py_pkg/lib/python3.10/site-packages/my_py_pkg-0.0.0-py3.10.egg-info/SOURCES.txt
/home/celestino/ros2_ws/install/my_py_pkg/lib/my_py_pkg/add_two_ints_client
/home/celestino/ros2_ws/install/my_py_pkg/lib/my_py_pkg/add_two_ints_client_no_oop
/home/celestino/ros2_ws/install/my_py_pkg/lib/my_py_pkg/add_two_ints_server
/home/celestino/ros2_ws/install/my_py_pkg/lib/my_py_pkg/batgirl
/home/celestino/ros2_ws/install/my_py_pkg/lib/my_py_pkg/batman
/home/celestino/ros2_ws/install/my_py_pkg/lib/my_py_pkg/batman_client
/home/celestino/ros2_ws/install/my_py_pkg/lib/my_py_pkg/batman_server
/home/celestino/ros2_ws/install/my_py_pkg/lib/my_py_pkg/car
/home/celestino/ros2_ws/install/my_py_pkg/lib/my_py_pkg/facebook_client
/home/celestino/ros2_ws/install/my_py_pkg/lib/my_py_pkg/facebook_server
/home/celestino/ros2_ws/install/my_py_pkg/lib/my_py_pkg/google_client
/home/celestino/ros2_ws/install/my_py_pkg/lib/my_py_pkg/google_server
/home/celestino/ros2_ws/install/my_py_pkg/lib/my_py_pkg/mexico_client
/home/celestino/ros2_ws/install/my_py_pkg/lib/my_py_pkg/mexico_server
/home/celestino/ros2_ws/install/my_py_pkg/lib/my_py_pkg/microsoft_client
/home/celestino/ros2_ws/install/my_py_pkg/lib/my_py_pkg/microsoft_server
/home/celestino/ros2_ws/install/my_py_pkg/lib/my_py_pkg/netflix_client
/home/celestino/ros2_ws/install/my_py_pkg/lib/my_py_pkg/netflix_server
/home/celestino/ros2_ws/install/my_py_pkg/lib/my_py_pkg/night_wing
/home/celestino/ros2_ws/install/my_py_pkg/lib/my_py_pkg/number_counter
/home/celestino/ros2_ws/install/my_py_pkg/lib/my_py_pkg/number_publisher
/home/celestino/ros2_ws/install/my_py_pkg/lib/my_py_pkg/nyu_client
/home/celestino/ros2_ws/install/my_py_pkg/lib/my_py_pkg/nyu_server
/home/celestino/ros2_ws/install/my_py_pkg/lib/my_py_pkg/pub_1
/home/celestino/ros2_ws/install/my_py_pkg/lib/my_py_pkg/publisher_1
/home/celestino/ros2_ws/install/my_py_pkg/lib/my_py_pkg/publisher_2
/home/celestino/ros2_ws/install/my_py_pkg/lib/my_py_pkg/py_node
/home/celestino/ros2_ws/install/my_py_pkg/lib/my_py_pkg/radio_station
/home/celestino/ros2_ws/install/my_py_pkg/lib/my_py_pkg/robin
/home/celestino/ros2_ws/install/my_py_pkg/lib/my_py_pkg/robot_news_station
/home/celestino/ros2_ws/install/my_py_pkg/lib/my_py_pkg/satelite
/home/celestino/ros2_ws/install/my_py_pkg/lib/my_py_pkg/smartphone
/home/celestino/ros2_ws/install/my_py_pkg/lib/my_py_pkg/sub_1
/home/celestino/ros2_ws/install/my_py_pkg/lib/my_py_pkg/subscriber_1
/home/celestino/ros2_ws/install/my_py_pkg/lib/my_py_pkg/texas_client
/home/celestino/ros2_ws/install/my_py_pkg/lib/my_py_pkg/texas_server
/home/celestino/ros2_ws/install/my_py_pkg/lib/my_py_pkg/web_server
