[2.965s] Invoking command in '/home/celestino/ros2_ws/src/my_py_pkg': PYTHONPATH=/home/celestino/ros2_ws/build/my_py_pkg/prefix_override:/home/celestino/ros2_ws/install/my_py_pkg/lib/python3.10/site-packages:${PYTHONPATH} /usr/bin/python3 -W ignore:setup.py install is deprecated setup.py egg_info --egg-base ../../build/my_py_pkg build --build-base /home/celestino/ros2_ws/build/my_py_pkg/build install --record /home/celestino/ros2_ws/build/my_py_pkg/install.log --single-version-externally-managed install_data
[4.696s] running egg_info
[4.698s] writing ../../build/my_py_pkg/my_py_pkg.egg-info/PKG-INFO
[4.699s] writing dependency_links to ../../build/my_py_pkg/my_py_pkg.egg-info/dependency_links.txt
[4.699s] writing entry points to ../../build/my_py_pkg/my_py_pkg.egg-info/entry_points.txt
[4.700s] writing requirements to ../../build/my_py_pkg/my_py_pkg.egg-info/requires.txt
[4.700s] writing top-level names to ../../build/my_py_pkg/my_py_pkg.egg-info/top_level.txt
[4.705s] reading manifest file '../../build/my_py_pkg/my_py_pkg.egg-info/SOURCES.txt'
[4.707s] writing manifest file '../../build/my_py_pkg/my_py_pkg.egg-info/SOURCES.txt'
[4.708s] running build
[4.708s] running build_py
[4.709s] copying my_py_pkg/nyu_client.py -> /home/celestino/ros2_ws/build/my_py_pkg/build/lib/my_py_pkg
[4.711s] running install
[4.712s] running install_lib
[4.715s] copying /home/celestino/ros2_ws/build/my_py_pkg/build/lib/my_py_pkg/nyu_client.py -> /home/celestino/ros2_ws/install/my_py_pkg/lib/python3.10/site-packages/my_py_pkg
[4.721s] byte-compiling /home/celestino/ros2_ws/install/my_py_pkg/lib/python3.10/site-packages/my_py_pkg/nyu_client.py to nyu_client.cpython-310.pyc
[4.738s] running install_data
[4.739s] running install_egg_info
[4.756s] removing '/home/celestino/ros2_ws/install/my_py_pkg/lib/python3.10/site-packages/my_py_pkg-0.0.0-py3.10.egg-info' (and everything under it)
[4.757s] Copying ../../build/my_py_pkg/my_py_pkg.egg-info to /home/celestino/ros2_ws/install/my_py_pkg/lib/python3.10/site-packages/my_py_pkg-0.0.0-py3.10.egg-info
[4.761s] running install_scripts
[4.864s] Installing add_two_ints_client script to /home/celestino/ros2_ws/install/my_py_pkg/lib/my_py_pkg
[4.864s] Installing add_two_ints_client_no_oop script to /home/celestino/ros2_ws/install/my_py_pkg/lib/my_py_pkg
[4.864s] Installing add_two_ints_server script to /home/celestino/ros2_ws/install/my_py_pkg/lib/my_py_pkg
[4.865s] Installing batgirl script to /home/celestino/ros2_ws/install/my_py_pkg/lib/my_py_pkg
[4.865s] Installing batman script to /home/celestino/ros2_ws/install/my_py_pkg/lib/my_py_pkg
[4.865s] Installing car script to /home/celestino/ros2_ws/install/my_py_pkg/lib/my_py_pkg
[4.865s] Installing facebook_client script to /home/celestino/ros2_ws/install/my_py_pkg/lib/my_py_pkg
[4.866s] Installing facebook_server script to /home/celestino/ros2_ws/install/my_py_pkg/lib/my_py_pkg
[4.894s] Installing google_client script to /home/celestino/ros2_ws/install/my_py_pkg/lib/my_py_pkg
[4.896s] Installing google_server script to /home/celestino/ros2_ws/install/my_py_pkg/lib/my_py_pkg
[4.903s] Installing microsoft_client script to /home/celestino/ros2_ws/install/my_py_pkg/lib/my_py_pkg
[4.910s] Installing microsoft_server script to /home/celestino/ros2_ws/install/my_py_pkg/lib/my_py_pkg
[4.911s] Installing netflix_client script to /home/celestino/ros2_ws/install/my_py_pkg/lib/my_py_pkg
[4.912s] Installing netflix_server script to /home/celestino/ros2_ws/install/my_py_pkg/lib/my_py_pkg
[4.912s] Installing night_wing script to /home/celestino/ros2_ws/install/my_py_pkg/lib/my_py_pkg
[4.913s] Installing number_counter script to /home/celestino/ros2_ws/install/my_py_pkg/lib/my_py_pkg
[4.914s] Installing number_publisher script to /home/celestino/ros2_ws/install/my_py_pkg/lib/my_py_pkg
[4.915s] Installing nyu_client script to /home/celestino/ros2_ws/install/my_py_pkg/lib/my_py_pkg
[4.916s] Installing nyu_server script to /home/celestino/ros2_ws/install/my_py_pkg/lib/my_py_pkg
[4.917s] Installing py_node script to /home/celestino/ros2_ws/install/my_py_pkg/lib/my_py_pkg
[4.922s] Installing radio_station script to /home/celestino/ros2_ws/install/my_py_pkg/lib/my_py_pkg
[4.923s] Installing robin script to /home/celestino/ros2_ws/install/my_py_pkg/lib/my_py_pkg
[4.923s] Installing robot_news_station script to /home/celestino/ros2_ws/install/my_py_pkg/lib/my_py_pkg
[4.924s] Installing satelite script to /home/celestino/ros2_ws/install/my_py_pkg/lib/my_py_pkg
[4.925s] Installing smartphone script to /home/celestino/ros2_ws/install/my_py_pkg/lib/my_py_pkg
[4.925s] Installing web_server script to /home/celestino/ros2_ws/install/my_py_pkg/lib/my_py_pkg
[4.928s] writing list of installed files to '/home/celestino/ros2_ws/build/my_py_pkg/install.log'
[4.983s] Invoked command in '/home/celestino/ros2_ws/src/my_py_pkg' returned '0': PYTHONPATH=/home/celestino/ros2_ws/build/my_py_pkg/prefix_override:/home/celestino/ros2_ws/install/my_py_pkg/lib/python3.10/site-packages:${PYTHONPATH} /usr/bin/python3 -W ignore:setup.py install is deprecated setup.py egg_info --egg-base ../../build/my_py_pkg build --build-base /home/celestino/ros2_ws/build/my_py_pkg/build install --record /home/celestino/ros2_ws/build/my_py_pkg/install.log --single-version-externally-managed install_data
