[2.273s] Invoking command in '/home/celestino/ros2_ws/src/my_py_pkg': PYTHONPATH=/home/celestino/ros2_ws/build/my_py_pkg/prefix_override:/home/celestino/ros2_ws/install/my_py_pkg/lib/python3.10/site-packages:${PYTHONPATH} /usr/bin/python3 -W ignore:setup.py install is deprecated setup.py egg_info --egg-base ../../build/my_py_pkg build --build-base /home/celestino/ros2_ws/build/my_py_pkg/build install --record /home/celestino/ros2_ws/build/my_py_pkg/install.log --single-version-externally-managed install_data
[3.098s] running egg_info
[3.099s] writing ../../build/my_py_pkg/my_py_pkg.egg-info/PKG-INFO
[3.100s] writing dependency_links to ../../build/my_py_pkg/my_py_pkg.egg-info/dependency_links.txt
[3.100s] writing entry points to ../../build/my_py_pkg/my_py_pkg.egg-info/entry_points.txt
[3.101s] writing requirements to ../../build/my_py_pkg/my_py_pkg.egg-info/requires.txt
[3.101s] writing top-level names to ../../build/my_py_pkg/my_py_pkg.egg-info/top_level.txt
[3.104s] reading manifest file '../../build/my_py_pkg/my_py_pkg.egg-info/SOURCES.txt'
[3.106s] writing manifest file '../../build/my_py_pkg/my_py_pkg.egg-info/SOURCES.txt'
[3.106s] running build
[3.107s] running build_py
[3.107s] copying my_py_pkg/microsoft_server.py -> /home/celestino/ros2_ws/build/my_py_pkg/build/lib/my_py_pkg
[3.109s] running install
[3.110s] running install_lib
[3.111s] copying /home/celestino/ros2_ws/build/my_py_pkg/build/lib/my_py_pkg/microsoft_server.py -> /home/celestino/ros2_ws/install/my_py_pkg/lib/python3.10/site-packages/my_py_pkg
[3.116s] byte-compiling /home/celestino/ros2_ws/install/my_py_pkg/lib/python3.10/site-packages/my_py_pkg/microsoft_server.py to microsoft_server.cpython-310.pyc
[3.118s] running install_data
[3.118s] running install_egg_info
[3.124s] removing '/home/celestino/ros2_ws/install/my_py_pkg/lib/python3.10/site-packages/my_py_pkg-0.0.0-py3.10.egg-info' (and everything under it)
[3.125s] Copying ../../build/my_py_pkg/my_py_pkg.egg-info to /home/celestino/ros2_ws/install/my_py_pkg/lib/python3.10/site-packages/my_py_pkg-0.0.0-py3.10.egg-info
[3.126s] running install_scripts
[3.199s] Installing add_two_ints_client script to /home/celestino/ros2_ws/install/my_py_pkg/lib/my_py_pkg
[3.199s] Installing add_two_ints_client_no_oop script to /home/celestino/ros2_ws/install/my_py_pkg/lib/my_py_pkg
[3.199s] Installing add_two_ints_server script to /home/celestino/ros2_ws/install/my_py_pkg/lib/my_py_pkg
[3.200s] Installing batgirl script to /home/celestino/ros2_ws/install/my_py_pkg/lib/my_py_pkg
[3.200s] Installing batman script to /home/celestino/ros2_ws/install/my_py_pkg/lib/my_py_pkg
[3.200s] Installing car script to /home/celestino/ros2_ws/install/my_py_pkg/lib/my_py_pkg
[3.200s] Installing facebook_client script to /home/celestino/ros2_ws/install/my_py_pkg/lib/my_py_pkg
[3.201s] Installing facebook_server script to /home/celestino/ros2_ws/install/my_py_pkg/lib/my_py_pkg
[3.201s] Installing google_client script to /home/celestino/ros2_ws/install/my_py_pkg/lib/my_py_pkg
[3.201s] Installing google_server script to /home/celestino/ros2_ws/install/my_py_pkg/lib/my_py_pkg
[3.201s] Installing microsoft_server script to /home/celestino/ros2_ws/install/my_py_pkg/lib/my_py_pkg
[3.202s] Installing night_wing script to /home/celestino/ros2_ws/install/my_py_pkg/lib/my_py_pkg
[3.202s] Installing number_counter script to /home/celestino/ros2_ws/install/my_py_pkg/lib/my_py_pkg
[3.202s] Installing number_publisher script to /home/celestino/ros2_ws/install/my_py_pkg/lib/my_py_pkg
[3.203s] Installing py_node script to /home/celestino/ros2_ws/install/my_py_pkg/lib/my_py_pkg
[3.203s] Installing radio_station script to /home/celestino/ros2_ws/install/my_py_pkg/lib/my_py_pkg
[3.203s] Installing robin script to /home/celestino/ros2_ws/install/my_py_pkg/lib/my_py_pkg
[3.203s] Installing robot_news_station script to /home/celestino/ros2_ws/install/my_py_pkg/lib/my_py_pkg
[3.203s] Installing satelite script to /home/celestino/ros2_ws/install/my_py_pkg/lib/my_py_pkg
[3.204s] Installing smartphone script to /home/celestino/ros2_ws/install/my_py_pkg/lib/my_py_pkg
[3.204s] Installing web_server script to /home/celestino/ros2_ws/install/my_py_pkg/lib/my_py_pkg
[3.205s] writing list of installed files to '/home/celestino/ros2_ws/build/my_py_pkg/install.log'
[3.245s] Invoked command in '/home/celestino/ros2_ws/src/my_py_pkg' returned '0': PYTHONPATH=/home/celestino/ros2_ws/build/my_py_pkg/prefix_override:/home/celestino/ros2_ws/install/my_py_pkg/lib/python3.10/site-packages:${PYTHONPATH} /usr/bin/python3 -W ignore:setup.py install is deprecated setup.py egg_info --egg-base ../../build/my_py_pkg build --build-base /home/celestino/ros2_ws/build/my_py_pkg/build install --record /home/celestino/ros2_ws/build/my_py_pkg/install.log --single-version-externally-managed install_data
