[2.098s] Invoking command in '/home/celestino/ros2_ws/build/my_py_pkg': PYTHONPATH=/home/celestino/ros2_ws/build/my_py_pkg/prefix_override:/home/celestino/ros2_ws/install/my_py_pkg/lib/python3.10/site-packages:${PYTHONPATH} /usr/bin/python3 -W ignore:setup.py install is deprecated setup.py develop --editable --build-directory /home/celestino/ros2_ws/build/my_py_pkg/build --no-deps symlink_data
[3.037s] running develop
[3.037s] /usr/lib/python3/dist-packages/setuptools/command/easy_install.py:158: EasyInstallDeprecationWarning: easy_install command is deprecated. Use build and pip and other standards-based tools.
[3.037s]   warnings.warn(
[3.484s] running egg_info
[3.484s] writing my_py_pkg.egg-info/PKG-INFO
[3.485s] writing dependency_links to my_py_pkg.egg-info/dependency_links.txt
[3.485s] writing entry points to my_py_pkg.egg-info/entry_points.txt
[3.485s] writing requirements to my_py_pkg.egg-info/requires.txt
[3.486s] writing top-level names to my_py_pkg.egg-info/top_level.txt
[3.488s] reading manifest file 'my_py_pkg.egg-info/SOURCES.txt'
[3.490s] writing manifest file 'my_py_pkg.egg-info/SOURCES.txt'
[3.498s] running build_ext
[3.498s] Creating /home/celestino/ros2_ws/install/my_py_pkg/lib/python3.10/site-packages/my-py-pkg.egg-link (link to .)
[3.500s] Installing number_counter script to /home/celestino/ros2_ws/install/my_py_pkg/lib/my_py_pkg
[3.500s] Installing number_publisher script to /home/celestino/ros2_ws/install/my_py_pkg/lib/my_py_pkg
[3.501s] Installing py_node script to /home/celestino/ros2_ws/install/my_py_pkg/lib/my_py_pkg
[3.501s] Installing robot_news_station script to /home/celestino/ros2_ws/install/my_py_pkg/lib/my_py_pkg
[3.501s] Installing smartphone script to /home/celestino/ros2_ws/install/my_py_pkg/lib/my_py_pkg
[3.501s] 
[3.502s] Installed /home/celestino/ros2_ws/build/my_py_pkg
[3.502s] running symlink_data
[3.552s] Invoked command in '/home/celestino/ros2_ws/build/my_py_pkg' returned '0': PYTHONPATH=/home/celestino/ros2_ws/build/my_py_pkg/prefix_override:/home/celestino/ros2_ws/install/my_py_pkg/lib/python3.10/site-packages:${PYTHONPATH} /usr/bin/python3 -W ignore:setup.py install is deprecated setup.py develop --editable --build-directory /home/celestino/ros2_ws/build/my_py_pkg/build --no-deps symlink_data
