[2.091s] Invoking command in '/home/celestino/ros2_ws/src/my_py_pkg': PYTHONPATH=/home/celestino/ros2_ws/build/my_py_pkg/prefix_override:/home/celestino/ros2_ws/install/my_py_pkg/lib/python3.10/site-packages:${PYTHONPATH} /usr/bin/python3 -W ignore:setup.py install is deprecated setup.py egg_info --egg-base ../../build/my_py_pkg build --build-base /home/celestino/ros2_ws/build/my_py_pkg/build install --record /home/celestino/ros2_ws/build/my_py_pkg/install.log --single-version-externally-managed install_data
[2.918s] running egg_info
[2.920s] writing ../../build/my_py_pkg/my_py_pkg.egg-info/PKG-INFO
[2.920s] writing dependency_links to ../../build/my_py_pkg/my_py_pkg.egg-info/dependency_links.txt
[2.921s] writing entry points to ../../build/my_py_pkg/my_py_pkg.egg-info/entry_points.txt
[2.921s] writing requirements to ../../build/my_py_pkg/my_py_pkg.egg-info/requires.txt
[2.922s] writing top-level names to ../../build/my_py_pkg/my_py_pkg.egg-info/top_level.txt
[2.925s] reading manifest file '../../build/my_py_pkg/my_py_pkg.egg-info/SOURCES.txt'
[2.927s] writing manifest file '../../build/my_py_pkg/my_py_pkg.egg-info/SOURCES.txt'
[2.928s] running build
[2.928s] running build_py
[2.929s] copying my_py_pkg/batman_client.py -> /home/celestino/ros2_ws/build/my_py_pkg/build/lib/my_py_pkg
[2.931s] running install
[2.932s] running install_lib
[2.934s] copying /home/celestino/ros2_ws/build/my_py_pkg/build/lib/my_py_pkg/batman_client.py -> /home/celestino/ros2_ws/install/my_py_pkg/lib/python3.10/site-packages/my_py_pkg
[2.940s] byte-compiling /home/celestino/ros2_ws/install/my_py_pkg/lib/python3.10/site-packages/my_py_pkg/batman_client.py to batman_client.cpython-310.pyc
[2.942s] running install_data
[2.942s] running install_egg_info
[2.948s] removing '/home/celestino/ros2_ws/install/my_py_pkg/lib/python3.10/site-packages/my_py_pkg-0.0.0-py3.10.egg-info' (and everything under it)
[2.948s] Copying ../../build/my_py_pkg/my_py_pkg.egg-info to /home/celestino/ros2_ws/install/my_py_pkg/lib/python3.10/site-packages/my_py_pkg-0.0.0-py3.10.egg-info
[2.951s] running install_scripts
[3.019s] Installing add_two_ints_client script to /home/celestino/ros2_ws/install/my_py_pkg/lib/my_py_pkg
[3.020s] Installing add_two_ints_client_no_oop script to /home/celestino/ros2_ws/install/my_py_pkg/lib/my_py_pkg
[3.021s] Installing add_two_ints_server script to /home/celestino/ros2_ws/install/my_py_pkg/lib/my_py_pkg
[3.021s] Installing batgirl script to /home/celestino/ros2_ws/install/my_py_pkg/lib/my_py_pkg
[3.021s] Installing batman script to /home/celestino/ros2_ws/install/my_py_pkg/lib/my_py_pkg
[3.021s] Installing batman_client script to /home/celestino/ros2_ws/install/my_py_pkg/lib/my_py_pkg
[3.022s] Installing batman_server script to /home/celestino/ros2_ws/install/my_py_pkg/lib/my_py_pkg
[3.022s] Installing car script to /home/celestino/ros2_ws/install/my_py_pkg/lib/my_py_pkg
[3.022s] Installing facebook_client script to /home/celestino/ros2_ws/install/my_py_pkg/lib/my_py_pkg
[3.022s] Installing facebook_server script to /home/celestino/ros2_ws/install/my_py_pkg/lib/my_py_pkg
[3.023s] Installing google_client script to /home/celestino/ros2_ws/install/my_py_pkg/lib/my_py_pkg
[3.023s] Installing google_server script to /home/celestino/ros2_ws/install/my_py_pkg/lib/my_py_pkg
[3.023s] Installing mexico_client script to /home/celestino/ros2_ws/install/my_py_pkg/lib/my_py_pkg
[3.023s] Installing mexico_server script to /home/celestino/ros2_ws/install/my_py_pkg/lib/my_py_pkg
[3.024s] Installing microsoft_client script to /home/celestino/ros2_ws/install/my_py_pkg/lib/my_py_pkg
[3.024s] Installing microsoft_server script to /home/celestino/ros2_ws/install/my_py_pkg/lib/my_py_pkg
[3.024s] Installing netflix_client script to /home/celestino/ros2_ws/install/my_py_pkg/lib/my_py_pkg
[3.024s] Installing netflix_server script to /home/celestino/ros2_ws/install/my_py_pkg/lib/my_py_pkg
[3.025s] Installing night_wing script to /home/celestino/ros2_ws/install/my_py_pkg/lib/my_py_pkg
[3.025s] Installing number_counter script to /home/celestino/ros2_ws/install/my_py_pkg/lib/my_py_pkg
[3.025s] Installing number_publisher script to /home/celestino/ros2_ws/install/my_py_pkg/lib/my_py_pkg
[3.025s] Installing nyu_client script to /home/celestino/ros2_ws/install/my_py_pkg/lib/my_py_pkg
[3.026s] Installing nyu_server script to /home/celestino/ros2_ws/install/my_py_pkg/lib/my_py_pkg
[3.026s] Installing py_node script to /home/celestino/ros2_ws/install/my_py_pkg/lib/my_py_pkg
[3.026s] Installing radio_station script to /home/celestino/ros2_ws/install/my_py_pkg/lib/my_py_pkg
[3.026s] Installing robin script to /home/celestino/ros2_ws/install/my_py_pkg/lib/my_py_pkg
[3.026s] Installing robot_news_station script to /home/celestino/ros2_ws/install/my_py_pkg/lib/my_py_pkg
[3.027s] Installing satelite script to /home/celestino/ros2_ws/install/my_py_pkg/lib/my_py_pkg
[3.027s] Installing smartphone script to /home/celestino/ros2_ws/install/my_py_pkg/lib/my_py_pkg
[3.027s] Installing texas_client script to /home/celestino/ros2_ws/install/my_py_pkg/lib/my_py_pkg
[3.027s] Installing texas_server script to /home/celestino/ros2_ws/install/my_py_pkg/lib/my_py_pkg
[3.028s] Installing web_server script to /home/celestino/ros2_ws/install/my_py_pkg/lib/my_py_pkg
[3.030s] writing list of installed files to '/home/celestino/ros2_ws/build/my_py_pkg/install.log'
[3.071s] Invoked command in '/home/celestino/ros2_ws/src/my_py_pkg' returned '0': PYTHONPATH=/home/celestino/ros2_ws/build/my_py_pkg/prefix_override:/home/celestino/ros2_ws/install/my_py_pkg/lib/python3.10/site-packages:${PYTHONPATH} /usr/bin/python3 -W ignore:setup.py install is deprecated setup.py egg_info --egg-base ../../build/my_py_pkg build --build-base /home/celestino/ros2_ws/build/my_py_pkg/build install --record /home/celestino/ros2_ws/build/my_py_pkg/install.log --single-version-externally-managed install_data
