[0.475s] DEBUG:colcon:Command line arguments: ['/usr/bin/colcon', 'build']
[0.476s] DEBUG:colcon:Parsed command line arguments: Namespace(log_base=None, log_level=None, verb_name='build', build_base='build', install_base='install', merge_install=False, symlink_install=False, test_result_base=None, continue_on_error=False, executor='parallel', parallel_workers=4, event_handlers=None, ignore_user_meta=False, metas=['./colcon.meta'], base_paths=['.'], packages_ignore=None, packages_ignore_regex=None, paths=None, packages_up_to=None, packages_up_to_regex=None, packages_above=None, packages_above_and_dependencies=None, packages_above_depth=None, packages_select_by_dep=None, packages_skip_by_dep=None, packages_skip_up_to=None, packages_select_build_failed=False, packages_skip_build_finished=False, packages_select_test_failures=False, packages_skip_test_passed=False, packages_select=None, packages_skip=None, packages_select_regex=None, packages_skip_regex=None, packages_start=None, packages_end=None, allow_overriding=[], cmake_args=None, cmake_target=None, cmake_target_skip_unavailable=False, cmake_clean_cache=False, cmake_clean_first=False, cmake_force_configure=False, ament_cmake_args=None, catkin_cmake_args=None, catkin_skip_building_tests=False, verb_parser=<colcon_defaults.argument_parser.defaults.DefaultArgumentsDecorator object at 0x7e1e7355a5c0>, verb_extension=<colcon_core.verb.build.BuildVerb object at 0x7e1e73558f40>, main=<bound method BuildVerb.main of <colcon_core.verb.build.BuildVerb object at 0x7e1e73558f40>>)
[0.981s] Level 1:colcon.colcon_core.package_discovery:discover_packages(colcon_meta) check parameters
[0.981s] Level 1:colcon.colcon_core.package_discovery:discover_packages(recursive) check parameters
[0.981s] Level 1:colcon.colcon_core.package_discovery:discover_packages(ignore) check parameters
[0.981s] Level 1:colcon.colcon_core.package_discovery:discover_packages(path) check parameters
[0.981s] Level 1:colcon.colcon_core.package_discovery:discover_packages(colcon_meta) discover
[0.981s] Level 1:colcon.colcon_core.package_discovery:discover_packages(recursive) discover
[0.981s] INFO:colcon.colcon_core.package_discovery:Crawling recursively for packages in '/home/celestino/ros2_ws'
[0.982s] Level 1:colcon.colcon_core.package_identification:_identify(.) by extensions ['ignore', 'ignore_ament_install']
[0.982s] Level 1:colcon.colcon_core.package_identification:_identify(.) by extension 'ignore'
[0.982s] Level 1:colcon.colcon_core.package_identification:_identify(.) by extension 'ignore_ament_install'
[0.982s] Level 1:colcon.colcon_core.package_identification:_identify(.) by extensions ['colcon_pkg']
[0.982s] Level 1:colcon.colcon_core.package_identification:_identify(.) by extension 'colcon_pkg'
[0.982s] Level 1:colcon.colcon_core.package_identification:_identify(.) by extensions ['colcon_meta']
[0.982s] Level 1:colcon.colcon_core.package_identification:_identify(.) by extension 'colcon_meta'
[0.982s] Level 1:colcon.colcon_core.package_identification:_identify(.) by extensions ['ros']
[0.983s] Level 1:colcon.colcon_core.package_identification:_identify(.) by extension 'ros'
[1.003s] Level 1:colcon.colcon_core.package_identification:_identify(.) by extensions ['cmake', 'python']
[1.003s] Level 1:colcon.colcon_core.package_identification:_identify(.) by extension 'cmake'
[1.003s] Level 1:colcon.colcon_core.package_identification:_identify(.) by extension 'python'
[1.003s] Level 1:colcon.colcon_core.package_identification:_identify(.) by extensions ['python_setup_py']
[1.004s] Level 1:colcon.colcon_core.package_identification:_identify(.) by extension 'python_setup_py'
[1.004s] Level 1:colcon.colcon_core.package_identification:_identify(build) by extensions ['ignore', 'ignore_ament_install']
[1.004s] Level 1:colcon.colcon_core.package_identification:_identify(build) by extension 'ignore'
[1.004s] Level 1:colcon.colcon_core.package_identification:_identify(build) ignored
[1.004s] Level 1:colcon.colcon_core.package_identification:_identify(install) by extensions ['ignore', 'ignore_ament_install']
[1.005s] Level 1:colcon.colcon_core.package_identification:_identify(install) by extension 'ignore'
[1.005s] Level 1:colcon.colcon_core.package_identification:_identify(install) ignored
[1.005s] Level 1:colcon.colcon_core.package_identification:_identify(log) by extensions ['ignore', 'ignore_ament_install']
[1.005s] Level 1:colcon.colcon_core.package_identification:_identify(log) by extension 'ignore'
[1.006s] Level 1:colcon.colcon_core.package_identification:_identify(log) ignored
[1.006s] Level 1:colcon.colcon_core.package_identification:_identify(src) by extensions ['ignore', 'ignore_ament_install']
[1.006s] Level 1:colcon.colcon_core.package_identification:_identify(src) by extension 'ignore'
[1.006s] Level 1:colcon.colcon_core.package_identification:_identify(src) by extension 'ignore_ament_install'
[1.006s] Level 1:colcon.colcon_core.package_identification:_identify(src) by extensions ['colcon_pkg']
[1.006s] Level 1:colcon.colcon_core.package_identification:_identify(src) by extension 'colcon_pkg'
[1.006s] Level 1:colcon.colcon_core.package_identification:_identify(src) by extensions ['colcon_meta']
[1.007s] Level 1:colcon.colcon_core.package_identification:_identify(src) by extension 'colcon_meta'
[1.007s] Level 1:colcon.colcon_core.package_identification:_identify(src) by extensions ['ros']
[1.007s] Level 1:colcon.colcon_core.package_identification:_identify(src) by extension 'ros'
[1.007s] Level 1:colcon.colcon_core.package_identification:_identify(src) by extensions ['cmake', 'python']
[1.007s] Level 1:colcon.colcon_core.package_identification:_identify(src) by extension 'cmake'
[1.007s] Level 1:colcon.colcon_core.package_identification:_identify(src) by extension 'python'
[1.007s] Level 1:colcon.colcon_core.package_identification:_identify(src) by extensions ['python_setup_py']
[1.007s] Level 1:colcon.colcon_core.package_identification:_identify(src) by extension 'python_setup_py'
[1.008s] Level 1:colcon.colcon_core.package_identification:_identify(src/my_py_pkg) by extensions ['ignore', 'ignore_ament_install']
[1.008s] Level 1:colcon.colcon_core.package_identification:_identify(src/my_py_pkg) by extension 'ignore'
[1.008s] Level 1:colcon.colcon_core.package_identification:_identify(src/my_py_pkg) by extension 'ignore_ament_install'
[1.008s] Level 1:colcon.colcon_core.package_identification:_identify(src/my_py_pkg) by extensions ['colcon_pkg']
[1.008s] Level 1:colcon.colcon_core.package_identification:_identify(src/my_py_pkg) by extension 'colcon_pkg'
[1.008s] Level 1:colcon.colcon_core.package_identification:_identify(src/my_py_pkg) by extensions ['colcon_meta']
[1.008s] Level 1:colcon.colcon_core.package_identification:_identify(src/my_py_pkg) by extension 'colcon_meta'
[1.008s] Level 1:colcon.colcon_core.package_identification:_identify(src/my_py_pkg) by extensions ['ros']
[1.009s] Level 1:colcon.colcon_core.package_identification:_identify(src/my_py_pkg) by extension 'ros'
[1.015s] DEBUG:colcon.colcon_core.package_identification:Package 'src/my_py_pkg' with type 'ros.ament_python' and name 'my_py_pkg'
[1.016s] Level 1:colcon.colcon_core.package_identification:_identify(src/my_robot_interfaces) by extensions ['ignore', 'ignore_ament_install']
[1.016s] Level 1:colcon.colcon_core.package_identification:_identify(src/my_robot_interfaces) by extension 'ignore'
[1.016s] Level 1:colcon.colcon_core.package_identification:_identify(src/my_robot_interfaces) by extension 'ignore_ament_install'
[1.016s] Level 1:colcon.colcon_core.package_identification:_identify(src/my_robot_interfaces) by extensions ['colcon_pkg']
[1.016s] Level 1:colcon.colcon_core.package_identification:_identify(src/my_robot_interfaces) by extension 'colcon_pkg'
[1.016s] Level 1:colcon.colcon_core.package_identification:_identify(src/my_robot_interfaces) by extensions ['colcon_meta']
[1.016s] Level 1:colcon.colcon_core.package_identification:_identify(src/my_robot_interfaces) by extension 'colcon_meta'
[1.017s] Level 1:colcon.colcon_core.package_identification:_identify(src/my_robot_interfaces) by extensions ['ros']
[1.017s] Level 1:colcon.colcon_core.package_identification:_identify(src/my_robot_interfaces) by extension 'ros'
[1.018s] DEBUG:colcon.colcon_core.package_identification:Package 'src/my_robot_interfaces' with type 'ros.ament_cmake' and name 'my_robot_interfaces'
[1.018s] Level 1:colcon.colcon_core.package_discovery:discover_packages(recursive) using defaults
[1.018s] Level 1:colcon.colcon_core.package_discovery:discover_packages(ignore) discover
[1.018s] Level 1:colcon.colcon_core.package_discovery:discover_packages(ignore) using defaults
[1.018s] Level 1:colcon.colcon_core.package_discovery:discover_packages(path) discover
[1.018s] Level 1:colcon.colcon_core.package_discovery:discover_packages(path) using defaults
[1.096s] Level 1:colcon.colcon_core.package_discovery:discover_packages(prefix_path) check parameters
[1.096s] Level 1:colcon.colcon_core.package_discovery:discover_packages(prefix_path) discover
[1.489s] DEBUG:colcon.colcon_installed_package_information.package_discovery:Found 2 installed packages in /home/celestino/ros2_ws/install
[1.505s] DEBUG:colcon.colcon_installed_package_information.package_discovery:Found 345 installed packages in /home/celestino/ros2_humble/install
[1.508s] Level 1:colcon.colcon_core.package_discovery:discover_packages(prefix_path) using defaults
[1.563s] Level 5:colcon.colcon_core.verb:set package 'my_robot_interfaces' build argument 'cmake_args' from command line to 'None'
[1.563s] Level 5:colcon.colcon_core.verb:set package 'my_robot_interfaces' build argument 'cmake_target' from command line to 'None'
[1.563s] Level 5:colcon.colcon_core.verb:set package 'my_robot_interfaces' build argument 'cmake_target_skip_unavailable' from command line to 'False'
[1.563s] Level 5:colcon.colcon_core.verb:set package 'my_robot_interfaces' build argument 'cmake_clean_cache' from command line to 'False'
[1.563s] Level 5:colcon.colcon_core.verb:set package 'my_robot_interfaces' build argument 'cmake_clean_first' from command line to 'False'
[1.563s] Level 5:colcon.colcon_core.verb:set package 'my_robot_interfaces' build argument 'cmake_force_configure' from command line to 'False'
[1.563s] Level 5:colcon.colcon_core.verb:set package 'my_robot_interfaces' build argument 'ament_cmake_args' from command line to 'None'
[1.563s] Level 5:colcon.colcon_core.verb:set package 'my_robot_interfaces' build argument 'catkin_cmake_args' from command line to 'None'
[1.563s] Level 5:colcon.colcon_core.verb:set package 'my_robot_interfaces' build argument 'catkin_skip_building_tests' from command line to 'False'
[1.563s] DEBUG:colcon.colcon_core.verb:Building package 'my_robot_interfaces' with the following arguments: {'ament_cmake_args': None, 'build_base': '/home/celestino/ros2_ws/build/my_robot_interfaces', 'catkin_cmake_args': None, 'catkin_skip_building_tests': False, 'cmake_args': None, 'cmake_clean_cache': False, 'cmake_clean_first': False, 'cmake_force_configure': False, 'cmake_target': None, 'cmake_target_skip_unavailable': False, 'install_base': '/home/celestino/ros2_ws/install/my_robot_interfaces', 'merge_install': False, 'path': '/home/celestino/ros2_ws/src/my_robot_interfaces', 'symlink_install': False, 'test_result_base': None}
[1.564s] Level 5:colcon.colcon_core.verb:set package 'my_py_pkg' build argument 'cmake_args' from command line to 'None'
[1.564s] Level 5:colcon.colcon_core.verb:set package 'my_py_pkg' build argument 'cmake_target' from command line to 'None'
[1.564s] Level 5:colcon.colcon_core.verb:set package 'my_py_pkg' build argument 'cmake_target_skip_unavailable' from command line to 'False'
[1.564s] Level 5:colcon.colcon_core.verb:set package 'my_py_pkg' build argument 'cmake_clean_cache' from command line to 'False'
[1.564s] Level 5:colcon.colcon_core.verb:set package 'my_py_pkg' build argument 'cmake_clean_first' from command line to 'False'
[1.564s] Level 5:colcon.colcon_core.verb:set package 'my_py_pkg' build argument 'cmake_force_configure' from command line to 'False'
[1.564s] Level 5:colcon.colcon_core.verb:set package 'my_py_pkg' build argument 'ament_cmake_args' from command line to 'None'
[1.564s] Level 5:colcon.colcon_core.verb:set package 'my_py_pkg' build argument 'catkin_cmake_args' from command line to 'None'
[1.564s] Level 5:colcon.colcon_core.verb:set package 'my_py_pkg' build argument 'catkin_skip_building_tests' from command line to 'False'
[1.564s] DEBUG:colcon.colcon_core.verb:Building package 'my_py_pkg' with the following arguments: {'ament_cmake_args': None, 'build_base': '/home/celestino/ros2_ws/build/my_py_pkg', 'catkin_cmake_args': None, 'catkin_skip_building_tests': False, 'cmake_args': None, 'cmake_clean_cache': False, 'cmake_clean_first': False, 'cmake_force_configure': False, 'cmake_target': None, 'cmake_target_skip_unavailable': False, 'install_base': '/home/celestino/ros2_ws/install/my_py_pkg', 'merge_install': False, 'path': '/home/celestino/ros2_ws/src/my_py_pkg', 'symlink_install': False, 'test_result_base': None}
[1.564s] INFO:colcon.colcon_core.executor:Executing jobs using 'parallel' executor
[1.566s] DEBUG:colcon.colcon_parallel_executor.executor.parallel:run_until_complete
[1.566s] INFO:colcon.colcon_ros.task.ament_cmake.build:Building ROS package in '/home/celestino/ros2_ws/src/my_robot_interfaces' with build type 'ament_cmake'
[1.567s] INFO:colcon.colcon_cmake.task.cmake.build:Building CMake package in '/home/celestino/ros2_ws/src/my_robot_interfaces'
[1.579s] INFO:colcon.colcon_core.plugin_system:Skipping extension 'colcon_core.shell.bat': Not used on non-Windows systems
[1.579s] INFO:colcon.colcon_core.shell:Skip shell extension 'powershell' for command environment: Not usable outside of PowerShell
[1.579s] DEBUG:colcon.colcon_core.shell:Skip shell extension 'dsv' for command environment
[1.644s] DEBUG:colcon.colcon_core.event_handler.log_command:Invoking command in '/home/celestino/ros2_ws/build/my_robot_interfaces': CMAKE_PREFIX_PATH=${CMAKE_PREFIX_PATH}:/home/celestino/ros2_ws/install/my_py_pkg:/home/celestino/ros2_humble/install/rqt_bag_plugins:/home/celestino/ros2_humble/install/rqt_bag:/home/celestino/ros2_humble/install/ros2bag:/home/celestino/ros2_humble/install/tracetools_test:/home/celestino/ros2_humble/install/tracetools_launch:/home/celestino/ros2_humble/install/topic_monitor:/home/celestino/ros2_humble/install/tf2_tools:/home/celestino/ros2_humble/install/examples_tf2_py:/home/celestino/ros2_humble/install/tf2_ros_py:/home/celestino/ros2_humble/install/sros2:/home/celestino/ros2_humble/install/rqt_topic:/home/celestino/ros2_humble/install/rqt_srv:/home/celestino/ros2_humble/install/rqt_shell:/home/celestino/ros2_humble/install/rqt_service_caller:/home/celestino/ros2_humble/install/rqt_reconfigure:/home/celestino/ros2_humble/install/rqt_py_console:/home/celestino/ros2_humble/install/rqt_publisher:/home/celestino/ros2_humble/install/rqt_plot:/home/celestino/ros2_humble/install/rqt_action:/home/celestino/ros2_humble/install/rqt_msg:/home/celestino/ros2_humble/install/rqt_console:/home/celestino/ros2_humble/install/rqt:/home/celestino/ros2_humble/install/rqt_graph:/home/celestino/ros2_humble/install/rqt_gui_py:/home/celestino/ros2_humble/install/rqt_gui:/home/celestino/ros2_humble/install/ros2trace:/home/celestino/ros2_humble/install/ros2topic:/home/celestino/ros2_humble/install/ros2test:/home/celestino/ros2_humble/install/ros2component:/home/celestino/ros2_humble/install/ros2param:/home/celestino/ros2_humble/install/ros2lifecycle:/home/celestino/ros2_humble/install/ros2service:/home/celestino/ros2_humble/install/ros2run:/home/celestino/ros2_humble/install/ros2launch:/home/celestino/ros2_humble/install/ros2pkg:/home/celestino/ros2_humble/install/ros2node:/home/celestino/ros2_humble/install/ros2multicast:/home/celestino/ros2_humble/install/ros2interface:/home/celestino/ros2_humble/install/ros2doctor:/home/celestino/ros2_humble/install/ros2action:/home/celestino/ros2_humble/install/ros2cli:/home/celestino/ros2_humble/install/quality_of_service_demo_py:/home/celestino/ros2_humble/install/lifecycle_py:/home/celestino/ros2_humble/install/launch_testing_ros:/home/celestino/ros2_humble/install/launch_ros:/home/celestino/ros2_humble/install/examples_rclpy_pointcloud_publisher:/home/celestino/ros2_humble/install/examples_rclpy_minimal_subscriber:/home/celestino/ros2_humble/install/examples_rclpy_minimal_service:/home/celestino/ros2_humble/install/examples_rclpy_minimal_publisher:/home/celestino/ros2_humble/install/examples_rclpy_minimal_client:/home/celestino/ros2_humble/install/examples_rclpy_minimal_action_server:/home/celestino/ros2_humble/install/examples_rclpy_minimal_action_client:/home/celestino/ros2_humble/install/examples_rclpy_guard_conditions:/home/celestino/ros2_humble/install/examples_rclpy_executors:/home/celestino/ros2_humble/install/demo_nodes_py:/home/celestino/ros2_humble/install/action_tutorials_py:/home/celestino/ros2_humble/install/ament_uncrustify:/home/celestino/ros2_humble/install/tracetools_trace:/home/celestino/ros2_humble/install/tracetools_read:/home/celestino/ros2_humble/install/test_tracetools_launch:/home/celestino/ros2_humble/install/test_launch_ros:/home/celestino/ros2_humble/install/sensor_msgs_py:/home/celestino/ros2_humble/install/rpyutils:/home/celestino/ros2_humble/install/rosidl_runtime_py:/home/celestino/ros2_humble/install/rosidl_cli:/home/celestino/ros2_humble/install/launch_pytest:/home/celestino/ros2_humble/install/launch_testing:/home/celestino/ros2_humble/install/launch_yaml:/home/celestino/ros2_humble/install/launch_xml:/home/celestino/ros2_humble/install/launch:/home/celestino/ros2_humble/install/osrf_pycommon:/home/celestino/ros2_humble/install/launch_testing_examples:/home/celestino/ros2_humble/install/domain_coordinator:/home/celestino/ros2_humble/install/ament_xmllint:/home/celestino/ros2_humble/install/ament_pyflakes:/home/celestino/ros2_humble/install/ament_pycodestyle:/home/celestino/ros2_humble/install/ament_pep257:/home/celestino/ros2_humble/install/ament_pclint:/home/celestino/ros2_humble/install/ament_package:/home/celestino/ros2_humble/install/ament_mypy:/home/celestino/ros2_humble/install/ament_lint_cmake:/home/celestino/ros2_humble/install/ament_flake8:/home/celestino/ros2_humble/install/ament_copyright:/home/celestino/ros2_humble/install/ament_lint:/home/celestino/ros2_humble/install/ament_index_python:/home/celestino/ros2_humble/install/ament_cpplint:/home/celestino/ros2_humble/install/ament_cppcheck:/home/celestino/ros2_humble/install/ament_clang_tidy:/home/celestino/ros2_humble/install/ament_clang_format /usr/bin/cmake --build /home/celestino/ros2_ws/build/my_robot_interfaces -- -j4 -l4
[3.300s] DEBUG:colcon.colcon_core.event_handler.log_command:Invoked command in '/home/celestino/ros2_ws/build/my_robot_interfaces' returned '0': CMAKE_PREFIX_PATH=${CMAKE_PREFIX_PATH}:/home/celestino/ros2_ws/install/my_py_pkg:/home/celestino/ros2_humble/install/rqt_bag_plugins:/home/celestino/ros2_humble/install/rqt_bag:/home/celestino/ros2_humble/install/ros2bag:/home/celestino/ros2_humble/install/tracetools_test:/home/celestino/ros2_humble/install/tracetools_launch:/home/celestino/ros2_humble/install/topic_monitor:/home/celestino/ros2_humble/install/tf2_tools:/home/celestino/ros2_humble/install/examples_tf2_py:/home/celestino/ros2_humble/install/tf2_ros_py:/home/celestino/ros2_humble/install/sros2:/home/celestino/ros2_humble/install/rqt_topic:/home/celestino/ros2_humble/install/rqt_srv:/home/celestino/ros2_humble/install/rqt_shell:/home/celestino/ros2_humble/install/rqt_service_caller:/home/celestino/ros2_humble/install/rqt_reconfigure:/home/celestino/ros2_humble/install/rqt_py_console:/home/celestino/ros2_humble/install/rqt_publisher:/home/celestino/ros2_humble/install/rqt_plot:/home/celestino/ros2_humble/install/rqt_action:/home/celestino/ros2_humble/install/rqt_msg:/home/celestino/ros2_humble/install/rqt_console:/home/celestino/ros2_humble/install/rqt:/home/celestino/ros2_humble/install/rqt_graph:/home/celestino/ros2_humble/install/rqt_gui_py:/home/celestino/ros2_humble/install/rqt_gui:/home/celestino/ros2_humble/install/ros2trace:/home/celestino/ros2_humble/install/ros2topic:/home/celestino/ros2_humble/install/ros2test:/home/celestino/ros2_humble/install/ros2component:/home/celestino/ros2_humble/install/ros2param:/home/celestino/ros2_humble/install/ros2lifecycle:/home/celestino/ros2_humble/install/ros2service:/home/celestino/ros2_humble/install/ros2run:/home/celestino/ros2_humble/install/ros2launch:/home/celestino/ros2_humble/install/ros2pkg:/home/celestino/ros2_humble/install/ros2node:/home/celestino/ros2_humble/install/ros2multicast:/home/celestino/ros2_humble/install/ros2interface:/home/celestino/ros2_humble/install/ros2doctor:/home/celestino/ros2_humble/install/ros2action:/home/celestino/ros2_humble/install/ros2cli:/home/celestino/ros2_humble/install/quality_of_service_demo_py:/home/celestino/ros2_humble/install/lifecycle_py:/home/celestino/ros2_humble/install/launch_testing_ros:/home/celestino/ros2_humble/install/launch_ros:/home/celestino/ros2_humble/install/examples_rclpy_pointcloud_publisher:/home/celestino/ros2_humble/install/examples_rclpy_minimal_subscriber:/home/celestino/ros2_humble/install/examples_rclpy_minimal_service:/home/celestino/ros2_humble/install/examples_rclpy_minimal_publisher:/home/celestino/ros2_humble/install/examples_rclpy_minimal_client:/home/celestino/ros2_humble/install/examples_rclpy_minimal_action_server:/home/celestino/ros2_humble/install/examples_rclpy_minimal_action_client:/home/celestino/ros2_humble/install/examples_rclpy_guard_conditions:/home/celestino/ros2_humble/install/examples_rclpy_executors:/home/celestino/ros2_humble/install/demo_nodes_py:/home/celestino/ros2_humble/install/action_tutorials_py:/home/celestino/ros2_humble/install/ament_uncrustify:/home/celestino/ros2_humble/install/tracetools_trace:/home/celestino/ros2_humble/install/tracetools_read:/home/celestino/ros2_humble/install/test_tracetools_launch:/home/celestino/ros2_humble/install/test_launch_ros:/home/celestino/ros2_humble/install/sensor_msgs_py:/home/celestino/ros2_humble/install/rpyutils:/home/celestino/ros2_humble/install/rosidl_runtime_py:/home/celestino/ros2_humble/install/rosidl_cli:/home/celestino/ros2_humble/install/launch_pytest:/home/celestino/ros2_humble/install/launch_testing:/home/celestino/ros2_humble/install/launch_yaml:/home/celestino/ros2_humble/install/launch_xml:/home/celestino/ros2_humble/install/launch:/home/celestino/ros2_humble/install/osrf_pycommon:/home/celestino/ros2_humble/install/launch_testing_examples:/home/celestino/ros2_humble/install/domain_coordinator:/home/celestino/ros2_humble/install/ament_xmllint:/home/celestino/ros2_humble/install/ament_pyflakes:/home/celestino/ros2_humble/install/ament_pycodestyle:/home/celestino/ros2_humble/install/ament_pep257:/home/celestino/ros2_humble/install/ament_pclint:/home/celestino/ros2_humble/install/ament_package:/home/celestino/ros2_humble/install/ament_mypy:/home/celestino/ros2_humble/install/ament_lint_cmake:/home/celestino/ros2_humble/install/ament_flake8:/home/celestino/ros2_humble/install/ament_copyright:/home/celestino/ros2_humble/install/ament_lint:/home/celestino/ros2_humble/install/ament_index_python:/home/celestino/ros2_humble/install/ament_cpplint:/home/celestino/ros2_humble/install/ament_cppcheck:/home/celestino/ros2_humble/install/ament_clang_tidy:/home/celestino/ros2_humble/install/ament_clang_format /usr/bin/cmake --build /home/celestino/ros2_ws/build/my_robot_interfaces -- -j4 -l4
[3.767s] DEBUG:colcon.colcon_core.event_handler.log_command:Invoking command in '/home/celestino/ros2_ws/build/my_robot_interfaces': CMAKE_PREFIX_PATH=${CMAKE_PREFIX_PATH}:/home/celestino/ros2_ws/install/my_py_pkg:/home/celestino/ros2_humble/install/rqt_bag_plugins:/home/celestino/ros2_humble/install/rqt_bag:/home/celestino/ros2_humble/install/ros2bag:/home/celestino/ros2_humble/install/tracetools_test:/home/celestino/ros2_humble/install/tracetools_launch:/home/celestino/ros2_humble/install/topic_monitor:/home/celestino/ros2_humble/install/tf2_tools:/home/celestino/ros2_humble/install/examples_tf2_py:/home/celestino/ros2_humble/install/tf2_ros_py:/home/celestino/ros2_humble/install/sros2:/home/celestino/ros2_humble/install/rqt_topic:/home/celestino/ros2_humble/install/rqt_srv:/home/celestino/ros2_humble/install/rqt_shell:/home/celestino/ros2_humble/install/rqt_service_caller:/home/celestino/ros2_humble/install/rqt_reconfigure:/home/celestino/ros2_humble/install/rqt_py_console:/home/celestino/ros2_humble/install/rqt_publisher:/home/celestino/ros2_humble/install/rqt_plot:/home/celestino/ros2_humble/install/rqt_action:/home/celestino/ros2_humble/install/rqt_msg:/home/celestino/ros2_humble/install/rqt_console:/home/celestino/ros2_humble/install/rqt:/home/celestino/ros2_humble/install/rqt_graph:/home/celestino/ros2_humble/install/rqt_gui_py:/home/celestino/ros2_humble/install/rqt_gui:/home/celestino/ros2_humble/install/ros2trace:/home/celestino/ros2_humble/install/ros2topic:/home/celestino/ros2_humble/install/ros2test:/home/celestino/ros2_humble/install/ros2component:/home/celestino/ros2_humble/install/ros2param:/home/celestino/ros2_humble/install/ros2lifecycle:/home/celestino/ros2_humble/install/ros2service:/home/celestino/ros2_humble/install/ros2run:/home/celestino/ros2_humble/install/ros2launch:/home/celestino/ros2_humble/install/ros2pkg:/home/celestino/ros2_humble/install/ros2node:/home/celestino/ros2_humble/install/ros2multicast:/home/celestino/ros2_humble/install/ros2interface:/home/celestino/ros2_humble/install/ros2doctor:/home/celestino/ros2_humble/install/ros2action:/home/celestino/ros2_humble/install/ros2cli:/home/celestino/ros2_humble/install/quality_of_service_demo_py:/home/celestino/ros2_humble/install/lifecycle_py:/home/celestino/ros2_humble/install/launch_testing_ros:/home/celestino/ros2_humble/install/launch_ros:/home/celestino/ros2_humble/install/examples_rclpy_pointcloud_publisher:/home/celestino/ros2_humble/install/examples_rclpy_minimal_subscriber:/home/celestino/ros2_humble/install/examples_rclpy_minimal_service:/home/celestino/ros2_humble/install/examples_rclpy_minimal_publisher:/home/celestino/ros2_humble/install/examples_rclpy_minimal_client:/home/celestino/ros2_humble/install/examples_rclpy_minimal_action_server:/home/celestino/ros2_humble/install/examples_rclpy_minimal_action_client:/home/celestino/ros2_humble/install/examples_rclpy_guard_conditions:/home/celestino/ros2_humble/install/examples_rclpy_executors:/home/celestino/ros2_humble/install/demo_nodes_py:/home/celestino/ros2_humble/install/action_tutorials_py:/home/celestino/ros2_humble/install/ament_uncrustify:/home/celestino/ros2_humble/install/tracetools_trace:/home/celestino/ros2_humble/install/tracetools_read:/home/celestino/ros2_humble/install/test_tracetools_launch:/home/celestino/ros2_humble/install/test_launch_ros:/home/celestino/ros2_humble/install/sensor_msgs_py:/home/celestino/ros2_humble/install/rpyutils:/home/celestino/ros2_humble/install/rosidl_runtime_py:/home/celestino/ros2_humble/install/rosidl_cli:/home/celestino/ros2_humble/install/launch_pytest:/home/celestino/ros2_humble/install/launch_testing:/home/celestino/ros2_humble/install/launch_yaml:/home/celestino/ros2_humble/install/launch_xml:/home/celestino/ros2_humble/install/launch:/home/celestino/ros2_humble/install/osrf_pycommon:/home/celestino/ros2_humble/install/launch_testing_examples:/home/celestino/ros2_humble/install/domain_coordinator:/home/celestino/ros2_humble/install/ament_xmllint:/home/celestino/ros2_humble/install/ament_pyflakes:/home/celestino/ros2_humble/install/ament_pycodestyle:/home/celestino/ros2_humble/install/ament_pep257:/home/celestino/ros2_humble/install/ament_pclint:/home/celestino/ros2_humble/install/ament_package:/home/celestino/ros2_humble/install/ament_mypy:/home/celestino/ros2_humble/install/ament_lint_cmake:/home/celestino/ros2_humble/install/ament_flake8:/home/celestino/ros2_humble/install/ament_copyright:/home/celestino/ros2_humble/install/ament_lint:/home/celestino/ros2_humble/install/ament_index_python:/home/celestino/ros2_humble/install/ament_cpplint:/home/celestino/ros2_humble/install/ament_cppcheck:/home/celestino/ros2_humble/install/ament_clang_tidy:/home/celestino/ros2_humble/install/ament_clang_format /usr/bin/cmake --install /home/celestino/ros2_ws/build/my_robot_interfaces
[4.095s] Level 1:colcon.colcon_core.environment:create_environment_scripts_only(my_robot_interfaces)
[4.097s] DEBUG:colcon.colcon_core.event_handler.log_command:Invoked command in '/home/celestino/ros2_ws/build/my_robot_interfaces' returned '0': CMAKE_PREFIX_PATH=${CMAKE_PREFIX_PATH}:/home/celestino/ros2_ws/install/my_py_pkg:/home/celestino/ros2_humble/install/rqt_bag_plugins:/home/celestino/ros2_humble/install/rqt_bag:/home/celestino/ros2_humble/install/ros2bag:/home/celestino/ros2_humble/install/tracetools_test:/home/celestino/ros2_humble/install/tracetools_launch:/home/celestino/ros2_humble/install/topic_monitor:/home/celestino/ros2_humble/install/tf2_tools:/home/celestino/ros2_humble/install/examples_tf2_py:/home/celestino/ros2_humble/install/tf2_ros_py:/home/celestino/ros2_humble/install/sros2:/home/celestino/ros2_humble/install/rqt_topic:/home/celestino/ros2_humble/install/rqt_srv:/home/celestino/ros2_humble/install/rqt_shell:/home/celestino/ros2_humble/install/rqt_service_caller:/home/celestino/ros2_humble/install/rqt_reconfigure:/home/celestino/ros2_humble/install/rqt_py_console:/home/celestino/ros2_humble/install/rqt_publisher:/home/celestino/ros2_humble/install/rqt_plot:/home/celestino/ros2_humble/install/rqt_action:/home/celestino/ros2_humble/install/rqt_msg:/home/celestino/ros2_humble/install/rqt_console:/home/celestino/ros2_humble/install/rqt:/home/celestino/ros2_humble/install/rqt_graph:/home/celestino/ros2_humble/install/rqt_gui_py:/home/celestino/ros2_humble/install/rqt_gui:/home/celestino/ros2_humble/install/ros2trace:/home/celestino/ros2_humble/install/ros2topic:/home/celestino/ros2_humble/install/ros2test:/home/celestino/ros2_humble/install/ros2component:/home/celestino/ros2_humble/install/ros2param:/home/celestino/ros2_humble/install/ros2lifecycle:/home/celestino/ros2_humble/install/ros2service:/home/celestino/ros2_humble/install/ros2run:/home/celestino/ros2_humble/install/ros2launch:/home/celestino/ros2_humble/install/ros2pkg:/home/celestino/ros2_humble/install/ros2node:/home/celestino/ros2_humble/install/ros2multicast:/home/celestino/ros2_humble/install/ros2interface:/home/celestino/ros2_humble/install/ros2doctor:/home/celestino/ros2_humble/install/ros2action:/home/celestino/ros2_humble/install/ros2cli:/home/celestino/ros2_humble/install/quality_of_service_demo_py:/home/celestino/ros2_humble/install/lifecycle_py:/home/celestino/ros2_humble/install/launch_testing_ros:/home/celestino/ros2_humble/install/launch_ros:/home/celestino/ros2_humble/install/examples_rclpy_pointcloud_publisher:/home/celestino/ros2_humble/install/examples_rclpy_minimal_subscriber:/home/celestino/ros2_humble/install/examples_rclpy_minimal_service:/home/celestino/ros2_humble/install/examples_rclpy_minimal_publisher:/home/celestino/ros2_humble/install/examples_rclpy_minimal_client:/home/celestino/ros2_humble/install/examples_rclpy_minimal_action_server:/home/celestino/ros2_humble/install/examples_rclpy_minimal_action_client:/home/celestino/ros2_humble/install/examples_rclpy_guard_conditions:/home/celestino/ros2_humble/install/examples_rclpy_executors:/home/celestino/ros2_humble/install/demo_nodes_py:/home/celestino/ros2_humble/install/action_tutorials_py:/home/celestino/ros2_humble/install/ament_uncrustify:/home/celestino/ros2_humble/install/tracetools_trace:/home/celestino/ros2_humble/install/tracetools_read:/home/celestino/ros2_humble/install/test_tracetools_launch:/home/celestino/ros2_humble/install/test_launch_ros:/home/celestino/ros2_humble/install/sensor_msgs_py:/home/celestino/ros2_humble/install/rpyutils:/home/celestino/ros2_humble/install/rosidl_runtime_py:/home/celestino/ros2_humble/install/rosidl_cli:/home/celestino/ros2_humble/install/launch_pytest:/home/celestino/ros2_humble/install/launch_testing:/home/celestino/ros2_humble/install/launch_yaml:/home/celestino/ros2_humble/install/launch_xml:/home/celestino/ros2_humble/install/launch:/home/celestino/ros2_humble/install/osrf_pycommon:/home/celestino/ros2_humble/install/launch_testing_examples:/home/celestino/ros2_humble/install/domain_coordinator:/home/celestino/ros2_humble/install/ament_xmllint:/home/celestino/ros2_humble/install/ament_pyflakes:/home/celestino/ros2_humble/install/ament_pycodestyle:/home/celestino/ros2_humble/install/ament_pep257:/home/celestino/ros2_humble/install/ament_pclint:/home/celestino/ros2_humble/install/ament_package:/home/celestino/ros2_humble/install/ament_mypy:/home/celestino/ros2_humble/install/ament_lint_cmake:/home/celestino/ros2_humble/install/ament_flake8:/home/celestino/ros2_humble/install/ament_copyright:/home/celestino/ros2_humble/install/ament_lint:/home/celestino/ros2_humble/install/ament_index_python:/home/celestino/ros2_humble/install/ament_cpplint:/home/celestino/ros2_humble/install/ament_cppcheck:/home/celestino/ros2_humble/install/ament_clang_tidy:/home/celestino/ros2_humble/install/ament_clang_format /usr/bin/cmake --install /home/celestino/ros2_ws/build/my_robot_interfaces
[4.114s] Level 1:colcon.colcon_core.environment:checking '/home/celestino/ros2_ws/install/my_robot_interfaces' for CMake module files
[4.115s] Level 1:colcon.colcon_core.environment:checking '/home/celestino/ros2_ws/install/my_robot_interfaces' for CMake config files
[4.116s] Level 1:colcon.colcon_core.shell:create_environment_hook('my_robot_interfaces', 'cmake_prefix_path')
[4.117s] INFO:colcon.colcon_core.shell:Creating environment hook '/home/celestino/ros2_ws/install/my_robot_interfaces/share/my_robot_interfaces/hook/cmake_prefix_path.ps1'
[4.118s] INFO:colcon.colcon_core.shell:Creating environment descriptor '/home/celestino/ros2_ws/install/my_robot_interfaces/share/my_robot_interfaces/hook/cmake_prefix_path.dsv'
[4.118s] INFO:colcon.colcon_core.shell:Creating environment hook '/home/celestino/ros2_ws/install/my_robot_interfaces/share/my_robot_interfaces/hook/cmake_prefix_path.sh'
[4.120s] Level 1:colcon.colcon_core.environment:checking '/home/celestino/ros2_ws/install/my_robot_interfaces/lib'
[4.120s] Level 1:colcon.colcon_core.shell:create_environment_hook('my_robot_interfaces', 'ld_library_path_lib')
[4.120s] INFO:colcon.colcon_core.shell:Creating environment hook '/home/celestino/ros2_ws/install/my_robot_interfaces/share/my_robot_interfaces/hook/ld_library_path_lib.ps1'
[4.121s] INFO:colcon.colcon_core.shell:Creating environment descriptor '/home/celestino/ros2_ws/install/my_robot_interfaces/share/my_robot_interfaces/hook/ld_library_path_lib.dsv'
[4.122s] INFO:colcon.colcon_core.shell:Creating environment hook '/home/celestino/ros2_ws/install/my_robot_interfaces/share/my_robot_interfaces/hook/ld_library_path_lib.sh'
[4.122s] Level 1:colcon.colcon_core.environment:checking '/home/celestino/ros2_ws/install/my_robot_interfaces/bin'
[4.122s] Level 1:colcon.colcon_core.environment:checking '/home/celestino/ros2_ws/install/my_robot_interfaces/lib/pkgconfig/my_robot_interfaces.pc'
[4.127s] Level 1:colcon.colcon_core.environment:checking '/home/celestino/ros2_ws/install/my_robot_interfaces/lib/python3.10/site-packages'
[4.128s] Level 1:colcon.colcon_core.environment:checking '/home/celestino/ros2_ws/install/my_robot_interfaces/bin'
[4.128s] INFO:colcon.colcon_core.shell:Creating package script '/home/celestino/ros2_ws/install/my_robot_interfaces/share/my_robot_interfaces/package.ps1'
[4.129s] INFO:colcon.colcon_core.shell:Creating package descriptor '/home/celestino/ros2_ws/install/my_robot_interfaces/share/my_robot_interfaces/package.dsv'
[4.130s] INFO:colcon.colcon_core.shell:Creating package script '/home/celestino/ros2_ws/install/my_robot_interfaces/share/my_robot_interfaces/package.sh'
[4.132s] INFO:colcon.colcon_core.shell:Creating package script '/home/celestino/ros2_ws/install/my_robot_interfaces/share/my_robot_interfaces/package.bash'
[4.133s] INFO:colcon.colcon_core.shell:Creating package script '/home/celestino/ros2_ws/install/my_robot_interfaces/share/my_robot_interfaces/package.zsh'
[4.134s] Level 1:colcon.colcon_core.environment:create_file_with_runtime_dependencies(/home/celestino/ros2_ws/install/my_robot_interfaces/share/colcon-core/packages/my_robot_interfaces)
[4.568s] Level 1:colcon.colcon_core.environment:create_environment_scripts_only(my_robot_interfaces)
[4.568s] Level 1:colcon.colcon_core.environment:checking '/home/celestino/ros2_ws/install/my_robot_interfaces' for CMake module files
[4.570s] Level 1:colcon.colcon_core.environment:checking '/home/celestino/ros2_ws/install/my_robot_interfaces' for CMake config files
[4.571s] Level 1:colcon.colcon_core.shell:create_environment_hook('my_robot_interfaces', 'cmake_prefix_path')
[4.571s] INFO:colcon.colcon_core.shell:Creating environment hook '/home/celestino/ros2_ws/install/my_robot_interfaces/share/my_robot_interfaces/hook/cmake_prefix_path.ps1'
[4.572s] INFO:colcon.colcon_core.shell:Creating environment descriptor '/home/celestino/ros2_ws/install/my_robot_interfaces/share/my_robot_interfaces/hook/cmake_prefix_path.dsv'
[4.572s] INFO:colcon.colcon_core.shell:Creating environment hook '/home/celestino/ros2_ws/install/my_robot_interfaces/share/my_robot_interfaces/hook/cmake_prefix_path.sh'
[4.573s] Level 1:colcon.colcon_core.environment:checking '/home/celestino/ros2_ws/install/my_robot_interfaces/lib'
[4.574s] Level 1:colcon.colcon_core.shell:create_environment_hook('my_robot_interfaces', 'ld_library_path_lib')
[4.574s] INFO:colcon.colcon_core.shell:Creating environment hook '/home/celestino/ros2_ws/install/my_robot_interfaces/share/my_robot_interfaces/hook/ld_library_path_lib.ps1'
[4.575s] INFO:colcon.colcon_core.shell:Creating environment descriptor '/home/celestino/ros2_ws/install/my_robot_interfaces/share/my_robot_interfaces/hook/ld_library_path_lib.dsv'
[4.575s] INFO:colcon.colcon_core.shell:Creating environment hook '/home/celestino/ros2_ws/install/my_robot_interfaces/share/my_robot_interfaces/hook/ld_library_path_lib.sh'
[4.576s] Level 1:colcon.colcon_core.environment:checking '/home/celestino/ros2_ws/install/my_robot_interfaces/bin'
[4.576s] Level 1:colcon.colcon_core.environment:checking '/home/celestino/ros2_ws/install/my_robot_interfaces/lib/pkgconfig/my_robot_interfaces.pc'
[4.576s] Level 1:colcon.colcon_core.environment:checking '/home/celestino/ros2_ws/install/my_robot_interfaces/lib/python3.10/site-packages'
[4.577s] Level 1:colcon.colcon_core.environment:checking '/home/celestino/ros2_ws/install/my_robot_interfaces/bin'
[4.578s] INFO:colcon.colcon_core.shell:Creating package script '/home/celestino/ros2_ws/install/my_robot_interfaces/share/my_robot_interfaces/package.ps1'
[4.579s] INFO:colcon.colcon_core.shell:Creating package descriptor '/home/celestino/ros2_ws/install/my_robot_interfaces/share/my_robot_interfaces/package.dsv'
[4.579s] INFO:colcon.colcon_core.shell:Creating package script '/home/celestino/ros2_ws/install/my_robot_interfaces/share/my_robot_interfaces/package.sh'
[4.581s] INFO:colcon.colcon_core.shell:Creating package script '/home/celestino/ros2_ws/install/my_robot_interfaces/share/my_robot_interfaces/package.bash'
[4.581s] INFO:colcon.colcon_core.shell:Creating package script '/home/celestino/ros2_ws/install/my_robot_interfaces/share/my_robot_interfaces/package.zsh'
[4.582s] Level 1:colcon.colcon_core.environment:create_file_with_runtime_dependencies(/home/celestino/ros2_ws/install/my_robot_interfaces/share/colcon-core/packages/my_robot_interfaces)
[4.583s] INFO:colcon.colcon_ros.task.ament_python.build:Building ROS package in '/home/celestino/ros2_ws/src/my_py_pkg' with build type 'ament_python'
[4.583s] Level 1:colcon.colcon_core.shell:create_environment_hook('my_py_pkg', 'ament_prefix_path')
[4.583s] INFO:colcon.colcon_core.shell:Creating environment hook '/home/celestino/ros2_ws/install/my_py_pkg/share/my_py_pkg/hook/ament_prefix_path.ps1'
[4.585s] INFO:colcon.colcon_core.shell:Creating environment descriptor '/home/celestino/ros2_ws/install/my_py_pkg/share/my_py_pkg/hook/ament_prefix_path.dsv'
[4.586s] INFO:colcon.colcon_core.shell:Creating environment hook '/home/celestino/ros2_ws/install/my_py_pkg/share/my_py_pkg/hook/ament_prefix_path.sh'
[4.587s] INFO:colcon.colcon_core.shell:Skip shell extension 'powershell' for command environment: Not usable outside of PowerShell
[4.587s] DEBUG:colcon.colcon_core.shell:Skip shell extension 'dsv' for command environment
[5.614s] INFO:colcon.colcon_core.task.python.build:Building Python package in '/home/celestino/ros2_ws/src/my_py_pkg'
[5.614s] INFO:colcon.colcon_core.shell:Skip shell extension 'powershell' for command environment: Not usable outside of PowerShell
[5.614s] DEBUG:colcon.colcon_core.shell:Skip shell extension 'dsv' for command environment
[7.009s] DEBUG:colcon.colcon_core.event_handler.log_command:Invoking command in '/home/celestino/ros2_ws/src/my_py_pkg': PYTHONPATH=/home/celestino/ros2_ws/build/my_py_pkg/prefix_override:/home/celestino/ros2_ws/install/my_py_pkg/lib/python3.10/site-packages:${PYTHONPATH} /usr/bin/python3 -W ignore:setup.py install is deprecated setup.py egg_info --egg-base ../../build/my_py_pkg build --build-base /home/celestino/ros2_ws/build/my_py_pkg/build install --record /home/celestino/ros2_ws/build/my_py_pkg/install.log --single-version-externally-managed install_data
[8.136s] Level 1:colcon.colcon_core.environment:checking '/home/celestino/ros2_ws/install/my_py_pkg' for CMake module files
[8.137s] DEBUG:colcon.colcon_core.event_handler.log_command:Invoked command in '/home/celestino/ros2_ws/src/my_py_pkg' returned '0': PYTHONPATH=/home/celestino/ros2_ws/build/my_py_pkg/prefix_override:/home/celestino/ros2_ws/install/my_py_pkg/lib/python3.10/site-packages:${PYTHONPATH} /usr/bin/python3 -W ignore:setup.py install is deprecated setup.py egg_info --egg-base ../../build/my_py_pkg build --build-base /home/celestino/ros2_ws/build/my_py_pkg/build install --record /home/celestino/ros2_ws/build/my_py_pkg/install.log --single-version-externally-managed install_data
[8.142s] Level 1:colcon.colcon_core.environment:checking '/home/celestino/ros2_ws/install/my_py_pkg' for CMake config files
[8.152s] Level 1:colcon.colcon_core.environment:checking '/home/celestino/ros2_ws/install/my_py_pkg/lib'
[8.152s] Level 1:colcon.colcon_core.environment:checking '/home/celestino/ros2_ws/install/my_py_pkg/bin'
[8.152s] Level 1:colcon.colcon_core.environment:checking '/home/celestino/ros2_ws/install/my_py_pkg/lib/pkgconfig/my_py_pkg.pc'
[8.152s] Level 1:colcon.colcon_core.environment:checking '/home/celestino/ros2_ws/install/my_py_pkg/lib/python3.10/site-packages'
[8.152s] Level 1:colcon.colcon_core.shell:create_environment_hook('my_py_pkg', 'pythonpath')
[8.153s] INFO:colcon.colcon_core.shell:Creating environment hook '/home/celestino/ros2_ws/install/my_py_pkg/share/my_py_pkg/hook/pythonpath.ps1'
[8.153s] INFO:colcon.colcon_core.shell:Creating environment descriptor '/home/celestino/ros2_ws/install/my_py_pkg/share/my_py_pkg/hook/pythonpath.dsv'
[8.154s] INFO:colcon.colcon_core.shell:Creating environment hook '/home/celestino/ros2_ws/install/my_py_pkg/share/my_py_pkg/hook/pythonpath.sh'
[8.155s] Level 1:colcon.colcon_core.environment:checking '/home/celestino/ros2_ws/install/my_py_pkg/bin'
[8.155s] Level 1:colcon.colcon_core.environment:create_environment_scripts_only(my_py_pkg)
[8.156s] INFO:colcon.colcon_core.shell:Creating package script '/home/celestino/ros2_ws/install/my_py_pkg/share/my_py_pkg/package.ps1'
[8.156s] INFO:colcon.colcon_core.shell:Creating package descriptor '/home/celestino/ros2_ws/install/my_py_pkg/share/my_py_pkg/package.dsv'
[8.157s] INFO:colcon.colcon_core.shell:Creating package script '/home/celestino/ros2_ws/install/my_py_pkg/share/my_py_pkg/package.sh'
[8.158s] INFO:colcon.colcon_core.shell:Creating package script '/home/celestino/ros2_ws/install/my_py_pkg/share/my_py_pkg/package.bash'
[8.159s] INFO:colcon.colcon_core.shell:Creating package script '/home/celestino/ros2_ws/install/my_py_pkg/share/my_py_pkg/package.zsh'
[8.159s] Level 1:colcon.colcon_core.environment:create_file_with_runtime_dependencies(/home/celestino/ros2_ws/install/my_py_pkg/share/colcon-core/packages/my_py_pkg)
[8.160s] DEBUG:colcon.colcon_parallel_executor.executor.parallel:closing loop
[8.160s] DEBUG:colcon.colcon_parallel_executor.executor.parallel:loop closed
[8.160s] DEBUG:colcon.colcon_parallel_executor.executor.parallel:run_until_complete finished with '0'
[8.161s] DEBUG:colcon.colcon_core.event_reactor:joining thread
[8.184s] INFO:colcon.colcon_core.plugin_system:Skipping extension 'colcon_notification.desktop_notification.terminal_notifier': Not used on non-Darwin systems
[8.184s] INFO:colcon.colcon_core.plugin_system:Skipping extension 'colcon_notification.desktop_notification.win32': Not used on non-Windows systems
[8.184s] INFO:colcon.colcon_notification.desktop_notification:Sending desktop notification using 'notify2'
[8.209s] DEBUG:colcon.colcon_core.event_reactor:joined thread
[8.209s] INFO:colcon.colcon_core.shell:Creating prefix script '/home/celestino/ros2_ws/install/local_setup.ps1'
[8.211s] INFO:colcon.colcon_core.shell:Creating prefix util module '/home/celestino/ros2_ws/install/_local_setup_util_ps1.py'
[8.214s] INFO:colcon.colcon_core.shell:Creating prefix chain script '/home/celestino/ros2_ws/install/setup.ps1'
[8.239s] INFO:colcon.colcon_core.shell:Creating prefix script '/home/celestino/ros2_ws/install/local_setup.sh'
[8.241s] INFO:colcon.colcon_core.shell:Creating prefix util module '/home/celestino/ros2_ws/install/_local_setup_util_sh.py'
[8.242s] INFO:colcon.colcon_core.shell:Creating prefix chain script '/home/celestino/ros2_ws/install/setup.sh'
[8.265s] INFO:colcon.colcon_core.shell:Creating prefix script '/home/celestino/ros2_ws/install/local_setup.bash'
[8.266s] INFO:colcon.colcon_core.shell:Creating prefix chain script '/home/celestino/ros2_ws/install/setup.bash'
[8.290s] INFO:colcon.colcon_core.shell:Creating prefix script '/home/celestino/ros2_ws/install/local_setup.zsh'
[8.290s] INFO:colcon.colcon_core.shell:Creating prefix chain script '/home/celestino/ros2_ws/install/setup.zsh'
