[2.810s] Invoking command in '/home/celestino/ros2_ws/build/my_py_pkg': PYTHONPATH=/home/celestino/ros2_ws/build/my_py_pkg/prefix_override:/home/celestino/ros2_ws/install/my_py_pkg/lib/python3.10/site-packages:${PYTHONPATH} /usr/bin/python3 -W ignore:setup.py install is deprecated setup.py develop --uninstall --editable --build-directory /home/celestino/ros2_ws/build/my_py_pkg/build
[3.823s] running develop
[3.839s] /usr/lib/python3/dist-packages/setuptools/command/easy_install.py:158: EasyInstallDeprecationWarning: easy_install command is deprecated. Use build and pip and other standards-based tools.
[3.840s]   warnings.warn(
[4.854s] Removing /home/celestino/ros2_ws/install/my_py_pkg/lib/python3.10/site-packages/my-py-pkg.egg-link (link to .)
[4.901s] Invoked command in '/home/celestino/ros2_ws/build/my_py_pkg' returned '0': PYTHONPATH=/home/celestino/ros2_ws/build/my_py_pkg/prefix_override:/home/celestino/ros2_ws/install/my_py_pkg/lib/python3.10/site-packages:${PYTHONPATH} /usr/bin/python3 -W ignore:setup.py install is deprecated setup.py develop --uninstall --editable --build-directory /home/celestino/ros2_ws/build/my_py_pkg/build
[4.904s] Invoking command in '/home/celestino/ros2_ws/src/my_py_pkg': PYTHONPATH=/home/celestino/ros2_ws/build/my_py_pkg/prefix_override:/home/celestino/ros2_ws/install/my_py_pkg/lib/python3.10/site-packages:${PYTHONPATH} /usr/bin/python3 -W ignore:setup.py install is deprecated setup.py egg_info --egg-base ../../build/my_py_pkg build --build-base /home/celestino/ros2_ws/build/my_py_pkg/build install --record /home/celestino/ros2_ws/build/my_py_pkg/install.log --single-version-externally-managed install_data --force
[5.754s] running egg_info
[5.755s] writing ../../build/my_py_pkg/my_py_pkg.egg-info/PKG-INFO
[5.756s] writing dependency_links to ../../build/my_py_pkg/my_py_pkg.egg-info/dependency_links.txt
[5.756s] writing entry points to ../../build/my_py_pkg/my_py_pkg.egg-info/entry_points.txt
[5.756s] writing requirements to ../../build/my_py_pkg/my_py_pkg.egg-info/requires.txt
[5.757s] writing top-level names to ../../build/my_py_pkg/my_py_pkg.egg-info/top_level.txt
[5.761s] reading manifest file '../../build/my_py_pkg/my_py_pkg.egg-info/SOURCES.txt'
[5.816s] writing manifest file '../../build/my_py_pkg/my_py_pkg.egg-info/SOURCES.txt'
[5.817s] running build
[5.817s] running build_py
[5.832s] copying my_py_pkg/batman.py -> /home/celestino/ros2_ws/build/my_py_pkg/build/lib/my_py_pkg
[5.833s] copying my_py_pkg/number_counter.py -> /home/celestino/ros2_ws/build/my_py_pkg/build/lib/my_py_pkg
[5.834s] copying my_py_pkg/robot_news_station.py -> /home/celestino/ros2_ws/build/my_py_pkg/build/lib/my_py_pkg
[5.835s] copying my_py_pkg/number_publisher.py -> /home/celestino/ros2_ws/build/my_py_pkg/build/lib/my_py_pkg
[5.836s] copying my_py_pkg/robin.py -> /home/celestino/ros2_ws/build/my_py_pkg/build/lib/my_py_pkg
[5.836s] copying my_py_pkg/smartphone.py -> /home/celestino/ros2_ws/build/my_py_pkg/build/lib/my_py_pkg
[5.850s] running install
[5.851s] running install_lib
[5.856s] creating /home/celestino/ros2_ws/install/my_py_pkg/lib/python3.10/site-packages/my_py_pkg
[5.857s] copying /home/celestino/ros2_ws/build/my_py_pkg/build/lib/my_py_pkg/batman.py -> /home/celestino/ros2_ws/install/my_py_pkg/lib/python3.10/site-packages/my_py_pkg
[5.857s] copying /home/celestino/ros2_ws/build/my_py_pkg/build/lib/my_py_pkg/number_counter.py -> /home/celestino/ros2_ws/install/my_py_pkg/lib/python3.10/site-packages/my_py_pkg
[5.858s] copying /home/celestino/ros2_ws/build/my_py_pkg/build/lib/my_py_pkg/robot_news_station.py -> /home/celestino/ros2_ws/install/my_py_pkg/lib/python3.10/site-packages/my_py_pkg
[5.859s] copying /home/celestino/ros2_ws/build/my_py_pkg/build/lib/my_py_pkg/__init__.py -> /home/celestino/ros2_ws/install/my_py_pkg/lib/python3.10/site-packages/my_py_pkg
[5.860s] copying /home/celestino/ros2_ws/build/my_py_pkg/build/lib/my_py_pkg/my_first_node.py -> /home/celestino/ros2_ws/install/my_py_pkg/lib/python3.10/site-packages/my_py_pkg
[5.890s] copying /home/celestino/ros2_ws/build/my_py_pkg/build/lib/my_py_pkg/number_publisher.py -> /home/celestino/ros2_ws/install/my_py_pkg/lib/python3.10/site-packages/my_py_pkg
[5.890s] copying /home/celestino/ros2_ws/build/my_py_pkg/build/lib/my_py_pkg/robin.py -> /home/celestino/ros2_ws/install/my_py_pkg/lib/python3.10/site-packages/my_py_pkg
[5.891s] copying /home/celestino/ros2_ws/build/my_py_pkg/build/lib/my_py_pkg/smartphone.py -> /home/celestino/ros2_ws/install/my_py_pkg/lib/python3.10/site-packages/my_py_pkg
[5.903s] byte-compiling /home/celestino/ros2_ws/install/my_py_pkg/lib/python3.10/site-packages/my_py_pkg/batman.py to batman.cpython-310.pyc
[5.905s] byte-compiling /home/celestino/ros2_ws/install/my_py_pkg/lib/python3.10/site-packages/my_py_pkg/number_counter.py to number_counter.cpython-310.pyc
[5.908s] byte-compiling /home/celestino/ros2_ws/install/my_py_pkg/lib/python3.10/site-packages/my_py_pkg/robot_news_station.py to robot_news_station.cpython-310.pyc
[5.909s] byte-compiling /home/celestino/ros2_ws/install/my_py_pkg/lib/python3.10/site-packages/my_py_pkg/__init__.py to __init__.cpython-310.pyc
[5.910s] byte-compiling /home/celestino/ros2_ws/install/my_py_pkg/lib/python3.10/site-packages/my_py_pkg/my_first_node.py to my_first_node.cpython-310.pyc
[5.911s] byte-compiling /home/celestino/ros2_ws/install/my_py_pkg/lib/python3.10/site-packages/my_py_pkg/number_publisher.py to number_publisher.cpython-310.pyc
[5.913s] byte-compiling /home/celestino/ros2_ws/install/my_py_pkg/lib/python3.10/site-packages/my_py_pkg/robin.py to robin.cpython-310.pyc
[5.914s] byte-compiling /home/celestino/ros2_ws/install/my_py_pkg/lib/python3.10/site-packages/my_py_pkg/smartphone.py to smartphone.cpython-310.pyc
[5.915s] running install_data
[5.915s] copying resource/my_py_pkg -> /home/celestino/ros2_ws/install/my_py_pkg/share/ament_index/resource_index/packages
[5.916s] copying package.xml -> /home/celestino/ros2_ws/install/my_py_pkg/share/my_py_pkg
[5.930s] running install_egg_info
[5.937s] Copying ../../build/my_py_pkg/my_py_pkg.egg-info to /home/celestino/ros2_ws/install/my_py_pkg/lib/python3.10/site-packages/my_py_pkg-0.0.0-py3.10.egg-info
[5.961s] running install_scripts
[6.039s] Installing number_counter script to /home/celestino/ros2_ws/install/my_py_pkg/lib/my_py_pkg
[6.039s] Installing number_publisher script to /home/celestino/ros2_ws/install/my_py_pkg/lib/my_py_pkg
[6.039s] Installing py_node script to /home/celestino/ros2_ws/install/my_py_pkg/lib/my_py_pkg
[6.040s] Installing robot_news_station script to /home/celestino/ros2_ws/install/my_py_pkg/lib/my_py_pkg
[6.040s] Installing smartphone script to /home/celestino/ros2_ws/install/my_py_pkg/lib/my_py_pkg
[6.055s] writing list of installed files to '/home/celestino/ros2_ws/build/my_py_pkg/install.log'
[6.100s] Invoked command in '/home/celestino/ros2_ws/src/my_py_pkg' returned '0': PYTHONPATH=/home/celestino/ros2_ws/build/my_py_pkg/prefix_override:/home/celestino/ros2_ws/install/my_py_pkg/lib/python3.10/site-packages:${PYTHONPATH} /usr/bin/python3 -W ignore:setup.py install is deprecated setup.py egg_info --egg-base ../../build/my_py_pkg build --build-base /home/celestino/ros2_ws/build/my_py_pkg/build install --record /home/celestino/ros2_ws/build/my_py_pkg/install.log --single-version-externally-managed install_data --force
