[2.379s] DEBUG:colcon:Command line arguments: ['/usr/bin/colcon', 'build']
[2.379s] DEBUG:colcon:Parsed command line arguments: Namespace(log_base=None, log_level=None, verb_name='build', build_base='build', install_base='install', merge_install=False, symlink_install=False, test_result_base=None, continue_on_error=False, executor='parallel', parallel_workers=4, event_handlers=None, ignore_user_meta=False, metas=['./colcon.meta'], base_paths=['.'], packages_ignore=None, packages_ignore_regex=None, paths=None, packages_up_to=None, packages_up_to_regex=None, packages_above=None, packages_above_and_dependencies=None, packages_above_depth=None, packages_select_by_dep=None, packages_skip_by_dep=None, packages_skip_up_to=None, packages_select_build_failed=False, packages_skip_build_finished=False, packages_select_test_failures=False, packages_skip_test_passed=False, packages_select=None, packages_skip=None, packages_select_regex=None, packages_skip_regex=None, packages_start=None, packages_end=None, allow_overriding=[], cmake_args=None, cmake_target=None, cmake_target_skip_unavailable=False, cmake_clean_cache=False, cmake_clean_first=False, cmake_force_configure=False, ament_cmake_args=None, catkin_cmake_args=None, catkin_skip_building_tests=False, verb_parser=<colcon_defaults.argument_parser.defaults.DefaultArgumentsDecorator object at 0x7f0050008760>, verb_extension=<colcon_core.verb.build.BuildVerb object at 0x7f00500082e0>, main=<bound method BuildVerb.main of <colcon_core.verb.build.BuildVerb object at 0x7f00500082e0>>)
[5.246s] Level 1:colcon.colcon_core.package_discovery:discover_packages(colcon_meta) check parameters
[5.246s] Level 1:colcon.colcon_core.package_discovery:discover_packages(recursive) check parameters
[5.246s] Level 1:colcon.colcon_core.package_discovery:discover_packages(ignore) check parameters
[5.247s] Level 1:colcon.colcon_core.package_discovery:discover_packages(path) check parameters
[5.247s] Level 1:colcon.colcon_core.package_discovery:discover_packages(colcon_meta) discover
[5.247s] Level 1:colcon.colcon_core.package_discovery:discover_packages(recursive) discover
[5.247s] INFO:colcon.colcon_core.package_discovery:Crawling recursively for packages in '/home/celestino/ros2_ws'
[5.247s] Level 1:colcon.colcon_core.package_identification:_identify(.) by extensions ['ignore', 'ignore_ament_install']
[5.247s] Level 1:colcon.colcon_core.package_identification:_identify(.) by extension 'ignore'
[5.247s] Level 1:colcon.colcon_core.package_identification:_identify(.) by extension 'ignore_ament_install'
[5.248s] Level 1:colcon.colcon_core.package_identification:_identify(.) by extensions ['colcon_pkg']
[5.248s] Level 1:colcon.colcon_core.package_identification:_identify(.) by extension 'colcon_pkg'
[5.248s] Level 1:colcon.colcon_core.package_identification:_identify(.) by extensions ['colcon_meta']
[5.248s] Level 1:colcon.colcon_core.package_identification:_identify(.) by extension 'colcon_meta'
[5.248s] Level 1:colcon.colcon_core.package_identification:_identify(.) by extensions ['ros']
[5.248s] Level 1:colcon.colcon_core.package_identification:_identify(.) by extension 'ros'
[5.439s] Level 1:colcon.colcon_core.package_identification:_identify(.) by extensions ['cmake', 'python']
[5.440s] Level 1:colcon.colcon_core.package_identification:_identify(.) by extension 'cmake'
[5.440s] Level 1:colcon.colcon_core.package_identification:_identify(.) by extension 'python'
[5.440s] Level 1:colcon.colcon_core.package_identification:_identify(.) by extensions ['python_setup_py']
[5.440s] Level 1:colcon.colcon_core.package_identification:_identify(.) by extension 'python_setup_py'
[5.441s] Level 1:colcon.colcon_core.package_identification:_identify(build) by extensions ['ignore', 'ignore_ament_install']
[5.441s] Level 1:colcon.colcon_core.package_identification:_identify(build) by extension 'ignore'
[5.441s] Level 1:colcon.colcon_core.package_identification:_identify(build) ignored
[5.442s] Level 1:colcon.colcon_core.package_identification:_identify(install) by extensions ['ignore', 'ignore_ament_install']
[5.442s] Level 1:colcon.colcon_core.package_identification:_identify(install) by extension 'ignore'
[5.442s] Level 1:colcon.colcon_core.package_identification:_identify(install) ignored
[5.443s] Level 1:colcon.colcon_core.package_identification:_identify(log) by extensions ['ignore', 'ignore_ament_install']
[5.443s] Level 1:colcon.colcon_core.package_identification:_identify(log) by extension 'ignore'
[5.443s] Level 1:colcon.colcon_core.package_identification:_identify(log) ignored
[5.443s] Level 1:colcon.colcon_core.package_identification:_identify(src) by extensions ['ignore', 'ignore_ament_install']
[5.444s] Level 1:colcon.colcon_core.package_identification:_identify(src) by extension 'ignore'
[5.444s] Level 1:colcon.colcon_core.package_identification:_identify(src) by extension 'ignore_ament_install'
[5.444s] Level 1:colcon.colcon_core.package_identification:_identify(src) by extensions ['colcon_pkg']
[5.444s] Level 1:colcon.colcon_core.package_identification:_identify(src) by extension 'colcon_pkg'
[5.444s] Level 1:colcon.colcon_core.package_identification:_identify(src) by extensions ['colcon_meta']
[5.444s] Level 1:colcon.colcon_core.package_identification:_identify(src) by extension 'colcon_meta'
[5.445s] Level 1:colcon.colcon_core.package_identification:_identify(src) by extensions ['ros']
[5.445s] Level 1:colcon.colcon_core.package_identification:_identify(src) by extension 'ros'
[5.445s] Level 1:colcon.colcon_core.package_identification:_identify(src) by extensions ['cmake', 'python']
[5.445s] Level 1:colcon.colcon_core.package_identification:_identify(src) by extension 'cmake'
[5.445s] Level 1:colcon.colcon_core.package_identification:_identify(src) by extension 'python'
[5.445s] Level 1:colcon.colcon_core.package_identification:_identify(src) by extensions ['python_setup_py']
[5.446s] Level 1:colcon.colcon_core.package_identification:_identify(src) by extension 'python_setup_py'
[5.446s] Level 1:colcon.colcon_core.package_identification:_identify(src/my_py_pkg) by extensions ['ignore', 'ignore_ament_install']
[5.446s] Level 1:colcon.colcon_core.package_identification:_identify(src/my_py_pkg) by extension 'ignore'
[5.446s] Level 1:colcon.colcon_core.package_identification:_identify(src/my_py_pkg) by extension 'ignore_ament_install'
[5.447s] Level 1:colcon.colcon_core.package_identification:_identify(src/my_py_pkg) by extensions ['colcon_pkg']
[5.447s] Level 1:colcon.colcon_core.package_identification:_identify(src/my_py_pkg) by extension 'colcon_pkg'
[5.447s] Level 1:colcon.colcon_core.package_identification:_identify(src/my_py_pkg) by extensions ['colcon_meta']
[5.447s] Level 1:colcon.colcon_core.package_identification:_identify(src/my_py_pkg) by extension 'colcon_meta'
[5.447s] Level 1:colcon.colcon_core.package_identification:_identify(src/my_py_pkg) by extensions ['ros']
[5.447s] Level 1:colcon.colcon_core.package_identification:_identify(src/my_py_pkg) by extension 'ros'
[5.515s] DEBUG:colcon.colcon_core.package_identification:Package 'src/my_py_pkg' with type 'ros.ament_python' and name 'my_py_pkg'
[5.515s] Level 1:colcon.colcon_core.package_discovery:discover_packages(recursive) using defaults
[5.516s] Level 1:colcon.colcon_core.package_discovery:discover_packages(ignore) discover
[5.516s] Level 1:colcon.colcon_core.package_discovery:discover_packages(ignore) using defaults
[5.516s] Level 1:colcon.colcon_core.package_discovery:discover_packages(path) discover
[5.516s] Level 1:colcon.colcon_core.package_discovery:discover_packages(path) using defaults
[5.812s] Level 1:colcon.colcon_core.package_discovery:discover_packages(prefix_path) check parameters
[5.812s] Level 1:colcon.colcon_core.package_discovery:discover_packages(prefix_path) discover
[6.886s] DEBUG:colcon.colcon_installed_package_information.package_discovery:Found 345 installed packages in /home/celestino/ros2_humble/install
[6.893s] DEBUG:colcon.colcon_installed_package_information.package_discovery:Found 1 installed packages in /home/celestino/ros2_ws/install
[6.893s] Level 1:colcon.colcon_core.package_discovery:discover_packages(prefix_path) using defaults
[15.177s] Level 5:colcon.colcon_core.verb:set package 'my_py_pkg' build argument 'cmake_args' from command line to 'None'
[15.178s] Level 5:colcon.colcon_core.verb:set package 'my_py_pkg' build argument 'cmake_target' from command line to 'None'
[15.178s] Level 5:colcon.colcon_core.verb:set package 'my_py_pkg' build argument 'cmake_target_skip_unavailable' from command line to 'False'
[15.178s] Level 5:colcon.colcon_core.verb:set package 'my_py_pkg' build argument 'cmake_clean_cache' from command line to 'False'
[15.178s] Level 5:colcon.colcon_core.verb:set package 'my_py_pkg' build argument 'cmake_clean_first' from command line to 'False'
[15.178s] Level 5:colcon.colcon_core.verb:set package 'my_py_pkg' build argument 'cmake_force_configure' from command line to 'False'
[15.178s] Level 5:colcon.colcon_core.verb:set package 'my_py_pkg' build argument 'ament_cmake_args' from command line to 'None'
[15.178s] Level 5:colcon.colcon_core.verb:set package 'my_py_pkg' build argument 'catkin_cmake_args' from command line to 'None'
[15.178s] Level 5:colcon.colcon_core.verb:set package 'my_py_pkg' build argument 'catkin_skip_building_tests' from command line to 'False'
[15.178s] DEBUG:colcon.colcon_core.verb:Building package 'my_py_pkg' with the following arguments: {'ament_cmake_args': None, 'build_base': '/home/celestino/ros2_ws/build/my_py_pkg', 'catkin_cmake_args': None, 'catkin_skip_building_tests': False, 'cmake_args': None, 'cmake_clean_cache': False, 'cmake_clean_first': False, 'cmake_force_configure': False, 'cmake_target': None, 'cmake_target_skip_unavailable': False, 'install_base': '/home/celestino/ros2_ws/install/my_py_pkg', 'merge_install': False, 'path': '/home/celestino/ros2_ws/src/my_py_pkg', 'symlink_install': False, 'test_result_base': None}
[15.178s] INFO:colcon.colcon_core.executor:Executing jobs using 'parallel' executor
[15.180s] DEBUG:colcon.colcon_parallel_executor.executor.parallel:run_until_complete
[15.180s] INFO:colcon.colcon_ros.task.ament_python.build:Building ROS package in '/home/celestino/ros2_ws/src/my_py_pkg' with build type 'ament_python'
[15.180s] Level 1:colcon.colcon_core.shell:create_environment_hook('my_py_pkg', 'ament_prefix_path')
[15.412s] INFO:colcon.colcon_core.plugin_system:Skipping extension 'colcon_core.shell.bat': Not used on non-Windows systems
[15.413s] INFO:colcon.colcon_core.shell:Creating environment hook '/home/celestino/ros2_ws/install/my_py_pkg/share/my_py_pkg/hook/ament_prefix_path.ps1'
[15.429s] INFO:colcon.colcon_core.shell:Creating environment descriptor '/home/celestino/ros2_ws/install/my_py_pkg/share/my_py_pkg/hook/ament_prefix_path.dsv'
[15.442s] INFO:colcon.colcon_core.shell:Creating environment hook '/home/celestino/ros2_ws/install/my_py_pkg/share/my_py_pkg/hook/ament_prefix_path.sh'
[15.455s] INFO:colcon.colcon_core.shell:Skip shell extension 'powershell' for command environment: Not usable outside of PowerShell
[15.456s] DEBUG:colcon.colcon_core.shell:Skip shell extension 'dsv' for command environment
[16.659s] INFO:colcon.colcon_core.task.python.build:Building Python package in '/home/celestino/ros2_ws/src/my_py_pkg'
[16.660s] INFO:colcon.colcon_core.shell:Skip shell extension 'powershell' for command environment: Not usable outside of PowerShell
[16.660s] DEBUG:colcon.colcon_core.shell:Skip shell extension 'dsv' for command environment
[18.783s] DEBUG:colcon.colcon_core.event_handler.log_command:Invoking command in '/home/celestino/ros2_ws/src/my_py_pkg': PYTHONPATH=/home/celestino/ros2_ws/build/my_py_pkg/prefix_override:/home/celestino/ros2_ws/install/my_py_pkg/lib/python3.10/site-packages:${PYTHONPATH} /usr/bin/python3 -W ignore:setup.py install is deprecated setup.py egg_info --egg-base ../../build/my_py_pkg build --build-base /home/celestino/ros2_ws/build/my_py_pkg/build install --record /home/celestino/ros2_ws/build/my_py_pkg/install.log --single-version-externally-managed install_data
[20.030s] DEBUG:colcon.colcon_core.event_handler.log_command:Invoked command in '/home/celestino/ros2_ws/src/my_py_pkg' returned '0': PYTHONPATH=/home/celestino/ros2_ws/build/my_py_pkg/prefix_override:/home/celestino/ros2_ws/install/my_py_pkg/lib/python3.10/site-packages:${PYTHONPATH} /usr/bin/python3 -W ignore:setup.py install is deprecated setup.py egg_info --egg-base ../../build/my_py_pkg build --build-base /home/celestino/ros2_ws/build/my_py_pkg/build install --record /home/celestino/ros2_ws/build/my_py_pkg/install.log --single-version-externally-managed install_data
[20.134s] Level 1:colcon.colcon_core.environment:checking '/home/celestino/ros2_ws/install/my_py_pkg' for CMake module files
[20.151s] Level 1:colcon.colcon_core.environment:checking '/home/celestino/ros2_ws/install/my_py_pkg' for CMake config files
[20.161s] Level 1:colcon.colcon_core.environment:checking '/home/celestino/ros2_ws/install/my_py_pkg/lib'
[20.162s] Level 1:colcon.colcon_core.environment:checking '/home/celestino/ros2_ws/install/my_py_pkg/bin'
[20.162s] Level 1:colcon.colcon_core.environment:checking '/home/celestino/ros2_ws/install/my_py_pkg/lib/pkgconfig/my_py_pkg.pc'
[20.163s] Level 1:colcon.colcon_core.environment:checking '/home/celestino/ros2_ws/install/my_py_pkg/lib/python3.10/site-packages'
[20.164s] Level 1:colcon.colcon_core.shell:create_environment_hook('my_py_pkg', 'pythonpath')
[20.165s] INFO:colcon.colcon_core.shell:Creating environment hook '/home/celestino/ros2_ws/install/my_py_pkg/share/my_py_pkg/hook/pythonpath.ps1'
[20.166s] INFO:colcon.colcon_core.shell:Creating environment descriptor '/home/celestino/ros2_ws/install/my_py_pkg/share/my_py_pkg/hook/pythonpath.dsv'
[20.167s] INFO:colcon.colcon_core.shell:Creating environment hook '/home/celestino/ros2_ws/install/my_py_pkg/share/my_py_pkg/hook/pythonpath.sh'
[20.170s] Level 1:colcon.colcon_core.environment:checking '/home/celestino/ros2_ws/install/my_py_pkg/bin'
[20.170s] Level 1:colcon.colcon_core.environment:create_environment_scripts_only(my_py_pkg)
[20.172s] INFO:colcon.colcon_core.shell:Creating package script '/home/celestino/ros2_ws/install/my_py_pkg/share/my_py_pkg/package.ps1'
[20.175s] INFO:colcon.colcon_core.shell:Creating package descriptor '/home/celestino/ros2_ws/install/my_py_pkg/share/my_py_pkg/package.dsv'
[20.203s] INFO:colcon.colcon_core.shell:Creating package script '/home/celestino/ros2_ws/install/my_py_pkg/share/my_py_pkg/package.sh'
[20.206s] INFO:colcon.colcon_core.shell:Creating package script '/home/celestino/ros2_ws/install/my_py_pkg/share/my_py_pkg/package.bash'
[20.221s] INFO:colcon.colcon_core.shell:Creating package script '/home/celestino/ros2_ws/install/my_py_pkg/share/my_py_pkg/package.zsh'
[20.225s] Level 1:colcon.colcon_core.environment:create_file_with_runtime_dependencies(/home/celestino/ros2_ws/install/my_py_pkg/share/colcon-core/packages/my_py_pkg)
[20.226s] DEBUG:colcon.colcon_parallel_executor.executor.parallel:closing loop
[20.228s] DEBUG:colcon.colcon_parallel_executor.executor.parallel:loop closed
[20.228s] DEBUG:colcon.colcon_parallel_executor.executor.parallel:run_until_complete finished with '0'
[20.228s] DEBUG:colcon.colcon_core.event_reactor:joining thread
[20.349s] INFO:colcon.colcon_core.plugin_system:Skipping extension 'colcon_notification.desktop_notification.terminal_notifier': Not used on non-Darwin systems
[20.349s] INFO:colcon.colcon_core.plugin_system:Skipping extension 'colcon_notification.desktop_notification.win32': Not used on non-Windows systems
[20.349s] INFO:colcon.colcon_notification.desktop_notification:Sending desktop notification using 'notify2'
[20.377s] DEBUG:colcon.colcon_core.event_reactor:joined thread
[20.378s] INFO:colcon.colcon_core.shell:Creating prefix script '/home/celestino/ros2_ws/install/local_setup.ps1'
[20.380s] INFO:colcon.colcon_core.shell:Creating prefix util module '/home/celestino/ros2_ws/install/_local_setup_util_ps1.py'
[20.382s] INFO:colcon.colcon_core.shell:Creating prefix chain script '/home/celestino/ros2_ws/install/setup.ps1'
[20.405s] INFO:colcon.colcon_core.shell:Creating prefix script '/home/celestino/ros2_ws/install/local_setup.sh'
[20.406s] INFO:colcon.colcon_core.shell:Creating prefix util module '/home/celestino/ros2_ws/install/_local_setup_util_sh.py'
[20.407s] INFO:colcon.colcon_core.shell:Creating prefix chain script '/home/celestino/ros2_ws/install/setup.sh'
[20.431s] INFO:colcon.colcon_core.shell:Creating prefix script '/home/celestino/ros2_ws/install/local_setup.bash'
[20.453s] INFO:colcon.colcon_core.shell:Creating prefix chain script '/home/celestino/ros2_ws/install/setup.bash'
[20.490s] INFO:colcon.colcon_core.shell:Creating prefix script '/home/celestino/ros2_ws/install/local_setup.zsh'
[20.491s] INFO:colcon.colcon_core.shell:Creating prefix chain script '/home/celestino/ros2_ws/install/setup.zsh'
