[0.546s] DEBUG:colcon:Command line arguments: ['/usr/bin/colcon', 'build']
[0.546s] DEBUG:colcon:Parsed command line arguments: Namespace(log_base=None, log_level=None, verb_name='build', build_base='build', install_base='install', merge_install=False, symlink_install=False, test_result_base=None, continue_on_error=False, executor='parallel', parallel_workers=4, event_handlers=None, ignore_user_meta=False, metas=['./colcon.meta'], base_paths=['.'], packages_ignore=None, packages_ignore_regex=None, paths=None, packages_up_to=None, packages_up_to_regex=None, packages_above=None, packages_above_and_dependencies=None, packages_above_depth=None, packages_select_by_dep=None, packages_skip_by_dep=None, packages_skip_up_to=None, packages_select_build_failed=False, packages_skip_build_finished=False, packages_select_test_failures=False, packages_skip_test_passed=False, packages_select=None, packages_skip=None, packages_select_regex=None, packages_skip_regex=None, packages_start=None, packages_end=None, allow_overriding=[], cmake_args=None, cmake_target=None, cmake_target_skip_unavailable=False, cmake_clean_cache=False, cmake_clean_first=False, cmake_force_configure=False, ament_cmake_args=None, catkin_cmake_args=None, catkin_skip_building_tests=False, verb_parser=<colcon_defaults.argument_parser.defaults.DefaultArgumentsDecorator object at 0x7b4ca40025c0>, verb_extension=<colcon_core.verb.build.BuildVerb object at 0x7b4ca4000f40>, main=<bound method BuildVerb.main of <colcon_core.verb.build.BuildVerb object at 0x7b4ca4000f40>>)
[1.011s] Level 1:colcon.colcon_core.package_discovery:discover_packages(colcon_meta) check parameters
[1.011s] Level 1:colcon.colcon_core.package_discovery:discover_packages(recursive) check parameters
[1.011s] Level 1:colcon.colcon_core.package_discovery:discover_packages(ignore) check parameters
[1.012s] Level 1:colcon.colcon_core.package_discovery:discover_packages(path) check parameters
[1.012s] Level 1:colcon.colcon_core.package_discovery:discover_packages(colcon_meta) discover
[1.012s] Level 1:colcon.colcon_core.package_discovery:discover_packages(recursive) discover
[1.012s] INFO:colcon.colcon_core.package_discovery:Crawling recursively for packages in '/home/celestino/ros2_ws'
[1.012s] Level 1:colcon.colcon_core.package_identification:_identify(.) by extensions ['ignore', 'ignore_ament_install']
[1.012s] Level 1:colcon.colcon_core.package_identification:_identify(.) by extension 'ignore'
[1.012s] Level 1:colcon.colcon_core.package_identification:_identify(.) by extension 'ignore_ament_install'
[1.012s] Level 1:colcon.colcon_core.package_identification:_identify(.) by extensions ['colcon_pkg']
[1.012s] Level 1:colcon.colcon_core.package_identification:_identify(.) by extension 'colcon_pkg'
[1.012s] Level 1:colcon.colcon_core.package_identification:_identify(.) by extensions ['colcon_meta']
[1.012s] Level 1:colcon.colcon_core.package_identification:_identify(.) by extension 'colcon_meta'
[1.013s] Level 1:colcon.colcon_core.package_identification:_identify(.) by extensions ['ros']
[1.013s] Level 1:colcon.colcon_core.package_identification:_identify(.) by extension 'ros'
[1.033s] Level 1:colcon.colcon_core.package_identification:_identify(.) by extensions ['cmake', 'python']
[1.033s] Level 1:colcon.colcon_core.package_identification:_identify(.) by extension 'cmake'
[1.033s] Level 1:colcon.colcon_core.package_identification:_identify(.) by extension 'python'
[1.033s] Level 1:colcon.colcon_core.package_identification:_identify(.) by extensions ['python_setup_py']
[1.033s] Level 1:colcon.colcon_core.package_identification:_identify(.) by extension 'python_setup_py'
[1.033s] Level 1:colcon.colcon_core.package_identification:_identify(build) by extensions ['ignore', 'ignore_ament_install']
[1.033s] Level 1:colcon.colcon_core.package_identification:_identify(build) by extension 'ignore'
[1.033s] Level 1:colcon.colcon_core.package_identification:_identify(build) ignored
[1.034s] Level 1:colcon.colcon_core.package_identification:_identify(install) by extensions ['ignore', 'ignore_ament_install']
[1.034s] Level 1:colcon.colcon_core.package_identification:_identify(install) by extension 'ignore'
[1.034s] Level 1:colcon.colcon_core.package_identification:_identify(install) ignored
[1.034s] Level 1:colcon.colcon_core.package_identification:_identify(log) by extensions ['ignore', 'ignore_ament_install']
[1.034s] Level 1:colcon.colcon_core.package_identification:_identify(log) by extension 'ignore'
[1.034s] Level 1:colcon.colcon_core.package_identification:_identify(log) ignored
[1.049s] Level 1:colcon.colcon_core.package_identification:_identify(src) by extensions ['ignore', 'ignore_ament_install']
[1.050s] Level 1:colcon.colcon_core.package_identification:_identify(src) by extension 'ignore'
[1.050s] Level 1:colcon.colcon_core.package_identification:_identify(src) by extension 'ignore_ament_install'
[1.050s] Level 1:colcon.colcon_core.package_identification:_identify(src) by extensions ['colcon_pkg']
[1.050s] Level 1:colcon.colcon_core.package_identification:_identify(src) by extension 'colcon_pkg'
[1.050s] Level 1:colcon.colcon_core.package_identification:_identify(src) by extensions ['colcon_meta']
[1.050s] Level 1:colcon.colcon_core.package_identification:_identify(src) by extension 'colcon_meta'
[1.050s] Level 1:colcon.colcon_core.package_identification:_identify(src) by extensions ['ros']
[1.050s] Level 1:colcon.colcon_core.package_identification:_identify(src) by extension 'ros'
[1.050s] Level 1:colcon.colcon_core.package_identification:_identify(src) by extensions ['cmake', 'python']
[1.051s] Level 1:colcon.colcon_core.package_identification:_identify(src) by extension 'cmake'
[1.051s] Level 1:colcon.colcon_core.package_identification:_identify(src) by extension 'python'
[1.051s] Level 1:colcon.colcon_core.package_identification:_identify(src) by extensions ['python_setup_py']
[1.051s] Level 1:colcon.colcon_core.package_identification:_identify(src) by extension 'python_setup_py'
[1.051s] Level 1:colcon.colcon_core.package_identification:_identify(src/my_py_pkg) by extensions ['ignore', 'ignore_ament_install']
[1.051s] Level 1:colcon.colcon_core.package_identification:_identify(src/my_py_pkg) by extension 'ignore'
[1.051s] Level 1:colcon.colcon_core.package_identification:_identify(src/my_py_pkg) by extension 'ignore_ament_install'
[1.051s] Level 1:colcon.colcon_core.package_identification:_identify(src/my_py_pkg) by extensions ['colcon_pkg']
[1.051s] Level 1:colcon.colcon_core.package_identification:_identify(src/my_py_pkg) by extension 'colcon_pkg'
[1.052s] Level 1:colcon.colcon_core.package_identification:_identify(src/my_py_pkg) by extensions ['colcon_meta']
[1.052s] Level 1:colcon.colcon_core.package_identification:_identify(src/my_py_pkg) by extension 'colcon_meta'
[1.052s] Level 1:colcon.colcon_core.package_identification:_identify(src/my_py_pkg) by extensions ['ros']
[1.052s] Level 1:colcon.colcon_core.package_identification:_identify(src/my_py_pkg) by extension 'ros'
[1.057s] DEBUG:colcon.colcon_core.package_identification:Package 'src/my_py_pkg' with type 'ros.ament_python' and name 'my_py_pkg'
[1.069s] Level 1:colcon.colcon_core.package_identification:_identify(src/my_robot_interfaces) by extensions ['ignore', 'ignore_ament_install']
[1.069s] Level 1:colcon.colcon_core.package_identification:_identify(src/my_robot_interfaces) by extension 'ignore'
[1.069s] Level 1:colcon.colcon_core.package_identification:_identify(src/my_robot_interfaces) by extension 'ignore_ament_install'
[1.069s] Level 1:colcon.colcon_core.package_identification:_identify(src/my_robot_interfaces) by extensions ['colcon_pkg']
[1.070s] Level 1:colcon.colcon_core.package_identification:_identify(src/my_robot_interfaces) by extension 'colcon_pkg'
[1.070s] Level 1:colcon.colcon_core.package_identification:_identify(src/my_robot_interfaces) by extensions ['colcon_meta']
[1.070s] Level 1:colcon.colcon_core.package_identification:_identify(src/my_robot_interfaces) by extension 'colcon_meta'
[1.070s] Level 1:colcon.colcon_core.package_identification:_identify(src/my_robot_interfaces) by extensions ['ros']
[1.070s] Level 1:colcon.colcon_core.package_identification:_identify(src/my_robot_interfaces) by extension 'ros'
[1.071s] DEBUG:colcon.colcon_core.package_identification:Package 'src/my_robot_interfaces' with type 'ros.ament_cmake' and name 'my_robot_interfaces'
[1.071s] Level 1:colcon.colcon_core.package_discovery:discover_packages(recursive) using defaults
[1.071s] Level 1:colcon.colcon_core.package_discovery:discover_packages(ignore) discover
[1.071s] Level 1:colcon.colcon_core.package_discovery:discover_packages(ignore) using defaults
[1.071s] Level 1:colcon.colcon_core.package_discovery:discover_packages(path) discover
[1.071s] Level 1:colcon.colcon_core.package_discovery:discover_packages(path) using defaults
[1.146s] Level 1:colcon.colcon_core.package_discovery:discover_packages(prefix_path) check parameters
[1.146s] Level 1:colcon.colcon_core.package_discovery:discover_packages(prefix_path) discover
[1.702s] DEBUG:colcon.colcon_installed_package_information.package_discovery:Found 2 installed packages in /home/celestino/ros2_ws/install
[1.724s] DEBUG:colcon.colcon_installed_package_information.package_discovery:Found 345 installed packages in /home/celestino/ros2_humble/install
[1.727s] Level 1:colcon.colcon_core.package_discovery:discover_packages(prefix_path) using defaults
[1.798s] Level 5:colcon.colcon_core.verb:set package 'my_robot_interfaces' build argument 'cmake_args' from command line to 'None'
[1.799s] Level 5:colcon.colcon_core.verb:set package 'my_robot_interfaces' build argument 'cmake_target' from command line to 'None'
[1.799s] Level 5:colcon.colcon_core.verb:set package 'my_robot_interfaces' build argument 'cmake_target_skip_unavailable' from command line to 'False'
[1.799s] Level 5:colcon.colcon_core.verb:set package 'my_robot_interfaces' build argument 'cmake_clean_cache' from command line to 'False'
[1.799s] Level 5:colcon.colcon_core.verb:set package 'my_robot_interfaces' build argument 'cmake_clean_first' from command line to 'False'
[1.799s] Level 5:colcon.colcon_core.verb:set package 'my_robot_interfaces' build argument 'cmake_force_configure' from command line to 'False'
[1.799s] Level 5:colcon.colcon_core.verb:set package 'my_robot_interfaces' build argument 'ament_cmake_args' from command line to 'None'
[1.799s] Level 5:colcon.colcon_core.verb:set package 'my_robot_interfaces' build argument 'catkin_cmake_args' from command line to 'None'
[1.799s] Level 5:colcon.colcon_core.verb:set package 'my_robot_interfaces' build argument 'catkin_skip_building_tests' from command line to 'False'
[1.799s] DEBUG:colcon.colcon_core.verb:Building package 'my_robot_interfaces' with the following arguments: {'ament_cmake_args': None, 'build_base': '/home/celestino/ros2_ws/build/my_robot_interfaces', 'catkin_cmake_args': None, 'catkin_skip_building_tests': False, 'cmake_args': None, 'cmake_clean_cache': False, 'cmake_clean_first': False, 'cmake_force_configure': False, 'cmake_target': None, 'cmake_target_skip_unavailable': False, 'install_base': '/home/celestino/ros2_ws/install/my_robot_interfaces', 'merge_install': False, 'path': '/home/celestino/ros2_ws/src/my_robot_interfaces', 'symlink_install': False, 'test_result_base': None}
[1.801s] Level 5:colcon.colcon_core.verb:set package 'my_py_pkg' build argument 'cmake_args' from command line to 'None'
[1.801s] Level 5:colcon.colcon_core.verb:set package 'my_py_pkg' build argument 'cmake_target' from command line to 'None'
[1.801s] Level 5:colcon.colcon_core.verb:set package 'my_py_pkg' build argument 'cmake_target_skip_unavailable' from command line to 'False'
[1.801s] Level 5:colcon.colcon_core.verb:set package 'my_py_pkg' build argument 'cmake_clean_cache' from command line to 'False'
[1.801s] Level 5:colcon.colcon_core.verb:set package 'my_py_pkg' build argument 'cmake_clean_first' from command line to 'False'
[1.801s] Level 5:colcon.colcon_core.verb:set package 'my_py_pkg' build argument 'cmake_force_configure' from command line to 'False'
[1.801s] Level 5:colcon.colcon_core.verb:set package 'my_py_pkg' build argument 'ament_cmake_args' from command line to 'None'
[1.801s] Level 5:colcon.colcon_core.verb:set package 'my_py_pkg' build argument 'catkin_cmake_args' from command line to 'None'
[1.801s] Level 5:colcon.colcon_core.verb:set package 'my_py_pkg' build argument 'catkin_skip_building_tests' from command line to 'False'
[1.801s] DEBUG:colcon.colcon_core.verb:Building package 'my_py_pkg' with the following arguments: {'ament_cmake_args': None, 'build_base': '/home/celestino/ros2_ws/build/my_py_pkg', 'catkin_cmake_args': None, 'catkin_skip_building_tests': False, 'cmake_args': None, 'cmake_clean_cache': False, 'cmake_clean_first': False, 'cmake_force_configure': False, 'cmake_target': None, 'cmake_target_skip_unavailable': False, 'install_base': '/home/celestino/ros2_ws/install/my_py_pkg', 'merge_install': False, 'path': '/home/celestino/ros2_ws/src/my_py_pkg', 'symlink_install': False, 'test_result_base': None}
[1.802s] INFO:colcon.colcon_core.executor:Executing jobs using 'parallel' executor
[1.804s] DEBUG:colcon.colcon_parallel_executor.executor.parallel:run_until_complete
[1.805s] INFO:colcon.colcon_ros.task.ament_cmake.build:Building ROS package in '/home/celestino/ros2_ws/src/my_robot_interfaces' with build type 'ament_cmake'
[1.805s] INFO:colcon.colcon_cmake.task.cmake.build:Building CMake package in '/home/celestino/ros2_ws/src/my_robot_interfaces'
[1.828s] INFO:colcon.colcon_core.plugin_system:Skipping extension 'colcon_core.shell.bat': Not used on non-Windows systems
[1.829s] INFO:colcon.colcon_core.shell:Skip shell extension 'powershell' for command environment: Not usable outside of PowerShell
[1.829s] DEBUG:colcon.colcon_core.shell:Skip shell extension 'dsv' for command environment
[1.919s] DEBUG:colcon.colcon_core.event_handler.log_command:Invoking command in '/home/celestino/ros2_ws/build/my_robot_interfaces': CMAKE_PREFIX_PATH=${CMAKE_PREFIX_PATH}:/home/celestino/ros2_ws/install/my_py_pkg:/home/celestino/ros2_humble/install/rqt_bag_plugins:/home/celestino/ros2_humble/install/rqt_bag:/home/celestino/ros2_humble/install/ros2bag:/home/celestino/ros2_humble/install/tracetools_test:/home/celestino/ros2_humble/install/tracetools_launch:/home/celestino/ros2_humble/install/topic_monitor:/home/celestino/ros2_humble/install/tf2_tools:/home/celestino/ros2_humble/install/examples_tf2_py:/home/celestino/ros2_humble/install/tf2_ros_py:/home/celestino/ros2_humble/install/sros2:/home/celestino/ros2_humble/install/rqt_topic:/home/celestino/ros2_humble/install/rqt_srv:/home/celestino/ros2_humble/install/rqt_shell:/home/celestino/ros2_humble/install/rqt_service_caller:/home/celestino/ros2_humble/install/rqt_reconfigure:/home/celestino/ros2_humble/install/rqt_py_console:/home/celestino/ros2_humble/install/rqt_publisher:/home/celestino/ros2_humble/install/rqt_plot:/home/celestino/ros2_humble/install/rqt_action:/home/celestino/ros2_humble/install/rqt_msg:/home/celestino/ros2_humble/install/rqt_console:/home/celestino/ros2_humble/install/rqt:/home/celestino/ros2_humble/install/rqt_graph:/home/celestino/ros2_humble/install/rqt_gui_py:/home/celestino/ros2_humble/install/rqt_gui:/home/celestino/ros2_humble/install/ros2trace:/home/celestino/ros2_humble/install/ros2topic:/home/celestino/ros2_humble/install/ros2test:/home/celestino/ros2_humble/install/ros2component:/home/celestino/ros2_humble/install/ros2param:/home/celestino/ros2_humble/install/ros2lifecycle:/home/celestino/ros2_humble/install/ros2service:/home/celestino/ros2_humble/install/ros2run:/home/celestino/ros2_humble/install/ros2launch:/home/celestino/ros2_humble/install/ros2pkg:/home/celestino/ros2_humble/install/ros2node:/home/celestino/ros2_humble/install/ros2multicast:/home/celestino/ros2_humble/install/ros2interface:/home/celestino/ros2_humble/install/ros2doctor:/home/celestino/ros2_humble/install/ros2action:/home/celestino/ros2_humble/install/ros2cli:/home/celestino/ros2_humble/install/quality_of_service_demo_py:/home/celestino/ros2_humble/install/lifecycle_py:/home/celestino/ros2_humble/install/launch_testing_ros:/home/celestino/ros2_humble/install/launch_ros:/home/celestino/ros2_humble/install/examples_rclpy_pointcloud_publisher:/home/celestino/ros2_humble/install/examples_rclpy_minimal_subscriber:/home/celestino/ros2_humble/install/examples_rclpy_minimal_service:/home/celestino/ros2_humble/install/examples_rclpy_minimal_publisher:/home/celestino/ros2_humble/install/examples_rclpy_minimal_client:/home/celestino/ros2_humble/install/examples_rclpy_minimal_action_server:/home/celestino/ros2_humble/install/examples_rclpy_minimal_action_client:/home/celestino/ros2_humble/install/examples_rclpy_guard_conditions:/home/celestino/ros2_humble/install/examples_rclpy_executors:/home/celestino/ros2_humble/install/demo_nodes_py:/home/celestino/ros2_humble/install/action_tutorials_py:/home/celestino/ros2_humble/install/ament_uncrustify:/home/celestino/ros2_humble/install/tracetools_trace:/home/celestino/ros2_humble/install/tracetools_read:/home/celestino/ros2_humble/install/test_tracetools_launch:/home/celestino/ros2_humble/install/test_launch_ros:/home/celestino/ros2_humble/install/sensor_msgs_py:/home/celestino/ros2_humble/install/rpyutils:/home/celestino/ros2_humble/install/rosidl_runtime_py:/home/celestino/ros2_humble/install/rosidl_cli:/home/celestino/ros2_humble/install/launch_pytest:/home/celestino/ros2_humble/install/launch_testing:/home/celestino/ros2_humble/install/launch_yaml:/home/celestino/ros2_humble/install/launch_xml:/home/celestino/ros2_humble/install/launch:/home/celestino/ros2_humble/install/osrf_pycommon:/home/celestino/ros2_humble/install/launch_testing_examples:/home/celestino/ros2_humble/install/domain_coordinator:/home/celestino/ros2_humble/install/ament_xmllint:/home/celestino/ros2_humble/install/ament_pyflakes:/home/celestino/ros2_humble/install/ament_pycodestyle:/home/celestino/ros2_humble/install/ament_pep257:/home/celestino/ros2_humble/install/ament_pclint:/home/celestino/ros2_humble/install/ament_package:/home/celestino/ros2_humble/install/ament_mypy:/home/celestino/ros2_humble/install/ament_lint_cmake:/home/celestino/ros2_humble/install/ament_flake8:/home/celestino/ros2_humble/install/ament_copyright:/home/celestino/ros2_humble/install/ament_lint:/home/celestino/ros2_humble/install/ament_index_python:/home/celestino/ros2_humble/install/ament_cpplint:/home/celestino/ros2_humble/install/ament_cppcheck:/home/celestino/ros2_humble/install/ament_clang_tidy:/home/celestino/ros2_humble/install/ament_clang_format /usr/bin/cmake --build /home/celestino/ros2_ws/build/my_robot_interfaces -- -j4 -l4
[4.058s] DEBUG:colcon.colcon_core.event_handler.log_command:Invoked command in '/home/celestino/ros2_ws/build/my_robot_interfaces' returned '0': CMAKE_PREFIX_PATH=${CMAKE_PREFIX_PATH}:/home/celestino/ros2_ws/install/my_py_pkg:/home/celestino/ros2_humble/install/rqt_bag_plugins:/home/celestino/ros2_humble/install/rqt_bag:/home/celestino/ros2_humble/install/ros2bag:/home/celestino/ros2_humble/install/tracetools_test:/home/celestino/ros2_humble/install/tracetools_launch:/home/celestino/ros2_humble/install/topic_monitor:/home/celestino/ros2_humble/install/tf2_tools:/home/celestino/ros2_humble/install/examples_tf2_py:/home/celestino/ros2_humble/install/tf2_ros_py:/home/celestino/ros2_humble/install/sros2:/home/celestino/ros2_humble/install/rqt_topic:/home/celestino/ros2_humble/install/rqt_srv:/home/celestino/ros2_humble/install/rqt_shell:/home/celestino/ros2_humble/install/rqt_service_caller:/home/celestino/ros2_humble/install/rqt_reconfigure:/home/celestino/ros2_humble/install/rqt_py_console:/home/celestino/ros2_humble/install/rqt_publisher:/home/celestino/ros2_humble/install/rqt_plot:/home/celestino/ros2_humble/install/rqt_action:/home/celestino/ros2_humble/install/rqt_msg:/home/celestino/ros2_humble/install/rqt_console:/home/celestino/ros2_humble/install/rqt:/home/celestino/ros2_humble/install/rqt_graph:/home/celestino/ros2_humble/install/rqt_gui_py:/home/celestino/ros2_humble/install/rqt_gui:/home/celestino/ros2_humble/install/ros2trace:/home/celestino/ros2_humble/install/ros2topic:/home/celestino/ros2_humble/install/ros2test:/home/celestino/ros2_humble/install/ros2component:/home/celestino/ros2_humble/install/ros2param:/home/celestino/ros2_humble/install/ros2lifecycle:/home/celestino/ros2_humble/install/ros2service:/home/celestino/ros2_humble/install/ros2run:/home/celestino/ros2_humble/install/ros2launch:/home/celestino/ros2_humble/install/ros2pkg:/home/celestino/ros2_humble/install/ros2node:/home/celestino/ros2_humble/install/ros2multicast:/home/celestino/ros2_humble/install/ros2interface:/home/celestino/ros2_humble/install/ros2doctor:/home/celestino/ros2_humble/install/ros2action:/home/celestino/ros2_humble/install/ros2cli:/home/celestino/ros2_humble/install/quality_of_service_demo_py:/home/celestino/ros2_humble/install/lifecycle_py:/home/celestino/ros2_humble/install/launch_testing_ros:/home/celestino/ros2_humble/install/launch_ros:/home/celestino/ros2_humble/install/examples_rclpy_pointcloud_publisher:/home/celestino/ros2_humble/install/examples_rclpy_minimal_subscriber:/home/celestino/ros2_humble/install/examples_rclpy_minimal_service:/home/celestino/ros2_humble/install/examples_rclpy_minimal_publisher:/home/celestino/ros2_humble/install/examples_rclpy_minimal_client:/home/celestino/ros2_humble/install/examples_rclpy_minimal_action_server:/home/celestino/ros2_humble/install/examples_rclpy_minimal_action_client:/home/celestino/ros2_humble/install/examples_rclpy_guard_conditions:/home/celestino/ros2_humble/install/examples_rclpy_executors:/home/celestino/ros2_humble/install/demo_nodes_py:/home/celestino/ros2_humble/install/action_tutorials_py:/home/celestino/ros2_humble/install/ament_uncrustify:/home/celestino/ros2_humble/install/tracetools_trace:/home/celestino/ros2_humble/install/tracetools_read:/home/celestino/ros2_humble/install/test_tracetools_launch:/home/celestino/ros2_humble/install/test_launch_ros:/home/celestino/ros2_humble/install/sensor_msgs_py:/home/celestino/ros2_humble/install/rpyutils:/home/celestino/ros2_humble/install/rosidl_runtime_py:/home/celestino/ros2_humble/install/rosidl_cli:/home/celestino/ros2_humble/install/launch_pytest:/home/celestino/ros2_humble/install/launch_testing:/home/celestino/ros2_humble/install/launch_yaml:/home/celestino/ros2_humble/install/launch_xml:/home/celestino/ros2_humble/install/launch:/home/celestino/ros2_humble/install/osrf_pycommon:/home/celestino/ros2_humble/install/launch_testing_examples:/home/celestino/ros2_humble/install/domain_coordinator:/home/celestino/ros2_humble/install/ament_xmllint:/home/celestino/ros2_humble/install/ament_pyflakes:/home/celestino/ros2_humble/install/ament_pycodestyle:/home/celestino/ros2_humble/install/ament_pep257:/home/celestino/ros2_humble/install/ament_pclint:/home/celestino/ros2_humble/install/ament_package:/home/celestino/ros2_humble/install/ament_mypy:/home/celestino/ros2_humble/install/ament_lint_cmake:/home/celestino/ros2_humble/install/ament_flake8:/home/celestino/ros2_humble/install/ament_copyright:/home/celestino/ros2_humble/install/ament_lint:/home/celestino/ros2_humble/install/ament_index_python:/home/celestino/ros2_humble/install/ament_cpplint:/home/celestino/ros2_humble/install/ament_cppcheck:/home/celestino/ros2_humble/install/ament_clang_tidy:/home/celestino/ros2_humble/install/ament_clang_format /usr/bin/cmake --build /home/celestino/ros2_ws/build/my_robot_interfaces -- -j4 -l4
[4.634s] DEBUG:colcon.colcon_core.event_handler.log_command:Invoking command in '/home/celestino/ros2_ws/build/my_robot_interfaces': CMAKE_PREFIX_PATH=${CMAKE_PREFIX_PATH}:/home/celestino/ros2_ws/install/my_py_pkg:/home/celestino/ros2_humble/install/rqt_bag_plugins:/home/celestino/ros2_humble/install/rqt_bag:/home/celestino/ros2_humble/install/ros2bag:/home/celestino/ros2_humble/install/tracetools_test:/home/celestino/ros2_humble/install/tracetools_launch:/home/celestino/ros2_humble/install/topic_monitor:/home/celestino/ros2_humble/install/tf2_tools:/home/celestino/ros2_humble/install/examples_tf2_py:/home/celestino/ros2_humble/install/tf2_ros_py:/home/celestino/ros2_humble/install/sros2:/home/celestino/ros2_humble/install/rqt_topic:/home/celestino/ros2_humble/install/rqt_srv:/home/celestino/ros2_humble/install/rqt_shell:/home/celestino/ros2_humble/install/rqt_service_caller:/home/celestino/ros2_humble/install/rqt_reconfigure:/home/celestino/ros2_humble/install/rqt_py_console:/home/celestino/ros2_humble/install/rqt_publisher:/home/celestino/ros2_humble/install/rqt_plot:/home/celestino/ros2_humble/install/rqt_action:/home/celestino/ros2_humble/install/rqt_msg:/home/celestino/ros2_humble/install/rqt_console:/home/celestino/ros2_humble/install/rqt:/home/celestino/ros2_humble/install/rqt_graph:/home/celestino/ros2_humble/install/rqt_gui_py:/home/celestino/ros2_humble/install/rqt_gui:/home/celestino/ros2_humble/install/ros2trace:/home/celestino/ros2_humble/install/ros2topic:/home/celestino/ros2_humble/install/ros2test:/home/celestino/ros2_humble/install/ros2component:/home/celestino/ros2_humble/install/ros2param:/home/celestino/ros2_humble/install/ros2lifecycle:/home/celestino/ros2_humble/install/ros2service:/home/celestino/ros2_humble/install/ros2run:/home/celestino/ros2_humble/install/ros2launch:/home/celestino/ros2_humble/install/ros2pkg:/home/celestino/ros2_humble/install/ros2node:/home/celestino/ros2_humble/install/ros2multicast:/home/celestino/ros2_humble/install/ros2interface:/home/celestino/ros2_humble/install/ros2doctor:/home/celestino/ros2_humble/install/ros2action:/home/celestino/ros2_humble/install/ros2cli:/home/celestino/ros2_humble/install/quality_of_service_demo_py:/home/celestino/ros2_humble/install/lifecycle_py:/home/celestino/ros2_humble/install/launch_testing_ros:/home/celestino/ros2_humble/install/launch_ros:/home/celestino/ros2_humble/install/examples_rclpy_pointcloud_publisher:/home/celestino/ros2_humble/install/examples_rclpy_minimal_subscriber:/home/celestino/ros2_humble/install/examples_rclpy_minimal_service:/home/celestino/ros2_humble/install/examples_rclpy_minimal_publisher:/home/celestino/ros2_humble/install/examples_rclpy_minimal_client:/home/celestino/ros2_humble/install/examples_rclpy_minimal_action_server:/home/celestino/ros2_humble/install/examples_rclpy_minimal_action_client:/home/celestino/ros2_humble/install/examples_rclpy_guard_conditions:/home/celestino/ros2_humble/install/examples_rclpy_executors:/home/celestino/ros2_humble/install/demo_nodes_py:/home/celestino/ros2_humble/install/action_tutorials_py:/home/celestino/ros2_humble/install/ament_uncrustify:/home/celestino/ros2_humble/install/tracetools_trace:/home/celestino/ros2_humble/install/tracetools_read:/home/celestino/ros2_humble/install/test_tracetools_launch:/home/celestino/ros2_humble/install/test_launch_ros:/home/celestino/ros2_humble/install/sensor_msgs_py:/home/celestino/ros2_humble/install/rpyutils:/home/celestino/ros2_humble/install/rosidl_runtime_py:/home/celestino/ros2_humble/install/rosidl_cli:/home/celestino/ros2_humble/install/launch_pytest:/home/celestino/ros2_humble/install/launch_testing:/home/celestino/ros2_humble/install/launch_yaml:/home/celestino/ros2_humble/install/launch_xml:/home/celestino/ros2_humble/install/launch:/home/celestino/ros2_humble/install/osrf_pycommon:/home/celestino/ros2_humble/install/launch_testing_examples:/home/celestino/ros2_humble/install/domain_coordinator:/home/celestino/ros2_humble/install/ament_xmllint:/home/celestino/ros2_humble/install/ament_pyflakes:/home/celestino/ros2_humble/install/ament_pycodestyle:/home/celestino/ros2_humble/install/ament_pep257:/home/celestino/ros2_humble/install/ament_pclint:/home/celestino/ros2_humble/install/ament_package:/home/celestino/ros2_humble/install/ament_mypy:/home/celestino/ros2_humble/install/ament_lint_cmake:/home/celestino/ros2_humble/install/ament_flake8:/home/celestino/ros2_humble/install/ament_copyright:/home/celestino/ros2_humble/install/ament_lint:/home/celestino/ros2_humble/install/ament_index_python:/home/celestino/ros2_humble/install/ament_cpplint:/home/celestino/ros2_humble/install/ament_cppcheck:/home/celestino/ros2_humble/install/ament_clang_tidy:/home/celestino/ros2_humble/install/ament_clang_format /usr/bin/cmake --install /home/celestino/ros2_ws/build/my_robot_interfaces
[5.118s] Level 1:colcon.colcon_core.environment:create_environment_scripts_only(my_robot_interfaces)
[5.123s] DEBUG:colcon.colcon_core.event_handler.log_command:Invoked command in '/home/celestino/ros2_ws/build/my_robot_interfaces' returned '0': CMAKE_PREFIX_PATH=${CMAKE_PREFIX_PATH}:/home/celestino/ros2_ws/install/my_py_pkg:/home/celestino/ros2_humble/install/rqt_bag_plugins:/home/celestino/ros2_humble/install/rqt_bag:/home/celestino/ros2_humble/install/ros2bag:/home/celestino/ros2_humble/install/tracetools_test:/home/celestino/ros2_humble/install/tracetools_launch:/home/celestino/ros2_humble/install/topic_monitor:/home/celestino/ros2_humble/install/tf2_tools:/home/celestino/ros2_humble/install/examples_tf2_py:/home/celestino/ros2_humble/install/tf2_ros_py:/home/celestino/ros2_humble/install/sros2:/home/celestino/ros2_humble/install/rqt_topic:/home/celestino/ros2_humble/install/rqt_srv:/home/celestino/ros2_humble/install/rqt_shell:/home/celestino/ros2_humble/install/rqt_service_caller:/home/celestino/ros2_humble/install/rqt_reconfigure:/home/celestino/ros2_humble/install/rqt_py_console:/home/celestino/ros2_humble/install/rqt_publisher:/home/celestino/ros2_humble/install/rqt_plot:/home/celestino/ros2_humble/install/rqt_action:/home/celestino/ros2_humble/install/rqt_msg:/home/celestino/ros2_humble/install/rqt_console:/home/celestino/ros2_humble/install/rqt:/home/celestino/ros2_humble/install/rqt_graph:/home/celestino/ros2_humble/install/rqt_gui_py:/home/celestino/ros2_humble/install/rqt_gui:/home/celestino/ros2_humble/install/ros2trace:/home/celestino/ros2_humble/install/ros2topic:/home/celestino/ros2_humble/install/ros2test:/home/celestino/ros2_humble/install/ros2component:/home/celestino/ros2_humble/install/ros2param:/home/celestino/ros2_humble/install/ros2lifecycle:/home/celestino/ros2_humble/install/ros2service:/home/celestino/ros2_humble/install/ros2run:/home/celestino/ros2_humble/install/ros2launch:/home/celestino/ros2_humble/install/ros2pkg:/home/celestino/ros2_humble/install/ros2node:/home/celestino/ros2_humble/install/ros2multicast:/home/celestino/ros2_humble/install/ros2interface:/home/celestino/ros2_humble/install/ros2doctor:/home/celestino/ros2_humble/install/ros2action:/home/celestino/ros2_humble/install/ros2cli:/home/celestino/ros2_humble/install/quality_of_service_demo_py:/home/celestino/ros2_humble/install/lifecycle_py:/home/celestino/ros2_humble/install/launch_testing_ros:/home/celestino/ros2_humble/install/launch_ros:/home/celestino/ros2_humble/install/examples_rclpy_pointcloud_publisher:/home/celestino/ros2_humble/install/examples_rclpy_minimal_subscriber:/home/celestino/ros2_humble/install/examples_rclpy_minimal_service:/home/celestino/ros2_humble/install/examples_rclpy_minimal_publisher:/home/celestino/ros2_humble/install/examples_rclpy_minimal_client:/home/celestino/ros2_humble/install/examples_rclpy_minimal_action_server:/home/celestino/ros2_humble/install/examples_rclpy_minimal_action_client:/home/celestino/ros2_humble/install/examples_rclpy_guard_conditions:/home/celestino/ros2_humble/install/examples_rclpy_executors:/home/celestino/ros2_humble/install/demo_nodes_py:/home/celestino/ros2_humble/install/action_tutorials_py:/home/celestino/ros2_humble/install/ament_uncrustify:/home/celestino/ros2_humble/install/tracetools_trace:/home/celestino/ros2_humble/install/tracetools_read:/home/celestino/ros2_humble/install/test_tracetools_launch:/home/celestino/ros2_humble/install/test_launch_ros:/home/celestino/ros2_humble/install/sensor_msgs_py:/home/celestino/ros2_humble/install/rpyutils:/home/celestino/ros2_humble/install/rosidl_runtime_py:/home/celestino/ros2_humble/install/rosidl_cli:/home/celestino/ros2_humble/install/launch_pytest:/home/celestino/ros2_humble/install/launch_testing:/home/celestino/ros2_humble/install/launch_yaml:/home/celestino/ros2_humble/install/launch_xml:/home/celestino/ros2_humble/install/launch:/home/celestino/ros2_humble/install/osrf_pycommon:/home/celestino/ros2_humble/install/launch_testing_examples:/home/celestino/ros2_humble/install/domain_coordinator:/home/celestino/ros2_humble/install/ament_xmllint:/home/celestino/ros2_humble/install/ament_pyflakes:/home/celestino/ros2_humble/install/ament_pycodestyle:/home/celestino/ros2_humble/install/ament_pep257:/home/celestino/ros2_humble/install/ament_pclint:/home/celestino/ros2_humble/install/ament_package:/home/celestino/ros2_humble/install/ament_mypy:/home/celestino/ros2_humble/install/ament_lint_cmake:/home/celestino/ros2_humble/install/ament_flake8:/home/celestino/ros2_humble/install/ament_copyright:/home/celestino/ros2_humble/install/ament_lint:/home/celestino/ros2_humble/install/ament_index_python:/home/celestino/ros2_humble/install/ament_cpplint:/home/celestino/ros2_humble/install/ament_cppcheck:/home/celestino/ros2_humble/install/ament_clang_tidy:/home/celestino/ros2_humble/install/ament_clang_format /usr/bin/cmake --install /home/celestino/ros2_ws/build/my_robot_interfaces
[5.143s] Level 1:colcon.colcon_core.environment:checking '/home/celestino/ros2_ws/install/my_robot_interfaces' for CMake module files
[5.144s] Level 1:colcon.colcon_core.environment:checking '/home/celestino/ros2_ws/install/my_robot_interfaces' for CMake config files
[5.146s] Level 1:colcon.colcon_core.shell:create_environment_hook('my_robot_interfaces', 'cmake_prefix_path')
[5.147s] INFO:colcon.colcon_core.shell:Creating environment hook '/home/celestino/ros2_ws/install/my_robot_interfaces/share/my_robot_interfaces/hook/cmake_prefix_path.ps1'
[5.149s] INFO:colcon.colcon_core.shell:Creating environment descriptor '/home/celestino/ros2_ws/install/my_robot_interfaces/share/my_robot_interfaces/hook/cmake_prefix_path.dsv'
[5.150s] INFO:colcon.colcon_core.shell:Creating environment hook '/home/celestino/ros2_ws/install/my_robot_interfaces/share/my_robot_interfaces/hook/cmake_prefix_path.sh'
[5.154s] Level 1:colcon.colcon_core.environment:checking '/home/celestino/ros2_ws/install/my_robot_interfaces/lib'
[5.155s] Level 1:colcon.colcon_core.shell:create_environment_hook('my_robot_interfaces', 'ld_library_path_lib')
[5.155s] INFO:colcon.colcon_core.shell:Creating environment hook '/home/celestino/ros2_ws/install/my_robot_interfaces/share/my_robot_interfaces/hook/ld_library_path_lib.ps1'
[5.156s] INFO:colcon.colcon_core.shell:Creating environment descriptor '/home/celestino/ros2_ws/install/my_robot_interfaces/share/my_robot_interfaces/hook/ld_library_path_lib.dsv'
[5.157s] INFO:colcon.colcon_core.shell:Creating environment hook '/home/celestino/ros2_ws/install/my_robot_interfaces/share/my_robot_interfaces/hook/ld_library_path_lib.sh'
[5.158s] Level 1:colcon.colcon_core.environment:checking '/home/celestino/ros2_ws/install/my_robot_interfaces/bin'
[5.158s] Level 1:colcon.colcon_core.environment:checking '/home/celestino/ros2_ws/install/my_robot_interfaces/lib/pkgconfig/my_robot_interfaces.pc'
[5.170s] Level 1:colcon.colcon_core.environment:checking '/home/celestino/ros2_ws/install/my_robot_interfaces/lib/python3.10/site-packages'
[5.171s] Level 1:colcon.colcon_core.environment:checking '/home/celestino/ros2_ws/install/my_robot_interfaces/bin'
[5.172s] INFO:colcon.colcon_core.shell:Creating package script '/home/celestino/ros2_ws/install/my_robot_interfaces/share/my_robot_interfaces/package.ps1'
[5.174s] INFO:colcon.colcon_core.shell:Creating package descriptor '/home/celestino/ros2_ws/install/my_robot_interfaces/share/my_robot_interfaces/package.dsv'
[5.176s] INFO:colcon.colcon_core.shell:Creating package script '/home/celestino/ros2_ws/install/my_robot_interfaces/share/my_robot_interfaces/package.sh'
[5.177s] INFO:colcon.colcon_core.shell:Creating package script '/home/celestino/ros2_ws/install/my_robot_interfaces/share/my_robot_interfaces/package.bash'
[5.180s] INFO:colcon.colcon_core.shell:Creating package script '/home/celestino/ros2_ws/install/my_robot_interfaces/share/my_robot_interfaces/package.zsh'
[5.181s] Level 1:colcon.colcon_core.environment:create_file_with_runtime_dependencies(/home/celestino/ros2_ws/install/my_robot_interfaces/share/colcon-core/packages/my_robot_interfaces)
[5.650s] Level 1:colcon.colcon_core.environment:create_environment_scripts_only(my_robot_interfaces)
[5.651s] Level 1:colcon.colcon_core.environment:checking '/home/celestino/ros2_ws/install/my_robot_interfaces' for CMake module files
[5.652s] Level 1:colcon.colcon_core.environment:checking '/home/celestino/ros2_ws/install/my_robot_interfaces' for CMake config files
[5.654s] Level 1:colcon.colcon_core.shell:create_environment_hook('my_robot_interfaces', 'cmake_prefix_path')
[5.655s] INFO:colcon.colcon_core.shell:Creating environment hook '/home/celestino/ros2_ws/install/my_robot_interfaces/share/my_robot_interfaces/hook/cmake_prefix_path.ps1'
[5.656s] INFO:colcon.colcon_core.shell:Creating environment descriptor '/home/celestino/ros2_ws/install/my_robot_interfaces/share/my_robot_interfaces/hook/cmake_prefix_path.dsv'
[5.657s] INFO:colcon.colcon_core.shell:Creating environment hook '/home/celestino/ros2_ws/install/my_robot_interfaces/share/my_robot_interfaces/hook/cmake_prefix_path.sh'
[5.659s] Level 1:colcon.colcon_core.environment:checking '/home/celestino/ros2_ws/install/my_robot_interfaces/lib'
[5.660s] Level 1:colcon.colcon_core.shell:create_environment_hook('my_robot_interfaces', 'ld_library_path_lib')
[5.660s] INFO:colcon.colcon_core.shell:Creating environment hook '/home/celestino/ros2_ws/install/my_robot_interfaces/share/my_robot_interfaces/hook/ld_library_path_lib.ps1'
[5.662s] INFO:colcon.colcon_core.shell:Creating environment descriptor '/home/celestino/ros2_ws/install/my_robot_interfaces/share/my_robot_interfaces/hook/ld_library_path_lib.dsv'
[5.664s] INFO:colcon.colcon_core.shell:Creating environment hook '/home/celestino/ros2_ws/install/my_robot_interfaces/share/my_robot_interfaces/hook/ld_library_path_lib.sh'
[5.665s] Level 1:colcon.colcon_core.environment:checking '/home/celestino/ros2_ws/install/my_robot_interfaces/bin'
[5.666s] Level 1:colcon.colcon_core.environment:checking '/home/celestino/ros2_ws/install/my_robot_interfaces/lib/pkgconfig/my_robot_interfaces.pc'
[5.666s] Level 1:colcon.colcon_core.environment:checking '/home/celestino/ros2_ws/install/my_robot_interfaces/lib/python3.10/site-packages'
[5.667s] Level 1:colcon.colcon_core.environment:checking '/home/celestino/ros2_ws/install/my_robot_interfaces/bin'
[5.668s] INFO:colcon.colcon_core.shell:Creating package script '/home/celestino/ros2_ws/install/my_robot_interfaces/share/my_robot_interfaces/package.ps1'
[5.669s] INFO:colcon.colcon_core.shell:Creating package descriptor '/home/celestino/ros2_ws/install/my_robot_interfaces/share/my_robot_interfaces/package.dsv'
[5.670s] INFO:colcon.colcon_core.shell:Creating package script '/home/celestino/ros2_ws/install/my_robot_interfaces/share/my_robot_interfaces/package.sh'
[5.671s] INFO:colcon.colcon_core.shell:Creating package script '/home/celestino/ros2_ws/install/my_robot_interfaces/share/my_robot_interfaces/package.bash'
[5.672s] INFO:colcon.colcon_core.shell:Creating package script '/home/celestino/ros2_ws/install/my_robot_interfaces/share/my_robot_interfaces/package.zsh'
[5.673s] Level 1:colcon.colcon_core.environment:create_file_with_runtime_dependencies(/home/celestino/ros2_ws/install/my_robot_interfaces/share/colcon-core/packages/my_robot_interfaces)
[5.675s] INFO:colcon.colcon_ros.task.ament_python.build:Building ROS package in '/home/celestino/ros2_ws/src/my_py_pkg' with build type 'ament_python'
[5.676s] Level 1:colcon.colcon_core.shell:create_environment_hook('my_py_pkg', 'ament_prefix_path')
[5.677s] INFO:colcon.colcon_core.shell:Creating environment hook '/home/celestino/ros2_ws/install/my_py_pkg/share/my_py_pkg/hook/ament_prefix_path.ps1'
[5.678s] INFO:colcon.colcon_core.shell:Creating environment descriptor '/home/celestino/ros2_ws/install/my_py_pkg/share/my_py_pkg/hook/ament_prefix_path.dsv'
[5.679s] INFO:colcon.colcon_core.shell:Creating environment hook '/home/celestino/ros2_ws/install/my_py_pkg/share/my_py_pkg/hook/ament_prefix_path.sh'
[5.681s] INFO:colcon.colcon_core.shell:Skip shell extension 'powershell' for command environment: Not usable outside of PowerShell
[5.681s] DEBUG:colcon.colcon_core.shell:Skip shell extension 'dsv' for command environment
[7.242s] INFO:colcon.colcon_core.task.python.build:Building Python package in '/home/celestino/ros2_ws/src/my_py_pkg'
[7.243s] INFO:colcon.colcon_core.shell:Skip shell extension 'powershell' for command environment: Not usable outside of PowerShell
[7.243s] DEBUG:colcon.colcon_core.shell:Skip shell extension 'dsv' for command environment
[9.367s] DEBUG:colcon.colcon_core.event_handler.log_command:Invoking command in '/home/celestino/ros2_ws/src/my_py_pkg': PYTHONPATH=/home/celestino/ros2_ws/build/my_py_pkg/prefix_override:/home/celestino/ros2_ws/install/my_py_pkg/lib/python3.10/site-packages:${PYTHONPATH} /usr/bin/python3 -W ignore:setup.py install is deprecated setup.py egg_info --egg-base ../../build/my_py_pkg build --build-base /home/celestino/ros2_ws/build/my_py_pkg/build install --record /home/celestino/ros2_ws/build/my_py_pkg/install.log --single-version-externally-managed install_data
[11.200s] Level 1:colcon.colcon_core.environment:checking '/home/celestino/ros2_ws/install/my_py_pkg' for CMake module files
[11.202s] Level 1:colcon.colcon_core.environment:checking '/home/celestino/ros2_ws/install/my_py_pkg' for CMake config files
[11.204s] DEBUG:colcon.colcon_core.event_handler.log_command:Invoked command in '/home/celestino/ros2_ws/src/my_py_pkg' returned '0': PYTHONPATH=/home/celestino/ros2_ws/build/my_py_pkg/prefix_override:/home/celestino/ros2_ws/install/my_py_pkg/lib/python3.10/site-packages:${PYTHONPATH} /usr/bin/python3 -W ignore:setup.py install is deprecated setup.py egg_info --egg-base ../../build/my_py_pkg build --build-base /home/celestino/ros2_ws/build/my_py_pkg/build install --record /home/celestino/ros2_ws/build/my_py_pkg/install.log --single-version-externally-managed install_data
[11.205s] Level 1:colcon.colcon_core.environment:checking '/home/celestino/ros2_ws/install/my_py_pkg/lib'
[11.205s] Level 1:colcon.colcon_core.environment:checking '/home/celestino/ros2_ws/install/my_py_pkg/bin'
[11.206s] Level 1:colcon.colcon_core.environment:checking '/home/celestino/ros2_ws/install/my_py_pkg/lib/pkgconfig/my_py_pkg.pc'
[11.206s] Level 1:colcon.colcon_core.environment:checking '/home/celestino/ros2_ws/install/my_py_pkg/lib/python3.10/site-packages'
[11.207s] Level 1:colcon.colcon_core.shell:create_environment_hook('my_py_pkg', 'pythonpath')
[11.207s] INFO:colcon.colcon_core.shell:Creating environment hook '/home/celestino/ros2_ws/install/my_py_pkg/share/my_py_pkg/hook/pythonpath.ps1'
[11.209s] INFO:colcon.colcon_core.shell:Creating environment descriptor '/home/celestino/ros2_ws/install/my_py_pkg/share/my_py_pkg/hook/pythonpath.dsv'
[11.210s] INFO:colcon.colcon_core.shell:Creating environment hook '/home/celestino/ros2_ws/install/my_py_pkg/share/my_py_pkg/hook/pythonpath.sh'
[11.211s] Level 1:colcon.colcon_core.environment:checking '/home/celestino/ros2_ws/install/my_py_pkg/bin'
[11.211s] Level 1:colcon.colcon_core.environment:create_environment_scripts_only(my_py_pkg)
[11.212s] INFO:colcon.colcon_core.shell:Creating package script '/home/celestino/ros2_ws/install/my_py_pkg/share/my_py_pkg/package.ps1'
[11.214s] INFO:colcon.colcon_core.shell:Creating package descriptor '/home/celestino/ros2_ws/install/my_py_pkg/share/my_py_pkg/package.dsv'
[11.215s] INFO:colcon.colcon_core.shell:Creating package script '/home/celestino/ros2_ws/install/my_py_pkg/share/my_py_pkg/package.sh'
[11.216s] INFO:colcon.colcon_core.shell:Creating package script '/home/celestino/ros2_ws/install/my_py_pkg/share/my_py_pkg/package.bash'
[11.217s] INFO:colcon.colcon_core.shell:Creating package script '/home/celestino/ros2_ws/install/my_py_pkg/share/my_py_pkg/package.zsh'
[11.218s] Level 1:colcon.colcon_core.environment:create_file_with_runtime_dependencies(/home/celestino/ros2_ws/install/my_py_pkg/share/colcon-core/packages/my_py_pkg)
[11.219s] DEBUG:colcon.colcon_parallel_executor.executor.parallel:closing loop
[11.221s] DEBUG:colcon.colcon_parallel_executor.executor.parallel:loop closed
[11.222s] DEBUG:colcon.colcon_parallel_executor.executor.parallel:run_until_complete finished with '0'
[11.222s] DEBUG:colcon.colcon_core.event_reactor:joining thread
[11.318s] INFO:colcon.colcon_core.plugin_system:Skipping extension 'colcon_notification.desktop_notification.terminal_notifier': Not used on non-Darwin systems
[11.318s] INFO:colcon.colcon_core.plugin_system:Skipping extension 'colcon_notification.desktop_notification.win32': Not used on non-Windows systems
[11.319s] INFO:colcon.colcon_notification.desktop_notification:Sending desktop notification using 'notify2'
[11.349s] DEBUG:colcon.colcon_core.event_reactor:joined thread
[11.350s] INFO:colcon.colcon_core.shell:Creating prefix script '/home/celestino/ros2_ws/install/local_setup.ps1'
[11.352s] INFO:colcon.colcon_core.shell:Creating prefix util module '/home/celestino/ros2_ws/install/_local_setup_util_ps1.py'
[11.357s] INFO:colcon.colcon_core.shell:Creating prefix chain script '/home/celestino/ros2_ws/install/setup.ps1'
[11.401s] INFO:colcon.colcon_core.shell:Creating prefix script '/home/celestino/ros2_ws/install/local_setup.sh'
[11.403s] INFO:colcon.colcon_core.shell:Creating prefix util module '/home/celestino/ros2_ws/install/_local_setup_util_sh.py'
[11.404s] INFO:colcon.colcon_core.shell:Creating prefix chain script '/home/celestino/ros2_ws/install/setup.sh'
[11.442s] INFO:colcon.colcon_core.shell:Creating prefix script '/home/celestino/ros2_ws/install/local_setup.bash'
[11.444s] INFO:colcon.colcon_core.shell:Creating prefix chain script '/home/celestino/ros2_ws/install/setup.bash'
[11.484s] INFO:colcon.colcon_core.shell:Creating prefix script '/home/celestino/ros2_ws/install/local_setup.zsh'
[11.486s] INFO:colcon.colcon_core.shell:Creating prefix chain script '/home/celestino/ros2_ws/install/setup.zsh'
